#! /c/Source/iverilog-install/bin/vvp
:ivl_version "12.0 (devel)" "(s20150603-1539-g2693dd32b)";
:ivl_delay_selection "TYPICAL";
:vpi_time_precision + 0;
:vpi_module "C:\iverilog\lib\ivl\system.vpi";
:vpi_module "C:\iverilog\lib\ivl\vhdl_sys.vpi";
:vpi_module "C:\iverilog\lib\ivl\vhdl_textio.vpi";
:vpi_module "C:\iverilog\lib\ivl\v2005_math.vpi";
:vpi_module "C:\iverilog\lib\ivl\va_math.vpi";
S_000001f1a60f5670 .scope module, "block_non_block_tb" "block_non_block_tb" 2 1;
 .timescale 0 0;
v000001f1a613f490_0 .var "t_a", 0 0;
v000001f1a60f3fe0_0 .var "t_b", 0 0;
v000001f1a60f3a40_0 .var "t_c", 0 0;
v000001f1a60f3ae0_0 .var "t_d", 0 0;
v000001f1a60f3b80_0 .var "t_e", 0 0;
v000001f1a60f3c20_0 .var "t_f", 0 0;
v000001f1a60f3cc0_0 .net "t_g", 0 0, L_000001f1a613f5a0;  1 drivers
S_000001f1a60f5800 .scope module, "mygate" "block_non_block" 2 4, 3 1 0, S_000001f1a60f5670;
 .timescale 0 0;
    .port_info 0 /INPUT 1 "a";
    .port_info 1 /INPUT 1 "b";
    .port_info 2 /INPUT 1 "c";
    .port_info 3 /INPUT 1 "d";
    .port_info 4 /INPUT 1 "e";
    .port_info 5 /INPUT 1 "f";
    .port_info 6 /OUTPUT 1 "g";
L_000001f1a60e6ca0 .functor OR 1, v000001f1a613f490_0, v000001f1a60f3fe0_0, C4<0>, C4<0>;
L_000001f1a60f45a0 .functor OR 1, L_000001f1a60e6ca0, v000001f1a60f3a40_0, C4<0>, C4<0>;
L_000001f1a60f4610 .functor OR 1, L_000001f1a60f45a0, v000001f1a60f3ae0_0, C4<0>, C4<0>;
L_000001f1a613f530 .functor OR 1, L_000001f1a60f4610, v000001f1a60f3b80_0, C4<0>, C4<0>;
L_000001f1a613f5a0 .functor OR 1, L_000001f1a613f530, v000001f1a60f3c20_0, C4<0>, C4<0>;
v000001f1a60e6c00_0 .net *"_ivl_0", 0 0, L_000001f1a60e6ca0;  1 drivers
v000001f1a60367c0_0 .net *"_ivl_2", 0 0, L_000001f1a60f45a0;  1 drivers
v000001f1a60f5990_0 .net *"_ivl_4", 0 0, L_000001f1a60f4610;  1 drivers
v000001f1a60f5a30_0 .net *"_ivl_6", 0 0, L_000001f1a613f530;  1 drivers
v000001f1a613f030_0 .net "a", 0 0, v000001f1a613f490_0;  1 drivers
v000001f1a613f0d0_0 .net "b", 0 0, v000001f1a60f3fe0_0;  1 drivers
v000001f1a613f170_0 .net "c", 0 0, v000001f1a60f3a40_0;  1 drivers
v000001f1a613f210_0 .net "d", 0 0, v000001f1a60f3ae0_0;  1 drivers
v000001f1a613f2b0_0 .net "e", 0 0, v000001f1a60f3b80_0;  1 drivers
v000001f1a613f350_0 .net "f", 0 0, v000001f1a60f3c20_0;  1 drivers
v000001f1a613f3f0_0 .net "g", 0 0, L_000001f1a613f5a0;  alias, 1 drivers
    .scope S_000001f1a60f5670;
T_0 ;
    %vpi_call 2 6 "$monitor", v000001f1a613f490_0, v000001f1a60f3fe0_0, v000001f1a60f3a40_0, v000001f1a60f3ae0_0, v000001f1a60f3b80_0, v000001f1a60f3c20_0, v000001f1a60f3cc0_0 {0 0 0};
    %pushi/vec4 0, 0, 1;
    %store/vec4 v000001f1a613f490_0, 0, 1;
    %pushi/vec4 0, 0, 1;
    %store/vec4 v000001f1a60f3fe0_0, 0, 1;
    %pushi/vec4 0, 0, 1;
    %store/vec4 v000001f1a60f3a40_0, 0, 1;
    %pushi/vec4 0, 0, 1;
    %store/vec4 v000001f1a60f3ae0_0, 0, 1;
    %pushi/vec4 0, 0, 1;
    %store/vec4 v000001f1a60f3b80_0, 0, 1;
    %pushi/vec4 0, 0, 1;
    %store/vec4 v000001f1a60f3c20_0, 0, 1;
    %delay 5, 0;
    %pushi/vec4 0, 0, 1;
    %store/vec4 v000001f1a613f490_0, 0, 1;
    %pushi/vec4 1, 0, 1;
    %store/vec4 v000001f1a60f3fe0_0, 0, 1;
    %pushi/vec4 0, 0, 1;
    %store/vec4 v000001f1a60f3a40_0, 0, 1;
    %pushi/vec4 0, 0, 1;
    %store/vec4 v000001f1a60f3ae0_0, 0, 1;
    %pushi/vec4 0, 0, 1;
    %store/vec4 v000001f1a60f3b80_0, 0, 1;
    %pushi/vec4 0, 0, 1;
    %store/vec4 v000001f1a60f3c20_0, 0, 1;
    %delay 5, 0;
    %pushi/vec4 0, 0, 1;
    %store/vec4 v000001f1a613f490_0, 0, 1;
    %pushi/vec4 0, 0, 1;
    %store/vec4 v000001f1a60f3fe0_0, 0, 1;
    %pushi/vec4 1, 0, 1;
    %store/vec4 v000001f1a60f3a40_0, 0, 1;
    %pushi/vec4 0, 0, 1;
    %store/vec4 v000001f1a60f3ae0_0, 0, 1;
    %pushi/vec4 0, 0, 1;
    %store/vec4 v000001f1a60f3b80_0, 0, 1;
    %pushi/vec4 0, 0, 1;
    %store/vec4 v000001f1a60f3c20_0, 0, 1;
    %delay 5, 0;
    %pushi/vec4 0, 0, 1;
    %store/vec4 v000001f1a613f490_0, 0, 1;
    %pushi/vec4 0, 0, 1;
    %store/vec4 v000001f1a60f3fe0_0, 0, 1;
    %pushi/vec4 0, 0, 1;
    %store/vec4 v000001f1a60f3a40_0, 0, 1;
    %pushi/vec4 1, 0, 1;
    %store/vec4 v000001f1a60f3ae0_0, 0, 1;
    %pushi/vec4 0, 0, 1;
    %store/vec4 v000001f1a60f3b80_0, 0, 1;
    %pushi/vec4 0, 0, 1;
    %store/vec4 v000001f1a60f3c20_0, 0, 1;
    %delay 5, 0;
    %pushi/vec4 0, 0, 1;
    %store/vec4 v000001f1a613f490_0, 0, 1;
    %pushi/vec4 0, 0, 1;
    %store/vec4 v000001f1a60f3fe0_0, 0, 1;
    %pushi/vec4 0, 0, 1;
    %store/vec4 v000001f1a60f3a40_0, 0, 1;
    %pushi/vec4 0, 0, 1;
    %store/vec4 v000001f1a60f3ae0_0, 0, 1;
    %pushi/vec4 0, 0, 1;
    %store/vec4 v000001f1a60f3b80_0, 0, 1;
    %pushi/vec4 1, 0, 1;
    %store/vec4 v000001f1a60f3c20_0, 0, 1;
    %delay 5, 0;
    %end;
    .thread T_0;
# The file index is used to find the file name in the following table.
:file_names 4;
    "N/A";
    "<interactive>";
    "block_non_block_tb.v";
    "block_non_block.v";
