#! /c/Source/iverilog-install/bin/vvp
:ivl_version "12.0 (devel)" "(s20150603-1539-g2693dd32b)";
:ivl_delay_selection "TYPICAL";
:vpi_time_precision + 0;
:vpi_module "C:\iverilog\lib\ivl\system.vpi";
:vpi_module "C:\iverilog\lib\ivl\vhdl_sys.vpi";
:vpi_module "C:\iverilog\lib\ivl\vhdl_textio.vpi";
:vpi_module "C:\iverilog\lib\ivl\v2005_math.vpi";
:vpi_module "C:\iverilog\lib\ivl\va_math.vpi";
S_00000236289a6c80 .scope module, "main" "main" 2 1;
 .timescale 0 0;
v00000236289a6e10_0 .var/i "i", 31 0;
    .scope S_00000236289a6c80;
T_0 ;
    %vpi_call 2 4 "$display", "The program is working" {0 0 0};
    %end;
    .thread T_0;
    .scope S_00000236289a6c80;
T_1 ;
    %pushi/vec4 0, 0, 32;
    %store/vec4 v00000236289a6e10_0, 0, 32;
T_1.0 ;
    %load/vec4 v00000236289a6e10_0;
    %cmpi/s 10, 0, 32;
    %jmp/0xz T_1.1, 5;
    %vpi_call 2 10 "$display", "%0d", v00000236289a6e10_0 {0 0 0};
    %load/vec4 v00000236289a6e10_0;
    %addi 1, 0, 32;
    %store/vec4 v00000236289a6e10_0, 0, 32;
    %jmp T_1.0;
T_1.1 ;
    %end;
    .thread T_1;
# The file index is used to find the file name in the following table.
:file_names 3;
    "N/A";
    "<interactive>";
    "first.v";
