#! /c/Source/iverilog-install/bin/vvp
:ivl_version "12.0 (devel)" "(s20150603-1539-g2693dd32b)";
:ivl_delay_selection "TYPICAL";
:vpi_time_precision + 0;
:vpi_module "C:\iverilog\lib\ivl\system.vpi";
:vpi_module "C:\iverilog\lib\ivl\vhdl_sys.vpi";
:vpi_module "C:\iverilog\lib\ivl\vhdl_textio.vpi";
:vpi_module "C:\iverilog\lib\ivl\v2005_math.vpi";
:vpi_module "C:\iverilog\lib\ivl\va_math.vpi";
S_000002f48d2dd3e0 .scope module, "asyncCounter" "asyncCounter" 2 2;
 .timescale 0 0;
    .port_info 0 /INPUT 1 "clk";
    .port_info 1 /INPUT 1 "rst";
    .port_info 2 /OUTPUT 4 "cout";
P_000002f48d3278e0 .param/l "SIZE" 0 2 3, +C4<00000000000000000000000000000100>;
L_000002f48d37c878 .functor BUFT 1, C4<0>, C4<0>, C4<0>, C4<0>;
v000002f48d37a840_0 .net "cin", 0 0, L_000002f48d37c878;  1 drivers
o000002f48d328fd8 .functor BUFZ 1, C4<z>; HiZ drive
v000002f48d37b240_0 .net "clk", 0 0, o000002f48d328fd8;  0 drivers
v000002f48d37afc0_0 .net "cout", 3 0, L_000002f48d37aca0;  1 drivers
o000002f48d329068 .functor BUFZ 1, C4<z>; HiZ drive
v000002f48d37b100_0 .net "rst", 0 0, o000002f48d329068;  0 drivers
L_000002f48d37a480 .part L_000002f48d37aca0, 0, 1;
L_000002f48d37af20 .part L_000002f48d37aca0, 1, 1;
L_000002f48d37aca0 .concat8 [ 1 1 1 1], v000002f48d31c830_0, v000002f48d31b9d0_0, v000002f48d31c3d0_0, v000002f48d3799e0_0;
L_000002f48d37b4c0 .part L_000002f48d37aca0, 2, 1;
S_000002f48d2dd570 .scope module, "uut1" "TFF" 2 7, 3 3 0, S_000002f48d2dd3e0;
 .timescale 0 0;
    .port_info 0 /OUTPUT 1 "q";
    .port_info 1 /INPUT 1 "clk";
    .port_info 2 /INPUT 1 "rst";
L_000002f48d2f2f30 .functor NOT 1, v000002f48d31c830_0, C4<0>, C4<0>, C4<0>;
v000002f48d31ba70_0 .net "clk", 0 0, o000002f48d328fd8;  alias, 0 drivers
v000002f48d31bf70_0 .net "d", 0 0, L_000002f48d2f2f30;  1 drivers
v000002f48d31c470_0 .net "q", 0 0, v000002f48d31c830_0;  1 drivers
v000002f48d31c510_0 .net "rst", 0 0, o000002f48d329068;  alias, 0 drivers
S_000002f48d3269a0 .scope module, "uut" "DFF" 3 7, 4 1 0, S_000002f48d2dd570;
 .timescale 0 0;
    .port_info 0 /OUTPUT 1 "q";
    .port_info 1 /INPUT 1 "d";
    .port_info 2 /INPUT 1 "clk";
    .port_info 3 /INPUT 1 "rst";
v000002f48d31c5b0_0 .net "clk", 0 0, o000002f48d328fd8;  alias, 0 drivers
v000002f48d31bcf0_0 .net "d", 0 0, L_000002f48d2f2f30;  alias, 1 drivers
v000002f48d31c830_0 .var "q", 0 0;
v000002f48d31c330_0 .net "rst", 0 0, o000002f48d329068;  alias, 0 drivers
E_000002f48d327e60/0 .event negedge, v000002f48d31c5b0_0;
E_000002f48d327e60/1 .event posedge, v000002f48d31c330_0;
E_000002f48d327e60 .event/or E_000002f48d327e60/0, E_000002f48d327e60/1;
S_000002f48d326b30 .scope module, "uut2" "TFF" 2 8, 3 3 0, S_000002f48d2dd3e0;
 .timescale 0 0;
    .port_info 0 /OUTPUT 1 "q";
    .port_info 1 /INPUT 1 "clk";
    .port_info 2 /INPUT 1 "rst";
L_000002f48d2f2dd0 .functor NOT 1, v000002f48d31b9d0_0, C4<0>, C4<0>, C4<0>;
v000002f48d31c0b0_0 .net "clk", 0 0, L_000002f48d37a480;  1 drivers
v000002f48d31bb10_0 .net "d", 0 0, L_000002f48d2f2dd0;  1 drivers
v000002f48d31bd90_0 .net "q", 0 0, v000002f48d31b9d0_0;  1 drivers
v000002f48d31c150_0 .net "rst", 0 0, o000002f48d329068;  alias, 0 drivers
S_000002f48d3242c0 .scope module, "uut" "DFF" 3 7, 4 1 0, S_000002f48d326b30;
 .timescale 0 0;
    .port_info 0 /OUTPUT 1 "q";
    .port_info 1 /INPUT 1 "d";
    .port_info 2 /INPUT 1 "clk";
    .port_info 3 /INPUT 1 "rst";
v000002f48d31b930_0 .net "clk", 0 0, L_000002f48d37a480;  alias, 1 drivers
v000002f48d31c010_0 .net "d", 0 0, L_000002f48d2f2dd0;  alias, 1 drivers
v000002f48d31b9d0_0 .var "q", 0 0;
v000002f48d31bc50_0 .net "rst", 0 0, o000002f48d329068;  alias, 0 drivers
E_000002f48d327ae0/0 .event negedge, v000002f48d31b930_0;
E_000002f48d327ae0/1 .event posedge, v000002f48d31c330_0;
E_000002f48d327ae0 .event/or E_000002f48d327ae0/0, E_000002f48d327ae0/1;
S_000002f48d324450 .scope module, "uut3" "TFF" 2 9, 3 3 0, S_000002f48d2dd3e0;
 .timescale 0 0;
    .port_info 0 /OUTPUT 1 "q";
    .port_info 1 /INPUT 1 "clk";
    .port_info 2 /INPUT 1 "rst";
L_000002f48d2f2950 .functor NOT 1, v000002f48d31c3d0_0, C4<0>, C4<0>, C4<0>;
v000002f48d31bbb0_0 .net "clk", 0 0, L_000002f48d37af20;  1 drivers
v000002f48d31c6f0_0 .net "d", 0 0, L_000002f48d2f2950;  1 drivers
v000002f48d31c790_0 .net "q", 0 0, v000002f48d31c3d0_0;  1 drivers
v000002f48d37ad40_0 .net "rst", 0 0, o000002f48d329068;  alias, 0 drivers
S_000002f48d3245e0 .scope module, "uut" "DFF" 3 7, 4 1 0, S_000002f48d324450;
 .timescale 0 0;
    .port_info 0 /OUTPUT 1 "q";
    .port_info 1 /INPUT 1 "d";
    .port_info 2 /INPUT 1 "clk";
    .port_info 3 /INPUT 1 "rst";
v000002f48d31be30_0 .net "clk", 0 0, L_000002f48d37af20;  alias, 1 drivers
v000002f48d31bed0_0 .net "d", 0 0, L_000002f48d2f2950;  alias, 1 drivers
v000002f48d31c3d0_0 .var "q", 0 0;
v000002f48d31c650_0 .net "rst", 0 0, o000002f48d329068;  alias, 0 drivers
E_000002f48d3270a0/0 .event negedge, v000002f48d31be30_0;
E_000002f48d3270a0/1 .event posedge, v000002f48d31c330_0;
E_000002f48d3270a0 .event/or E_000002f48d3270a0/0, E_000002f48d3270a0/1;
S_000002f48d324770 .scope module, "uut4" "TFF" 2 10, 3 3 0, S_000002f48d2dd3e0;
 .timescale 0 0;
    .port_info 0 /OUTPUT 1 "q";
    .port_info 1 /INPUT 1 "clk";
    .port_info 2 /INPUT 1 "rst";
L_000002f48d31b540 .functor NOT 1, v000002f48d3799e0_0, C4<0>, C4<0>, C4<0>;
v000002f48d37ac00_0 .net "clk", 0 0, L_000002f48d37b4c0;  1 drivers
v000002f48d37b6a0_0 .net "d", 0 0, L_000002f48d31b540;  1 drivers
v000002f48d37a660_0 .net "q", 0 0, v000002f48d3799e0_0;  1 drivers
v000002f48d37a2a0_0 .net "rst", 0 0, o000002f48d329068;  alias, 0 drivers
S_000002f48d324900 .scope module, "uut" "DFF" 3 7, 4 1 0, S_000002f48d324770;
 .timescale 0 0;
    .port_info 0 /OUTPUT 1 "q";
    .port_info 1 /INPUT 1 "d";
    .port_info 2 /INPUT 1 "clk";
    .port_info 3 /INPUT 1 "rst";
v000002f48d37a3e0_0 .net "clk", 0 0, L_000002f48d37b4c0;  alias, 1 drivers
v000002f48d37b420_0 .net "d", 0 0, L_000002f48d31b540;  alias, 1 drivers
v000002f48d3799e0_0 .var "q", 0 0;
v000002f48d37ade0_0 .net "rst", 0 0, o000002f48d329068;  alias, 0 drivers
E_000002f48d3272a0/0 .event negedge, v000002f48d37a3e0_0;
E_000002f48d3272a0/1 .event posedge, v000002f48d31c330_0;
E_000002f48d3272a0 .event/or E_000002f48d3272a0/0, E_000002f48d3272a0/1;
    .scope S_000002f48d3269a0;
T_0 ;
    %wait E_000002f48d327e60;
    %load/vec4 v000002f48d31c330_0;
    %cmpi/e 1, 0, 1;
    %jmp/0xz  T_0.0, 4;
    %pushi/vec4 0, 0, 1;
    %assign/vec4 v000002f48d31c830_0, 0;
    %jmp T_0.1;
T_0.0 ;
    %load/vec4 v000002f48d31bcf0_0;
    %assign/vec4 v000002f48d31c830_0, 0;
T_0.1 ;
    %jmp T_0;
    .thread T_0;
    .scope S_000002f48d3242c0;
T_1 ;
    %wait E_000002f48d327ae0;
    %load/vec4 v000002f48d31bc50_0;
    %cmpi/e 1, 0, 1;
    %jmp/0xz  T_1.0, 4;
    %pushi/vec4 0, 0, 1;
    %assign/vec4 v000002f48d31b9d0_0, 0;
    %jmp T_1.1;
T_1.0 ;
    %load/vec4 v000002f48d31c010_0;
    %assign/vec4 v000002f48d31b9d0_0, 0;
T_1.1 ;
    %jmp T_1;
    .thread T_1;
    .scope S_000002f48d3245e0;
T_2 ;
    %wait E_000002f48d3270a0;
    %load/vec4 v000002f48d31c650_0;
    %cmpi/e 1, 0, 1;
    %jmp/0xz  T_2.0, 4;
    %pushi/vec4 0, 0, 1;
    %assign/vec4 v000002f48d31c3d0_0, 0;
    %jmp T_2.1;
T_2.0 ;
    %load/vec4 v000002f48d31bed0_0;
    %assign/vec4 v000002f48d31c3d0_0, 0;
T_2.1 ;
    %jmp T_2;
    .thread T_2;
    .scope S_000002f48d324900;
T_3 ;
    %wait E_000002f48d3272a0;
    %load/vec4 v000002f48d37ade0_0;
    %cmpi/e 1, 0, 1;
    %jmp/0xz  T_3.0, 4;
    %pushi/vec4 0, 0, 1;
    %assign/vec4 v000002f48d3799e0_0, 0;
    %jmp T_3.1;
T_3.0 ;
    %load/vec4 v000002f48d37b420_0;
    %assign/vec4 v000002f48d3799e0_0, 0;
T_3.1 ;
    %jmp T_3;
    .thread T_3;
# The file index is used to find the file name in the following table.
:file_names 5;
    "N/A";
    "<interactive>";
    "asyncCounter.v";
    "./TFF.v";
    "./DFF.v";
