#! /c/Source/iverilog-install/bin/vvp
:ivl_version "12.0 (devel)" "(s20150603-1539-g2693dd32b)";
:ivl_delay_selection "TYPICAL";
:vpi_time_precision - 9;
:vpi_module "C:\iverilog\lib\ivl\system.vpi";
:vpi_module "C:\iverilog\lib\ivl\vhdl_sys.vpi";
:vpi_module "C:\iverilog\lib\ivl\vhdl_textio.vpi";
:vpi_module "C:\iverilog\lib\ivl\v2005_math.vpi";
:vpi_module "C:\iverilog\lib\ivl\va_math.vpi";
S_000001982bfb7f80 .scope module, "asyncCounter_tb" "asyncCounter_tb" 2 3;
 .timescale -9 -9;
P_000001982bfa9870 .param/l "SIZE" 0 2 5, +C4<00000000000000000000000000000100>;
v000001982c008050_0 .var "clk", 0 0;
v000001982c0085f0_0 .net "cout", 3 0, L_000001982c007470;  1 drivers
v000001982c008690_0 .var "rst", 0 0;
S_000001982bfb8110 .scope module, "uut" "asyncCounter" 2 7, 3 2 0, S_000001982bfb7f80;
 .timescale -9 -9;
    .port_info 0 /INPUT 1 "clk";
    .port_info 1 /INPUT 1 "rst";
    .port_info 2 /OUTPUT 4 "cout";
P_000001982bfa9a70 .param/l "SIZE" 0 3 3, +C4<00000000000000000000000000000100>;
L_000001982c010ea8 .functor BUFT 1, C4<0>, C4<0>, C4<0>, C4<0>;
v000001982c006cf0_0 .net "cin", 0 0, L_000001982c010ea8;  1 drivers
v000001982c007010_0 .net "clk", 0 0, v000001982c008050_0;  1 drivers
v000001982c0084b0_0 .net "cout", 3 0, L_000001982c007470;  alias, 1 drivers
v000001982c007830_0 .net "rst", 0 0, v000001982c008690_0;  1 drivers
L_000001982c007c90 .part L_000001982c007470, 0, 1;
L_000001982c007ab0 .part L_000001982c007470, 1, 1;
L_000001982c007470 .concat8 [ 1 1 1 1], v000001982bfacac0_0, v000001982bfacf20_0, v000001982bfad380_0, v000001982c007290_0;
L_000001982c008370 .part L_000001982c007470, 2, 1;
S_000001982bf6d800 .scope module, "uut1" "TFF" 3 7, 4 3 0, S_000001982bfb8110;
 .timescale -9 -9;
    .port_info 0 /OUTPUT 1 "q";
    .port_info 1 /INPUT 1 "clk";
    .port_info 2 /INPUT 1 "rst";
L_000001982bfb60c0 .functor NOT 1, v000001982bfacac0_0, C4<0>, C4<0>, C4<0>;
v000001982bfad100_0 .net "clk", 0 0, v000001982c008050_0;  alias, 1 drivers
v000001982bfad240_0 .net "d", 0 0, L_000001982bfb60c0;  1 drivers
v000001982bfac980_0 .net "q", 0 0, v000001982bfacac0_0;  1 drivers
v000001982bfacc00_0 .net "rst", 0 0, v000001982c008690_0;  alias, 1 drivers
S_000001982bf6d990 .scope module, "uut" "DFF" 4 7, 5 1 0, S_000001982bf6d800;
 .timescale -9 -9;
    .port_info 0 /OUTPUT 1 "q";
    .port_info 1 /INPUT 1 "d";
    .port_info 2 /INPUT 1 "clk";
    .port_info 3 /INPUT 1 "rst";
v000001982bfacd40_0 .net "clk", 0 0, v000001982c008050_0;  alias, 1 drivers
v000001982bfac840_0 .net "d", 0 0, L_000001982bfb60c0;  alias, 1 drivers
v000001982bfacac0_0 .var "q", 0 0;
v000001982bfacde0_0 .net "rst", 0 0, v000001982c008690_0;  alias, 1 drivers
E_000001982bfa9af0/0 .event negedge, v000001982bfacd40_0;
E_000001982bfa9af0/1 .event posedge, v000001982bfacde0_0;
E_000001982bfa9af0 .event/or E_000001982bfa9af0/0, E_000001982bfa9af0/1;
S_000001982bf66b20 .scope module, "uut2" "TFF" 3 8, 4 3 0, S_000001982bfb8110;
 .timescale -9 -9;
    .port_info 0 /OUTPUT 1 "q";
    .port_info 1 /INPUT 1 "clk";
    .port_info 2 /INPUT 1 "rst";
L_000001982bf673a0 .functor NOT 1, v000001982bfacf20_0, C4<0>, C4<0>, C4<0>;
v000001982bfad1a0_0 .net "clk", 0 0, L_000001982c007c90;  1 drivers
v000001982bfad2e0_0 .net "d", 0 0, L_000001982bf673a0;  1 drivers
v000001982bfad420_0 .net "q", 0 0, v000001982bfacf20_0;  1 drivers
v000001982bfaca20_0 .net "rst", 0 0, v000001982c008690_0;  alias, 1 drivers
S_000001982bf66cb0 .scope module, "uut" "DFF" 4 7, 5 1 0, S_000001982bf66b20;
 .timescale -9 -9;
    .port_info 0 /OUTPUT 1 "q";
    .port_info 1 /INPUT 1 "d";
    .port_info 2 /INPUT 1 "clk";
    .port_info 3 /INPUT 1 "rst";
v000001982bface80_0 .net "clk", 0 0, L_000001982c007c90;  alias, 1 drivers
v000001982bfac8e0_0 .net "d", 0 0, L_000001982bf673a0;  alias, 1 drivers
v000001982bfacf20_0 .var "q", 0 0;
v000001982bfad560_0 .net "rst", 0 0, v000001982c008690_0;  alias, 1 drivers
E_000001982bfa9ab0/0 .event negedge, v000001982bface80_0;
E_000001982bfa9ab0/1 .event posedge, v000001982bfacde0_0;
E_000001982bfa9ab0 .event/or E_000001982bfa9ab0/0, E_000001982bfa9ab0/1;
S_000001982c006840 .scope module, "uut3" "TFF" 3 9, 4 3 0, S_000001982bfb8110;
 .timescale -9 -9;
    .port_info 0 /OUTPUT 1 "q";
    .port_info 1 /INPUT 1 "clk";
    .port_info 2 /INPUT 1 "rst";
L_000001982bfac460 .functor NOT 1, v000001982bfad380_0, C4<0>, C4<0>, C4<0>;
v000001982bfad600_0 .net "clk", 0 0, L_000001982c007ab0;  1 drivers
v000001982bfad6a0_0 .net "d", 0 0, L_000001982bfac460;  1 drivers
v000001982bfac7a0_0 .net "q", 0 0, v000001982bfad380_0;  1 drivers
v000001982c0075b0_0 .net "rst", 0 0, v000001982c008690_0;  alias, 1 drivers
S_000001982c0069d0 .scope module, "uut" "DFF" 4 7, 5 1 0, S_000001982c006840;
 .timescale -9 -9;
    .port_info 0 /OUTPUT 1 "q";
    .port_info 1 /INPUT 1 "d";
    .port_info 2 /INPUT 1 "clk";
    .port_info 3 /INPUT 1 "rst";
v000001982bfacca0_0 .net "clk", 0 0, L_000001982c007ab0;  alias, 1 drivers
v000001982bfacb60_0 .net "d", 0 0, L_000001982bfac460;  alias, 1 drivers
v000001982bfad380_0 .var "q", 0 0;
v000001982bfad4c0_0 .net "rst", 0 0, v000001982c008690_0;  alias, 1 drivers
E_000001982bfa8f70/0 .event negedge, v000001982bfacca0_0;
E_000001982bfa8f70/1 .event posedge, v000001982bfacde0_0;
E_000001982bfa8f70 .event/or E_000001982bfa8f70/0, E_000001982bfa8f70/1;
S_000001982c008b70 .scope module, "uut4" "TFF" 3 10, 4 3 0, S_000001982bfb8110;
 .timescale -9 -9;
    .port_info 0 /OUTPUT 1 "q";
    .port_info 1 /INPUT 1 "clk";
    .port_info 2 /INPUT 1 "rst";
L_000001982bfac0d0 .functor NOT 1, v000001982c007290_0, C4<0>, C4<0>, C4<0>;
v000001982c0070b0_0 .net "clk", 0 0, L_000001982c008370;  1 drivers
v000001982c007b50_0 .net "d", 0 0, L_000001982bfac0d0;  1 drivers
v000001982c006ed0_0 .net "q", 0 0, v000001982c007290_0;  1 drivers
v000001982c007fb0_0 .net "rst", 0 0, v000001982c008690_0;  alias, 1 drivers
S_000001982c008d00 .scope module, "uut" "DFF" 4 7, 5 1 0, S_000001982c008b70;
 .timescale -9 -9;
    .port_info 0 /OUTPUT 1 "q";
    .port_info 1 /INPUT 1 "d";
    .port_info 2 /INPUT 1 "clk";
    .port_info 3 /INPUT 1 "rst";
v000001982c008410_0 .net "clk", 0 0, L_000001982c008370;  alias, 1 drivers
v000001982c007790_0 .net "d", 0 0, L_000001982bfac0d0;  alias, 1 drivers
v000001982c007290_0 .var "q", 0 0;
v000001982c007bf0_0 .net "rst", 0 0, v000001982c008690_0;  alias, 1 drivers
E_000001982bfa9330/0 .event negedge, v000001982c008410_0;
E_000001982bfa9330/1 .event posedge, v000001982bfacde0_0;
E_000001982bfa9330 .event/or E_000001982bfa9330/0, E_000001982bfa9330/1;
    .scope S_000001982bf6d990;
T_0 ;
    %wait E_000001982bfa9af0;
    %load/vec4 v000001982bfacde0_0;
    %cmpi/e 1, 0, 1;
    %jmp/0xz  T_0.0, 4;
    %pushi/vec4 0, 0, 1;
    %assign/vec4 v000001982bfacac0_0, 0;
    %jmp T_0.1;
T_0.0 ;
    %load/vec4 v000001982bfac840_0;
    %assign/vec4 v000001982bfacac0_0, 0;
T_0.1 ;
    %jmp T_0;
    .thread T_0;
    .scope S_000001982bf66cb0;
T_1 ;
    %wait E_000001982bfa9ab0;
    %load/vec4 v000001982bfad560_0;
    %cmpi/e 1, 0, 1;
    %jmp/0xz  T_1.0, 4;
    %pushi/vec4 0, 0, 1;
    %assign/vec4 v000001982bfacf20_0, 0;
    %jmp T_1.1;
T_1.0 ;
    %load/vec4 v000001982bfac8e0_0;
    %assign/vec4 v000001982bfacf20_0, 0;
T_1.1 ;
    %jmp T_1;
    .thread T_1;
    .scope S_000001982c0069d0;
T_2 ;
    %wait E_000001982bfa8f70;
    %load/vec4 v000001982bfad4c0_0;
    %cmpi/e 1, 0, 1;
    %jmp/0xz  T_2.0, 4;
    %pushi/vec4 0, 0, 1;
    %assign/vec4 v000001982bfad380_0, 0;
    %jmp T_2.1;
T_2.0 ;
    %load/vec4 v000001982bfacb60_0;
    %assign/vec4 v000001982bfad380_0, 0;
T_2.1 ;
    %jmp T_2;
    .thread T_2;
    .scope S_000001982c008d00;
T_3 ;
    %wait E_000001982bfa9330;
    %load/vec4 v000001982c007bf0_0;
    %cmpi/e 1, 0, 1;
    %jmp/0xz  T_3.0, 4;
    %pushi/vec4 0, 0, 1;
    %assign/vec4 v000001982c007290_0, 0;
    %jmp T_3.1;
T_3.0 ;
    %load/vec4 v000001982c007790_0;
    %assign/vec4 v000001982c007290_0, 0;
T_3.1 ;
    %jmp T_3;
    .thread T_3;
    .scope S_000001982bfb7f80;
T_4 ;
    %pushi/vec4 1, 0, 1;
    %store/vec4 v000001982c008050_0, 0, 1;
T_4.0 ;
    %delay 5, 0;
    %load/vec4 v000001982c008050_0;
    %inv;
    %store/vec4 v000001982c008050_0, 0, 1;
    %jmp T_4.0;
    %end;
    .thread T_4;
    .scope S_000001982bfb7f80;
T_5 ;
    %vpi_call 2 13 "$dumpfile", "asyncCounter_tb.vcd" {0 0 0};
    %vpi_call 2 14 "$dumpvars", 32'sb00000000000000000000000000000000, S_000001982bfb7f80 {0 0 0};
    %vpi_call 2 15 "$monitor", v000001982c0085f0_0, " " {0 0 0};
    %pushi/vec4 1, 0, 1;
    %store/vec4 v000001982c008690_0, 0, 1;
    %delay 10, 0;
    %pushi/vec4 0, 0, 1;
    %store/vec4 v000001982c008690_0, 0, 1;
    %delay 100, 0;
    %vpi_call 2 19 "$finish" {0 0 0};
    %end;
    .thread T_5;
# The file index is used to find the file name in the following table.
:file_names 6;
    "N/A";
    "<interactive>";
    "asyncCounter_tb.v";
    "./asyncCounter.v";
    "./TFF.v";
    "./DFF.v";
