#! /c/Source/iverilog-install/bin/vvp
:ivl_version "12.0 (devel)" "(s20150603-1539-g2693dd32b)";
:ivl_delay_selection "TYPICAL";
:vpi_time_precision - 9;
:vpi_module "C:\iverilog\lib\ivl\system.vpi";
:vpi_module "C:\iverilog\lib\ivl\vhdl_sys.vpi";
:vpi_module "C:\iverilog\lib\ivl\vhdl_textio.vpi";
:vpi_module "C:\iverilog\lib\ivl\v2005_math.vpi";
:vpi_module "C:\iverilog\lib\ivl\va_math.vpi";
S_000001fb76a57340 .scope module, "mux_tb" "mux_tb" 2 3;
 .timescale -9 -9;
v000001fb76b43d50_0 .var "cin1", 31 0;
v000001fb76b42c70_0 .var "cin2", 31 0;
v000001fb76b442f0_0 .var "cin3", 31 0;
v000001fb76b43990_0 .var "cin4", 31 0;
v000001fb76b43530_0 .net "cout", 31 0, L_000001fb76b5ca50;  1 drivers
v000001fb76b43170_0 .var "switch1", 0 0;
v000001fb76b43210_0 .var "switch2", 0 0;
S_000001fb76b1e2d0 .scope module, "uut" "mux" 2 7, 3 1 0, S_000001fb76a57340;
 .timescale -9 -9;
    .port_info 0 /INPUT 32 "cin1";
    .port_info 1 /INPUT 32 "cin2";
    .port_info 2 /INPUT 32 "cin3";
    .port_info 3 /INPUT 32 "cin4";
    .port_info 4 /INPUT 1 "switch1";
    .port_info 5 /INPUT 1 "switch2";
    .port_info 6 /OUTPUT 32 "cout";
L_000001fb76b5edf0 .functor AND 1, v000001fb76b43210_0, v000001fb76b43170_0, C4<1>, C4<1>;
L_000001fb76b5ebc0 .functor AND 1, L_000001fb76b5ee60, v000001fb76b43170_0, C4<1>, C4<1>;
L_000001fb76b5ee60 .functor NOT 1, v000001fb76b43210_0, C4<0>, C4<0>, C4<0>;
L_000001fb76b5f330 .functor AND 1, v000001fb76b43210_0, L_000001fb76b5e8b0, C4<1>, C4<1>;
L_000001fb76b5e8b0 .functor NOT 1, v000001fb76b43170_0, C4<0>, C4<0>, C4<0>;
L_000001fb76b5e840 .functor AND 1, L_000001fb76b5e920, L_000001fb76b5f5d0, C4<1>, C4<1>;
L_000001fb76b5e920 .functor NOT 1, v000001fb76b43210_0, C4<0>, C4<0>, C4<0>;
L_000001fb76b5f5d0 .functor NOT 1, v000001fb76b43170_0, C4<0>, C4<0>, C4<0>;
v000001fb76b30960_0 .net *"_ivl_0", 0 0, L_000001fb76a55910;  1 drivers
v000001fb76b319a0_0 .net *"_ivl_102", 0 0, L_000001fb76a55280;  1 drivers
v000001fb76b303c0_0 .net *"_ivl_108", 0 0, L_000001fb76a55750;  1 drivers
v000001fb76b30140_0 .net *"_ivl_111", 0 0, L_000001fb76a552f0;  1 drivers
v000001fb76b30460_0 .net *"_ivl_114", 0 0, L_000001fb76a55360;  1 drivers
v000001fb76b30dc0_0 .net *"_ivl_117", 0 0, L_000001fb76b4e750;  1 drivers
v000001fb76b30f00_0 .net *"_ivl_12", 0 0, L_000001fb76a55c20;  1 drivers
v000001fb76b305a0_0 .net *"_ivl_120", 0 0, L_000001fb76b4f0f0;  1 drivers
v000001fb76b30fa0_0 .net *"_ivl_126", 0 0, L_000001fb76b4e910;  1 drivers
v000001fb76b31180_0 .net *"_ivl_129", 0 0, L_000001fb76b4e440;  1 drivers
v000001fb76b31040_0 .net *"_ivl_132", 0 0, L_000001fb76b4e3d0;  1 drivers
v000001fb76b32120_0 .net *"_ivl_135", 0 0, L_000001fb76b4ea60;  1 drivers
v000001fb76b306e0_0 .net *"_ivl_138", 0 0, L_000001fb76b4eec0;  1 drivers
v000001fb76b31ea0_0 .net *"_ivl_144", 0 0, L_000001fb76b4e520;  1 drivers
v000001fb76b310e0_0 .net *"_ivl_147", 0 0, L_000001fb76b4f160;  1 drivers
v000001fb76b30820_0 .net *"_ivl_150", 0 0, L_000001fb76b4e7c0;  1 drivers
v000001fb76b31360_0 .net *"_ivl_153", 0 0, L_000001fb76b4ebb0;  1 drivers
v000001fb76b31540_0 .net *"_ivl_156", 0 0, L_000001fb76b4e4b0;  1 drivers
v000001fb76b31f40_0 .net *"_ivl_162", 0 0, L_000001fb76b4f1d0;  1 drivers
v000001fb76b31fe0_0 .net *"_ivl_165", 0 0, L_000001fb76b4e6e0;  1 drivers
v000001fb76b32080_0 .net *"_ivl_168", 0 0, L_000001fb76b4e830;  1 drivers
v000001fb76b321c0_0 .net *"_ivl_171", 0 0, L_000001fb76b4ee50;  1 drivers
v000001fb76b33e80_0 .net *"_ivl_174", 0 0, L_000001fb76b4eb40;  1 drivers
v000001fb76b338e0_0 .net *"_ivl_18", 0 0, L_000001fb76a553d0;  1 drivers
v000001fb76b33f20_0 .net *"_ivl_180", 0 0, L_000001fb76b4ed70;  1 drivers
v000001fb76b33200_0 .net *"_ivl_183", 0 0, L_000001fb76b4e8a0;  1 drivers
v000001fb76b33ac0_0 .net *"_ivl_186", 0 0, L_000001fb76b4f010;  1 drivers
v000001fb76b33520_0 .net *"_ivl_189", 0 0, L_000001fb76b4e590;  1 drivers
v000001fb76b33de0_0 .net *"_ivl_192", 0 0, L_000001fb76b4f2b0;  1 drivers
v000001fb76b33020_0 .net *"_ivl_198", 0 0, L_000001fb76b4e980;  1 drivers
v000001fb76b33660_0 .net *"_ivl_201", 0 0, L_000001fb76b4ede0;  1 drivers
v000001fb76b32d00_0 .net *"_ivl_204", 0 0, L_000001fb76b4f240;  1 drivers
v000001fb76b332a0_0 .net *"_ivl_207", 0 0, L_000001fb76b4ed00;  1 drivers
v000001fb76b32e40_0 .net *"_ivl_21", 0 0, L_000001fb76a55d70;  1 drivers
v000001fb76b32c60_0 .net *"_ivl_210", 0 0, L_000001fb76b4e9f0;  1 drivers
v000001fb76b33980_0 .net *"_ivl_216", 0 0, L_000001fb76b4ead0;  1 drivers
v000001fb76b33160_0 .net *"_ivl_219", 0 0, L_000001fb76b4ec20;  1 drivers
v000001fb76b337a0_0 .net *"_ivl_222", 0 0, L_000001fb76b4e670;  1 drivers
v000001fb76b330c0_0 .net *"_ivl_225", 0 0, L_000001fb76b4e600;  1 drivers
v000001fb76b33fc0_0 .net *"_ivl_228", 0 0, L_000001fb76b4ec90;  1 drivers
v000001fb76b32bc0_0 .net *"_ivl_234", 0 0, L_000001fb76b4efa0;  1 drivers
v000001fb76b33b60_0 .net *"_ivl_237", 0 0, L_000001fb76b4f080;  1 drivers
v000001fb76b33d40_0 .net *"_ivl_24", 0 0, L_000001fb76a55590;  1 drivers
v000001fb76b33840_0 .net *"_ivl_240", 0 0, L_000001fb76b4ef30;  1 drivers
v000001fb76b32940_0 .net *"_ivl_243", 0 0, L_000001fb76b50b70;  1 drivers
v000001fb76b329e0_0 .net *"_ivl_246", 0 0, L_000001fb76b50be0;  1 drivers
v000001fb76b32a80_0 .net *"_ivl_252", 0 0, L_000001fb76b50da0;  1 drivers
v000001fb76b32da0_0 .net *"_ivl_255", 0 0, L_000001fb76b500f0;  1 drivers
v000001fb76b32b20_0 .net *"_ivl_258", 0 0, L_000001fb76b50d30;  1 drivers
v000001fb76b33340_0 .net *"_ivl_261", 0 0, L_000001fb76b50cc0;  1 drivers
v000001fb76b32ee0_0 .net *"_ivl_264", 0 0, L_000001fb76b50a90;  1 drivers
v000001fb76b33a20_0 .net *"_ivl_27", 0 0, L_000001fb76a55a60;  1 drivers
v000001fb76b32f80_0 .net *"_ivl_270", 0 0, L_000001fb76b50240;  1 drivers
v000001fb76b33c00_0 .net *"_ivl_273", 0 0, L_000001fb76b50160;  1 drivers
v000001fb76b333e0_0 .net *"_ivl_276", 0 0, L_000001fb76b501d0;  1 drivers
v000001fb76b33480_0 .net *"_ivl_279", 0 0, L_000001fb76b50320;  1 drivers
v000001fb76b335c0_0 .net *"_ivl_282", 0 0, L_000001fb76b50080;  1 drivers
v000001fb76b33ca0_0 .net *"_ivl_288", 0 0, L_000001fb76b50b00;  1 drivers
v000001fb76b33700_0 .net *"_ivl_291", 0 0, L_000001fb76b4fec0;  1 drivers
v000001fb76b3dba0_0 .net *"_ivl_294", 0 0, L_000001fb76b4ff30;  1 drivers
v000001fb76b3ef00_0 .net *"_ivl_297", 0 0, L_000001fb76b502b0;  1 drivers
v000001fb76b3da60_0 .net *"_ivl_3", 0 0, L_000001fb76a55de0;  1 drivers
v000001fb76b3e000_0 .net *"_ivl_30", 0 0, L_000001fb76a55ad0;  1 drivers
v000001fb76b3d560_0 .net *"_ivl_300", 0 0, L_000001fb76b50390;  1 drivers
v000001fb76b3efa0_0 .net *"_ivl_306", 0 0, L_000001fb76b506a0;  1 drivers
v000001fb76b3f2c0_0 .net *"_ivl_309", 0 0, L_000001fb76b50a20;  1 drivers
v000001fb76b3d9c0_0 .net *"_ivl_312", 0 0, L_000001fb76b50630;  1 drivers
v000001fb76b3dec0_0 .net *"_ivl_315", 0 0, L_000001fb76b50710;  1 drivers
v000001fb76b3f4a0_0 .net *"_ivl_318", 0 0, L_000001fb76b4ffa0;  1 drivers
v000001fb76b3df60_0 .net *"_ivl_324", 0 0, L_000001fb76b50c50;  1 drivers
v000001fb76b3e640_0 .net *"_ivl_327", 0 0, L_000001fb76b50470;  1 drivers
v000001fb76b3e320_0 .net *"_ivl_330", 0 0, L_000001fb76b50400;  1 drivers
v000001fb76b3e460_0 .net *"_ivl_333", 0 0, L_000001fb76b508d0;  1 drivers
v000001fb76b3e0a0_0 .net *"_ivl_336", 0 0, L_000001fb76b505c0;  1 drivers
v000001fb76b3dc40_0 .net *"_ivl_342", 0 0, L_000001fb76b507f0;  1 drivers
v000001fb76b3d880_0 .net *"_ivl_345", 0 0, L_000001fb76b504e0;  1 drivers
v000001fb76b3f400_0 .net *"_ivl_348", 0 0, L_000001fb76b50010;  1 drivers
v000001fb76b3d4c0_0 .net *"_ivl_351", 0 0, L_000001fb76b50550;  1 drivers
v000001fb76b3d420_0 .net *"_ivl_354", 0 0, L_000001fb76b50780;  1 drivers
v000001fb76b3e500_0 .net *"_ivl_36", 0 0, L_000001fb76a55980;  1 drivers
v000001fb76b3d600_0 .net *"_ivl_360", 0 0, L_000001fb76b50860;  1 drivers
v000001fb76b3e140_0 .net *"_ivl_363", 0 0, L_000001fb76b50940;  1 drivers
v000001fb76b3f7c0_0 .net *"_ivl_366", 0 0, L_000001fb76b509b0;  1 drivers
v000001fb76b3dce0_0 .net *"_ivl_369", 0 0, L_000001fb76b55dd0;  1 drivers
v000001fb76b3dd80_0 .net *"_ivl_372", 0 0, L_000001fb76b55a50;  1 drivers
v000001fb76b3de20_0 .net *"_ivl_378", 0 0, L_000001fb76b559e0;  1 drivers
v000001fb76b3e1e0_0 .net *"_ivl_381", 0 0, L_000001fb76b56380;  1 drivers
v000001fb76b3ec80_0 .net *"_ivl_384", 0 0, L_000001fb76b56150;  1 drivers
v000001fb76b3f540_0 .net *"_ivl_387", 0 0, L_000001fb76b55ac0;  1 drivers
v000001fb76b3eb40_0 .net *"_ivl_39", 0 0, L_000001fb76a560f0;  1 drivers
v000001fb76b3e5a0_0 .net *"_ivl_390", 0 0, L_000001fb76b55900;  1 drivers
v000001fb76b3d6a0_0 .net *"_ivl_396", 0 0, L_000001fb76b563f0;  1 drivers
v000001fb76b3e280_0 .net *"_ivl_399", 0 0, L_000001fb76b55970;  1 drivers
v000001fb76b3f860_0 .net *"_ivl_402", 0 0, L_000001fb76b564d0;  1 drivers
v000001fb76b3ebe0_0 .net *"_ivl_405", 0 0, L_000001fb76b56000;  1 drivers
v000001fb76b3e780_0 .net *"_ivl_408", 0 0, L_000001fb76b56070;  1 drivers
v000001fb76b3e6e0_0 .net *"_ivl_414", 0 0, L_000001fb76b56540;  1 drivers
v000001fb76b3eaa0_0 .net *"_ivl_417", 0 0, L_000001fb76b561c0;  1 drivers
v000001fb76b3e8c0_0 .net *"_ivl_42", 0 0, L_000001fb76a557c0;  1 drivers
v000001fb76b3e820_0 .net *"_ivl_420", 0 0, L_000001fb76b55e40;  1 drivers
v000001fb76b3e3c0_0 .net *"_ivl_423", 0 0, L_000001fb76b556d0;  1 drivers
v000001fb76b3e960_0 .net *"_ivl_426", 0 0, L_000001fb76b55740;  1 drivers
v000001fb76b3d740_0 .net *"_ivl_432", 0 0, L_000001fb76b56460;  1 drivers
v000001fb76b3f5e0_0 .net *"_ivl_435", 0 0, L_000001fb76b55cf0;  1 drivers
v000001fb76b3f680_0 .net *"_ivl_438", 0 0, L_000001fb76b56230;  1 drivers
v000001fb76b3f220_0 .net *"_ivl_441", 0 0, L_000001fb76b55b30;  1 drivers
v000001fb76b3f720_0 .net *"_ivl_444", 0 0, L_000001fb76b55ba0;  1 drivers
v000001fb76b3ea00_0 .net *"_ivl_45", 0 0, L_000001fb76a55e50;  1 drivers
v000001fb76b3f900_0 .net *"_ivl_450", 0 0, L_000001fb76b55c10;  1 drivers
v000001fb76b3ed20_0 .net *"_ivl_453", 0 0, L_000001fb76b55eb0;  1 drivers
v000001fb76b3db00_0 .net *"_ivl_456", 0 0, L_000001fb76b557b0;  1 drivers
v000001fb76b3ee60_0 .net *"_ivl_459", 0 0, L_000001fb76b55f20;  1 drivers
v000001fb76b3edc0_0 .net *"_ivl_462", 0 0, L_000001fb76b562a0;  1 drivers
v000001fb76b3f040_0 .net *"_ivl_468", 0 0, L_000001fb76b55890;  1 drivers
v000001fb76b3f0e0_0 .net *"_ivl_471", 0 0, L_000001fb76b55820;  1 drivers
v000001fb76b3f180_0 .net *"_ivl_474", 0 0, L_000001fb76b565b0;  1 drivers
v000001fb76b3fae0_0 .net *"_ivl_477", 0 0, L_000001fb76b55c80;  1 drivers
v000001fb76b3f9a0_0 .net *"_ivl_48", 0 0, L_000001fb76a55440;  1 drivers
v000001fb76b3fa40_0 .net *"_ivl_480", 0 0, L_000001fb76b55d60;  1 drivers
v000001fb76b3d380_0 .net *"_ivl_486", 0 0, L_000001fb76b55f90;  1 drivers
v000001fb76b3f360_0 .net *"_ivl_489", 0 0, L_000001fb76b560e0;  1 drivers
v000001fb76b3d7e0_0 .net *"_ivl_492", 0 0, L_000001fb76b56310;  1 drivers
v000001fb76b3d920_0 .net *"_ivl_495", 0 0, L_000001fb76b5eca0;  1 drivers
v000001fb76b404e0_0 .net *"_ivl_498", 0 0, L_000001fb76b5f090;  1 drivers
v000001fb76b40da0_0 .net *"_ivl_504", 0 0, L_000001fb76b5f100;  1 drivers
v000001fb76b40b20_0 .net *"_ivl_507", 0 0, L_000001fb76b5f480;  1 drivers
v000001fb76b41200_0 .net *"_ivl_510", 0 0, L_000001fb76b5eb50;  1 drivers
v000001fb76b40bc0_0 .net *"_ivl_513", 0 0, L_000001fb76b5efb0;  1 drivers
v000001fb76b3fb80_0 .net *"_ivl_516", 0 0, L_000001fb76b5f020;  1 drivers
v000001fb76b40080_0 .net *"_ivl_522", 0 0, L_000001fb76b5f3a0;  1 drivers
v000001fb76b40e40_0 .net *"_ivl_525", 0 0, L_000001fb76b5e990;  1 drivers
v000001fb76b40ee0_0 .net *"_ivl_528", 0 0, L_000001fb76b5f4f0;  1 drivers
v000001fb76b40440_0 .net *"_ivl_531", 0 0, L_000001fb76b5ed10;  1 drivers
v000001fb76b40760_0 .net *"_ivl_534", 0 0, L_000001fb76b5e760;  1 drivers
v000001fb76b40a80_0 .net *"_ivl_54", 0 0, L_000001fb76a556e0;  1 drivers
v000001fb76b40120_0 .net *"_ivl_540", 0 0, L_000001fb76b5eed0;  1 drivers
v000001fb76b3fd60_0 .net *"_ivl_543", 0 0, L_000001fb76b5f170;  1 drivers
v000001fb76b40940_0 .net *"_ivl_546", 0 0, L_000001fb76b5ea70;  1 drivers
v000001fb76b40c60_0 .net *"_ivl_549", 0 0, L_000001fb76b5f2c0;  1 drivers
v000001fb76b40f80_0 .net *"_ivl_552", 0 0, L_000001fb76b5e7d0;  1 drivers
v000001fb76b409e0_0 .net *"_ivl_558", 0 0, L_000001fb76b5f1e0;  1 drivers
v000001fb76b40580_0 .net *"_ivl_562", 0 0, L_000001fb76b5f560;  1 drivers
v000001fb76b408a0_0 .net *"_ivl_566", 0 0, L_000001fb76b5f410;  1 drivers
v000001fb76b41020_0 .net *"_ivl_57", 0 0, L_000001fb76a55bb0;  1 drivers
v000001fb76b40620_0 .net *"_ivl_570", 0 0, L_000001fb76b5ed80;  1 drivers
v000001fb76b401c0_0 .net *"_ivl_574", 0 0, L_000001fb76b5f250;  1 drivers
v000001fb76b40d00_0 .net *"_ivl_583", 0 0, L_000001fb76b5ee60;  1 drivers
v000001fb76b3ffe0_0 .net *"_ivl_586", 0 0, L_000001fb76b5e8b0;  1 drivers
v000001fb76b40300_0 .net *"_ivl_589", 0 0, L_000001fb76b5e920;  1 drivers
v000001fb76b3fcc0_0 .net *"_ivl_591", 0 0, L_000001fb76b5f5d0;  1 drivers
v000001fb76b410c0_0 .net *"_ivl_6", 0 0, L_000001fb76a55830;  1 drivers
v000001fb76b41160_0 .net *"_ivl_60", 0 0, L_000001fb76a558a0;  1 drivers
v000001fb76b40260_0 .net *"_ivl_63", 0 0, L_000001fb76a55fa0;  1 drivers
v000001fb76b403a0_0 .net *"_ivl_66", 0 0, L_000001fb76a559f0;  1 drivers
v000001fb76b3fc20_0 .net *"_ivl_72", 0 0, L_000001fb76a55b40;  1 drivers
v000001fb76b406c0_0 .net *"_ivl_75", 0 0, L_000001fb76a55670;  1 drivers
v000001fb76b3fe00_0 .net *"_ivl_78", 0 0, L_000001fb76a56080;  1 drivers
v000001fb76b40800_0 .net *"_ivl_81", 0 0, L_000001fb76a55c90;  1 drivers
v000001fb76b3fea0_0 .net *"_ivl_84", 0 0, L_000001fb76a55520;  1 drivers
v000001fb76b3ff40_0 .net *"_ivl_9", 0 0, L_000001fb76a55f30;  1 drivers
v000001fb76b43cb0_0 .net *"_ivl_90", 0 0, L_000001fb76a55ec0;  1 drivers
v000001fb76b428b0_0 .net *"_ivl_93", 0 0, L_000001fb76a55600;  1 drivers
v000001fb76b44250_0 .net *"_ivl_96", 0 0, L_000001fb76a55d00;  1 drivers
v000001fb76b44750_0 .net *"_ivl_99", 0 0, L_000001fb76a56160;  1 drivers
v000001fb76b44110_0 .net "cin1", 31 0, v000001fb76b43d50_0;  1 drivers
v000001fb76b44b10_0 .net "cin2", 31 0, v000001fb76b42c70_0;  1 drivers
v000001fb76b42450_0 .net "cin3", 31 0, v000001fb76b442f0_0;  1 drivers
v000001fb76b43710_0 .net "cin4", 31 0, v000001fb76b43990_0;  1 drivers
v000001fb76b44610_0 .net "cout", 31 0, L_000001fb76b5ca50;  alias, 1 drivers
v000001fb76b43c10_0 .net "mid1", 31 0, L_000001fb76b5ba10;  1 drivers
v000001fb76b42ef0_0 .net "mid2", 31 0, L_000001fb76b5c910;  1 drivers
v000001fb76b43850_0 .net "mid3", 31 0, L_000001fb76b5c730;  1 drivers
v000001fb76b43fd0_0 .net "mid4", 31 0, L_000001fb76b5d8b0;  1 drivers
v000001fb76b449d0_0 .net "switch1", 0 0, v000001fb76b43170_0;  1 drivers
v000001fb76b44570_0 .net "switch2", 0 0, v000001fb76b43210_0;  1 drivers
v000001fb76b44430_0 .net "temp1", 0 0, L_000001fb76b5edf0;  1 drivers
v000001fb76b438f0_0 .net "temp2", 0 0, L_000001fb76b5ebc0;  1 drivers
v000001fb76b43490_0 .net "temp3", 0 0, L_000001fb76b5f330;  1 drivers
v000001fb76b446b0_0 .net "temp4", 0 0, L_000001fb76b5e840;  1 drivers
L_000001fb76b43df0 .part v000001fb76b43d50_0, 0, 1;
L_000001fb76b43350 .part v000001fb76b42c70_0, 0, 1;
L_000001fb76b433f0 .part v000001fb76b442f0_0, 0, 1;
L_000001fb76b42d10 .part v000001fb76b43990_0, 0, 1;
L_000001fb76b42f90 .part L_000001fb76b5ba10, 0, 1;
L_000001fb76b447f0 .part L_000001fb76b5c910, 0, 1;
L_000001fb76b424f0 .part L_000001fb76b5c730, 0, 1;
L_000001fb76b43670 .part L_000001fb76b5d8b0, 0, 1;
L_000001fb76b426d0 .part v000001fb76b43d50_0, 0, 1;
L_000001fb76b43e90 .part v000001fb76b42c70_0, 0, 1;
L_000001fb76b43b70 .part v000001fb76b442f0_0, 0, 1;
L_000001fb76b435d0 .part v000001fb76b43990_0, 0, 1;
L_000001fb76b42db0 .part L_000001fb76b5ba10, 1, 1;
L_000001fb76b437b0 .part L_000001fb76b5c910, 1, 1;
L_000001fb76b44070 .part L_000001fb76b5c730, 1, 1;
L_000001fb76b43f30 .part L_000001fb76b5d8b0, 1, 1;
L_000001fb76b44a70 .part v000001fb76b43d50_0, 0, 1;
L_000001fb76b44390 .part v000001fb76b42c70_0, 0, 1;
L_000001fb76b441b0 .part v000001fb76b442f0_0, 0, 1;
L_000001fb76b44890 .part v000001fb76b43990_0, 0, 1;
L_000001fb76b43a30 .part L_000001fb76b5ba10, 2, 1;
L_000001fb76b44930 .part L_000001fb76b5c910, 2, 1;
L_000001fb76b42e50 .part L_000001fb76b5c730, 2, 1;
L_000001fb76b43ad0 .part L_000001fb76b5d8b0, 2, 1;
L_000001fb76b444d0 .part v000001fb76b43d50_0, 0, 1;
L_000001fb76b423b0 .part v000001fb76b42c70_0, 0, 1;
L_000001fb76b42770 .part v000001fb76b442f0_0, 0, 1;
L_000001fb76b42b30 .part v000001fb76b43990_0, 0, 1;
L_000001fb76b429f0 .part L_000001fb76b5ba10, 3, 1;
L_000001fb76b43030 .part L_000001fb76b5c910, 3, 1;
L_000001fb76b42bd0 .part L_000001fb76b5c730, 3, 1;
L_000001fb76b42590 .part L_000001fb76b5d8b0, 3, 1;
L_000001fb76b42630 .part v000001fb76b43d50_0, 0, 1;
L_000001fb76b42810 .part v000001fb76b42c70_0, 0, 1;
L_000001fb76b432b0 .part v000001fb76b442f0_0, 0, 1;
L_000001fb76b42950 .part v000001fb76b43990_0, 0, 1;
L_000001fb76b430d0 .part L_000001fb76b5ba10, 4, 1;
L_000001fb76b42a90 .part L_000001fb76b5c910, 4, 1;
L_000001fb76b45010 .part L_000001fb76b5c730, 4, 1;
L_000001fb76b45330 .part L_000001fb76b5d8b0, 4, 1;
L_000001fb76b44ed0 .part v000001fb76b43d50_0, 0, 1;
L_000001fb76b450b0 .part v000001fb76b42c70_0, 0, 1;
L_000001fb76b46b90 .part v000001fb76b442f0_0, 0, 1;
L_000001fb76b47270 .part v000001fb76b43990_0, 0, 1;
L_000001fb76b47310 .part L_000001fb76b5ba10, 5, 1;
L_000001fb76b46eb0 .part L_000001fb76b5c910, 5, 1;
L_000001fb76b46cd0 .part L_000001fb76b5c730, 5, 1;
L_000001fb76b46e10 .part L_000001fb76b5d8b0, 5, 1;
L_000001fb76b462d0 .part v000001fb76b43d50_0, 0, 1;
L_000001fb76b46370 .part v000001fb76b42c70_0, 0, 1;
L_000001fb76b46230 .part v000001fb76b442f0_0, 0, 1;
L_000001fb76b46d70 .part v000001fb76b43990_0, 0, 1;
L_000001fb76b46a50 .part L_000001fb76b5ba10, 6, 1;
L_000001fb76b460f0 .part L_000001fb76b5c910, 6, 1;
L_000001fb76b456f0 .part L_000001fb76b5c730, 6, 1;
L_000001fb76b46f50 .part L_000001fb76b5d8b0, 6, 1;
L_000001fb76b46550 .part v000001fb76b43d50_0, 0, 1;
L_000001fb76b46ff0 .part v000001fb76b42c70_0, 0, 1;
L_000001fb76b465f0 .part v000001fb76b442f0_0, 0, 1;
L_000001fb76b45510 .part v000001fb76b43990_0, 0, 1;
L_000001fb76b45150 .part L_000001fb76b5ba10, 7, 1;
L_000001fb76b46690 .part L_000001fb76b5c910, 7, 1;
L_000001fb76b46410 .part L_000001fb76b5c730, 7, 1;
L_000001fb76b45e70 .part L_000001fb76b5d8b0, 7, 1;
L_000001fb76b453d0 .part v000001fb76b43d50_0, 0, 1;
L_000001fb76b44f70 .part v000001fb76b42c70_0, 0, 1;
L_000001fb76b451f0 .part v000001fb76b442f0_0, 0, 1;
L_000001fb76b46c30 .part v000001fb76b43990_0, 0, 1;
L_000001fb76b464b0 .part L_000001fb76b5ba10, 8, 1;
L_000001fb76b44bb0 .part L_000001fb76b5c910, 8, 1;
L_000001fb76b46730 .part L_000001fb76b5c730, 8, 1;
L_000001fb76b44d90 .part L_000001fb76b5d8b0, 8, 1;
L_000001fb76b47090 .part v000001fb76b43d50_0, 0, 1;
L_000001fb76b467d0 .part v000001fb76b42c70_0, 0, 1;
L_000001fb76b47130 .part v000001fb76b442f0_0, 0, 1;
L_000001fb76b45470 .part v000001fb76b43990_0, 0, 1;
L_000001fb76b46870 .part L_000001fb76b5ba10, 9, 1;
L_000001fb76b44e30 .part L_000001fb76b5c910, 9, 1;
L_000001fb76b45830 .part L_000001fb76b5c730, 9, 1;
L_000001fb76b45d30 .part L_000001fb76b5d8b0, 9, 1;
L_000001fb76b45bf0 .part v000001fb76b43d50_0, 0, 1;
L_000001fb76b45dd0 .part v000001fb76b42c70_0, 0, 1;
L_000001fb76b46af0 .part v000001fb76b442f0_0, 0, 1;
L_000001fb76b455b0 .part v000001fb76b43990_0, 0, 1;
L_000001fb76b45b50 .part L_000001fb76b5ba10, 10, 1;
L_000001fb76b471d0 .part L_000001fb76b5c910, 10, 1;
L_000001fb76b45c90 .part L_000001fb76b5c730, 10, 1;
L_000001fb76b45790 .part L_000001fb76b5d8b0, 10, 1;
L_000001fb76b45290 .part v000001fb76b43d50_0, 0, 1;
L_000001fb76b45f10 .part v000001fb76b42c70_0, 0, 1;
L_000001fb76b44c50 .part v000001fb76b442f0_0, 0, 1;
L_000001fb76b44cf0 .part v000001fb76b43990_0, 0, 1;
L_000001fb76b45fb0 .part L_000001fb76b5ba10, 11, 1;
L_000001fb76b46050 .part L_000001fb76b5c910, 11, 1;
L_000001fb76b46910 .part L_000001fb76b5c730, 11, 1;
L_000001fb76b469b0 .part L_000001fb76b5d8b0, 11, 1;
L_000001fb76b45650 .part v000001fb76b43d50_0, 0, 1;
L_000001fb76b458d0 .part v000001fb76b42c70_0, 0, 1;
L_000001fb76b45970 .part v000001fb76b442f0_0, 0, 1;
L_000001fb76b45a10 .part v000001fb76b43990_0, 0, 1;
L_000001fb76b45ab0 .part L_000001fb76b5ba10, 12, 1;
L_000001fb76b46190 .part L_000001fb76b5c910, 12, 1;
L_000001fb76b47e50 .part L_000001fb76b5c730, 12, 1;
L_000001fb76b478b0 .part L_000001fb76b5d8b0, 12, 1;
L_000001fb76b48670 .part v000001fb76b43d50_0, 0, 1;
L_000001fb76b47b30 .part v000001fb76b42c70_0, 0, 1;
L_000001fb76b476d0 .part v000001fb76b442f0_0, 0, 1;
L_000001fb76b47450 .part v000001fb76b43990_0, 0, 1;
L_000001fb76b49390 .part L_000001fb76b5ba10, 13, 1;
L_000001fb76b49b10 .part L_000001fb76b5c910, 13, 1;
L_000001fb76b492f0 .part L_000001fb76b5c730, 13, 1;
L_000001fb76b48cb0 .part L_000001fb76b5d8b0, 13, 1;
L_000001fb76b473b0 .part v000001fb76b43d50_0, 0, 1;
L_000001fb76b47630 .part v000001fb76b42c70_0, 0, 1;
L_000001fb76b483f0 .part v000001fb76b442f0_0, 0, 1;
L_000001fb76b49070 .part v000001fb76b43990_0, 0, 1;
L_000001fb76b488f0 .part L_000001fb76b5ba10, 14, 1;
L_000001fb76b497f0 .part L_000001fb76b5c910, 14, 1;
L_000001fb76b494d0 .part L_000001fb76b5c730, 14, 1;
L_000001fb76b485d0 .part L_000001fb76b5d8b0, 14, 1;
L_000001fb76b48490 .part v000001fb76b43d50_0, 0, 1;
L_000001fb76b47590 .part v000001fb76b42c70_0, 0, 1;
L_000001fb76b49890 .part v000001fb76b442f0_0, 0, 1;
L_000001fb76b48d50 .part v000001fb76b43990_0, 0, 1;
L_000001fb76b49930 .part L_000001fb76b5ba10, 15, 1;
L_000001fb76b48170 .part L_000001fb76b5c910, 15, 1;
L_000001fb76b47770 .part L_000001fb76b5c730, 15, 1;
L_000001fb76b47db0 .part L_000001fb76b5d8b0, 15, 1;
L_000001fb76b49750 .part v000001fb76b43d50_0, 0, 1;
L_000001fb76b47810 .part v000001fb76b42c70_0, 0, 1;
L_000001fb76b499d0 .part v000001fb76b442f0_0, 0, 1;
L_000001fb76b47ef0 .part v000001fb76b43990_0, 0, 1;
L_000001fb76b48350 .part L_000001fb76b5ba10, 16, 1;
L_000001fb76b47c70 .part L_000001fb76b5c910, 16, 1;
L_000001fb76b48b70 .part L_000001fb76b5c730, 16, 1;
L_000001fb76b48530 .part L_000001fb76b5d8b0, 16, 1;
L_000001fb76b480d0 .part v000001fb76b43d50_0, 0, 1;
L_000001fb76b47950 .part v000001fb76b42c70_0, 0, 1;
L_000001fb76b48df0 .part v000001fb76b442f0_0, 0, 1;
L_000001fb76b49430 .part v000001fb76b43990_0, 0, 1;
L_000001fb76b48e90 .part L_000001fb76b5ba10, 17, 1;
L_000001fb76b474f0 .part L_000001fb76b5c910, 17, 1;
L_000001fb76b48f30 .part L_000001fb76b5c730, 17, 1;
L_000001fb76b479f0 .part L_000001fb76b5d8b0, 17, 1;
L_000001fb76b47a90 .part v000001fb76b43d50_0, 0, 1;
L_000001fb76b48fd0 .part v000001fb76b42c70_0, 0, 1;
L_000001fb76b49a70 .part v000001fb76b442f0_0, 0, 1;
L_000001fb76b47bd0 .part v000001fb76b43990_0, 0, 1;
L_000001fb76b48a30 .part L_000001fb76b5ba10, 18, 1;
L_000001fb76b47d10 .part L_000001fb76b5c910, 18, 1;
L_000001fb76b48030 .part L_000001fb76b5c730, 18, 1;
L_000001fb76b48710 .part L_000001fb76b5d8b0, 18, 1;
L_000001fb76b487b0 .part v000001fb76b43d50_0, 0, 1;
L_000001fb76b48850 .part v000001fb76b42c70_0, 0, 1;
L_000001fb76b49570 .part v000001fb76b442f0_0, 0, 1;
L_000001fb76b47f90 .part v000001fb76b43990_0, 0, 1;
L_000001fb76b496b0 .part L_000001fb76b5ba10, 19, 1;
L_000001fb76b49610 .part L_000001fb76b5c910, 19, 1;
L_000001fb76b48990 .part L_000001fb76b5c730, 19, 1;
L_000001fb76b48210 .part L_000001fb76b5d8b0, 19, 1;
L_000001fb76b482b0 .part v000001fb76b43d50_0, 0, 1;
L_000001fb76b48ad0 .part v000001fb76b42c70_0, 0, 1;
L_000001fb76b48c10 .part v000001fb76b442f0_0, 0, 1;
L_000001fb76b49110 .part v000001fb76b43990_0, 0, 1;
L_000001fb76b491b0 .part L_000001fb76b5ba10, 20, 1;
L_000001fb76b49250 .part L_000001fb76b5c910, 20, 1;
L_000001fb76b4a010 .part L_000001fb76b5c730, 20, 1;
L_000001fb76b49e30 .part L_000001fb76b5d8b0, 20, 1;
L_000001fb76b49ed0 .part v000001fb76b43d50_0, 0, 1;
L_000001fb76b4a0b0 .part v000001fb76b42c70_0, 0, 1;
L_000001fb76b4a1f0 .part v000001fb76b442f0_0, 0, 1;
L_000001fb76b49f70 .part v000001fb76b43990_0, 0, 1;
L_000001fb76b4a290 .part L_000001fb76b5ba10, 21, 1;
L_000001fb76b4a150 .part L_000001fb76b5c910, 21, 1;
L_000001fb76b49bb0 .part L_000001fb76b5c730, 21, 1;
L_000001fb76b49c50 .part L_000001fb76b5d8b0, 21, 1;
L_000001fb76b49cf0 .part v000001fb76b43d50_0, 0, 1;
L_000001fb76b49d90 .part v000001fb76b42c70_0, 0, 1;
L_000001fb76b5abb0 .part v000001fb76b442f0_0, 0, 1;
L_000001fb76b59350 .part v000001fb76b43990_0, 0, 1;
L_000001fb76b59490 .part L_000001fb76b5ba10, 22, 1;
L_000001fb76b5b650 .part L_000001fb76b5c910, 22, 1;
L_000001fb76b5a1b0 .part L_000001fb76b5c730, 22, 1;
L_000001fb76b5a4d0 .part L_000001fb76b5d8b0, 22, 1;
L_000001fb76b5aa70 .part v000001fb76b43d50_0, 0, 1;
L_000001fb76b597b0 .part v000001fb76b42c70_0, 0, 1;
L_000001fb76b59530 .part v000001fb76b442f0_0, 0, 1;
L_000001fb76b59d50 .part v000001fb76b43990_0, 0, 1;
L_000001fb76b59670 .part L_000001fb76b5ba10, 23, 1;
L_000001fb76b5b0b0 .part L_000001fb76b5c910, 23, 1;
L_000001fb76b58ef0 .part L_000001fb76b5c730, 23, 1;
L_000001fb76b59710 .part L_000001fb76b5d8b0, 23, 1;
L_000001fb76b5b3d0 .part v000001fb76b43d50_0, 0, 1;
L_000001fb76b59f30 .part v000001fb76b42c70_0, 0, 1;
L_000001fb76b59030 .part v000001fb76b442f0_0, 0, 1;
L_000001fb76b590d0 .part v000001fb76b43990_0, 0, 1;
L_000001fb76b5b510 .part L_000001fb76b5ba10, 24, 1;
L_000001fb76b59210 .part L_000001fb76b5c910, 24, 1;
L_000001fb76b5a110 .part L_000001fb76b5c730, 24, 1;
L_000001fb76b59990 .part L_000001fb76b5d8b0, 24, 1;
L_000001fb76b59850 .part v000001fb76b43d50_0, 0, 1;
L_000001fb76b5aed0 .part v000001fb76b42c70_0, 0, 1;
L_000001fb76b5b290 .part v000001fb76b442f0_0, 0, 1;
L_000001fb76b5ae30 .part v000001fb76b43990_0, 0, 1;
L_000001fb76b593f0 .part L_000001fb76b5ba10, 25, 1;
L_000001fb76b5a890 .part L_000001fb76b5c910, 25, 1;
L_000001fb76b592b0 .part L_000001fb76b5c730, 25, 1;
L_000001fb76b59fd0 .part L_000001fb76b5d8b0, 25, 1;
L_000001fb76b5a750 .part v000001fb76b43d50_0, 0, 1;
L_000001fb76b5a6b0 .part v000001fb76b42c70_0, 0, 1;
L_000001fb76b5b330 .part v000001fb76b442f0_0, 0, 1;
L_000001fb76b5a390 .part v000001fb76b43990_0, 0, 1;
L_000001fb76b59b70 .part L_000001fb76b5ba10, 26, 1;
L_000001fb76b5a250 .part L_000001fb76b5c910, 26, 1;
L_000001fb76b5ab10 .part L_000001fb76b5c730, 26, 1;
L_000001fb76b5ac50 .part L_000001fb76b5d8b0, 26, 1;
L_000001fb76b59c10 .part v000001fb76b43d50_0, 0, 1;
L_000001fb76b5a070 .part v000001fb76b42c70_0, 0, 1;
L_000001fb76b59e90 .part v000001fb76b442f0_0, 0, 1;
L_000001fb76b59170 .part v000001fb76b43990_0, 0, 1;
L_000001fb76b595d0 .part L_000001fb76b5ba10, 27, 1;
L_000001fb76b5a2f0 .part L_000001fb76b5c910, 27, 1;
L_000001fb76b5acf0 .part L_000001fb76b5c730, 27, 1;
L_000001fb76b5b470 .part L_000001fb76b5d8b0, 27, 1;
L_000001fb76b5a430 .part v000001fb76b43d50_0, 0, 1;
L_000001fb76b5a570 .part v000001fb76b42c70_0, 0, 1;
L_000001fb76b59cb0 .part v000001fb76b442f0_0, 0, 1;
L_000001fb76b598f0 .part v000001fb76b43990_0, 0, 1;
L_000001fb76b59a30 .part L_000001fb76b5ba10, 28, 1;
L_000001fb76b5a610 .part L_000001fb76b5c910, 28, 1;
L_000001fb76b5a930 .part L_000001fb76b5c730, 28, 1;
L_000001fb76b59ad0 .part L_000001fb76b5d8b0, 28, 1;
L_000001fb76b58f90 .part v000001fb76b43d50_0, 0, 1;
L_000001fb76b5a7f0 .part v000001fb76b42c70_0, 0, 1;
L_000001fb76b5a9d0 .part v000001fb76b442f0_0, 0, 1;
L_000001fb76b59df0 .part v000001fb76b43990_0, 0, 1;
L_000001fb76b5ad90 .part L_000001fb76b5ba10, 29, 1;
L_000001fb76b5af70 .part L_000001fb76b5c910, 29, 1;
L_000001fb76b5b010 .part L_000001fb76b5c730, 29, 1;
L_000001fb76b5b150 .part L_000001fb76b5d8b0, 29, 1;
L_000001fb76b5b1f0 .part v000001fb76b43d50_0, 0, 1;
L_000001fb76b5b5b0 .part v000001fb76b42c70_0, 0, 1;
L_000001fb76b5bbf0 .part v000001fb76b442f0_0, 0, 1;
L_000001fb76b5c690 .part v000001fb76b43990_0, 0, 1;
L_000001fb76b5c050 .part L_000001fb76b5ba10, 30, 1;
L_000001fb76b5b970 .part L_000001fb76b5c910, 30, 1;
L_000001fb76b5bb50 .part L_000001fb76b5c730, 30, 1;
L_000001fb76b5d090 .part L_000001fb76b5d8b0, 30, 1;
LS_000001fb76b5ba10_0_0 .concat8 [ 1 1 1 1], L_000001fb76a55910, L_000001fb76a553d0, L_000001fb76a55980, L_000001fb76a556e0;
LS_000001fb76b5ba10_0_4 .concat8 [ 1 1 1 1], L_000001fb76a55b40, L_000001fb76a55ec0, L_000001fb76a55750, L_000001fb76b4e910;
LS_000001fb76b5ba10_0_8 .concat8 [ 1 1 1 1], L_000001fb76b4e520, L_000001fb76b4f1d0, L_000001fb76b4ed70, L_000001fb76b4e980;
LS_000001fb76b5ba10_0_12 .concat8 [ 1 1 1 1], L_000001fb76b4ead0, L_000001fb76b4efa0, L_000001fb76b50da0, L_000001fb76b50240;
LS_000001fb76b5ba10_0_16 .concat8 [ 1 1 1 1], L_000001fb76b50b00, L_000001fb76b506a0, L_000001fb76b50c50, L_000001fb76b507f0;
LS_000001fb76b5ba10_0_20 .concat8 [ 1 1 1 1], L_000001fb76b50860, L_000001fb76b559e0, L_000001fb76b563f0, L_000001fb76b56540;
LS_000001fb76b5ba10_0_24 .concat8 [ 1 1 1 1], L_000001fb76b56460, L_000001fb76b55c10, L_000001fb76b55890, L_000001fb76b55f90;
LS_000001fb76b5ba10_0_28 .concat8 [ 1 1 1 1], L_000001fb76b5f100, L_000001fb76b5f3a0, L_000001fb76b5eed0, L_000001fb76b5f1e0;
LS_000001fb76b5ba10_1_0 .concat8 [ 4 4 4 4], LS_000001fb76b5ba10_0_0, LS_000001fb76b5ba10_0_4, LS_000001fb76b5ba10_0_8, LS_000001fb76b5ba10_0_12;
LS_000001fb76b5ba10_1_4 .concat8 [ 4 4 4 4], LS_000001fb76b5ba10_0_16, LS_000001fb76b5ba10_0_20, LS_000001fb76b5ba10_0_24, LS_000001fb76b5ba10_0_28;
L_000001fb76b5ba10 .concat8 [ 16 16 0 0], LS_000001fb76b5ba10_1_0, LS_000001fb76b5ba10_1_4;
L_000001fb76b5c370 .part v000001fb76b43d50_0, 0, 1;
LS_000001fb76b5c910_0_0 .concat8 [ 1 1 1 1], L_000001fb76a55de0, L_000001fb76a55d70, L_000001fb76a560f0, L_000001fb76a55bb0;
LS_000001fb76b5c910_0_4 .concat8 [ 1 1 1 1], L_000001fb76a55670, L_000001fb76a55600, L_000001fb76a552f0, L_000001fb76b4e440;
LS_000001fb76b5c910_0_8 .concat8 [ 1 1 1 1], L_000001fb76b4f160, L_000001fb76b4e6e0, L_000001fb76b4e8a0, L_000001fb76b4ede0;
LS_000001fb76b5c910_0_12 .concat8 [ 1 1 1 1], L_000001fb76b4ec20, L_000001fb76b4f080, L_000001fb76b500f0, L_000001fb76b50160;
LS_000001fb76b5c910_0_16 .concat8 [ 1 1 1 1], L_000001fb76b4fec0, L_000001fb76b50a20, L_000001fb76b50470, L_000001fb76b504e0;
LS_000001fb76b5c910_0_20 .concat8 [ 1 1 1 1], L_000001fb76b50940, L_000001fb76b56380, L_000001fb76b55970, L_000001fb76b561c0;
LS_000001fb76b5c910_0_24 .concat8 [ 1 1 1 1], L_000001fb76b55cf0, L_000001fb76b55eb0, L_000001fb76b55820, L_000001fb76b560e0;
LS_000001fb76b5c910_0_28 .concat8 [ 1 1 1 1], L_000001fb76b5f480, L_000001fb76b5e990, L_000001fb76b5f170, L_000001fb76b5f560;
LS_000001fb76b5c910_1_0 .concat8 [ 4 4 4 4], LS_000001fb76b5c910_0_0, LS_000001fb76b5c910_0_4, LS_000001fb76b5c910_0_8, LS_000001fb76b5c910_0_12;
LS_000001fb76b5c910_1_4 .concat8 [ 4 4 4 4], LS_000001fb76b5c910_0_16, LS_000001fb76b5c910_0_20, LS_000001fb76b5c910_0_24, LS_000001fb76b5c910_0_28;
L_000001fb76b5c910 .concat8 [ 16 16 0 0], LS_000001fb76b5c910_1_0, LS_000001fb76b5c910_1_4;
L_000001fb76b5cc30 .part v000001fb76b42c70_0, 0, 1;
LS_000001fb76b5c730_0_0 .concat8 [ 1 1 1 1], L_000001fb76a55830, L_000001fb76a55590, L_000001fb76a557c0, L_000001fb76a558a0;
LS_000001fb76b5c730_0_4 .concat8 [ 1 1 1 1], L_000001fb76a56080, L_000001fb76a55d00, L_000001fb76a55360, L_000001fb76b4e3d0;
LS_000001fb76b5c730_0_8 .concat8 [ 1 1 1 1], L_000001fb76b4e7c0, L_000001fb76b4e830, L_000001fb76b4f010, L_000001fb76b4f240;
LS_000001fb76b5c730_0_12 .concat8 [ 1 1 1 1], L_000001fb76b4e670, L_000001fb76b4ef30, L_000001fb76b50d30, L_000001fb76b501d0;
LS_000001fb76b5c730_0_16 .concat8 [ 1 1 1 1], L_000001fb76b4ff30, L_000001fb76b50630, L_000001fb76b50400, L_000001fb76b50010;
LS_000001fb76b5c730_0_20 .concat8 [ 1 1 1 1], L_000001fb76b509b0, L_000001fb76b56150, L_000001fb76b564d0, L_000001fb76b55e40;
LS_000001fb76b5c730_0_24 .concat8 [ 1 1 1 1], L_000001fb76b56230, L_000001fb76b557b0, L_000001fb76b565b0, L_000001fb76b56310;
LS_000001fb76b5c730_0_28 .concat8 [ 1 1 1 1], L_000001fb76b5eb50, L_000001fb76b5f4f0, L_000001fb76b5ea70, L_000001fb76b5f410;
LS_000001fb76b5c730_1_0 .concat8 [ 4 4 4 4], LS_000001fb76b5c730_0_0, LS_000001fb76b5c730_0_4, LS_000001fb76b5c730_0_8, LS_000001fb76b5c730_0_12;
LS_000001fb76b5c730_1_4 .concat8 [ 4 4 4 4], LS_000001fb76b5c730_0_16, LS_000001fb76b5c730_0_20, LS_000001fb76b5c730_0_24, LS_000001fb76b5c730_0_28;
L_000001fb76b5c730 .concat8 [ 16 16 0 0], LS_000001fb76b5c730_1_0, LS_000001fb76b5c730_1_4;
L_000001fb76b5c7d0 .part v000001fb76b442f0_0, 0, 1;
LS_000001fb76b5d8b0_0_0 .concat8 [ 1 1 1 1], L_000001fb76a55f30, L_000001fb76a55a60, L_000001fb76a55e50, L_000001fb76a55fa0;
LS_000001fb76b5d8b0_0_4 .concat8 [ 1 1 1 1], L_000001fb76a55c90, L_000001fb76a56160, L_000001fb76b4e750, L_000001fb76b4ea60;
LS_000001fb76b5d8b0_0_8 .concat8 [ 1 1 1 1], L_000001fb76b4ebb0, L_000001fb76b4ee50, L_000001fb76b4e590, L_000001fb76b4ed00;
LS_000001fb76b5d8b0_0_12 .concat8 [ 1 1 1 1], L_000001fb76b4e600, L_000001fb76b50b70, L_000001fb76b50cc0, L_000001fb76b50320;
LS_000001fb76b5d8b0_0_16 .concat8 [ 1 1 1 1], L_000001fb76b502b0, L_000001fb76b50710, L_000001fb76b508d0, L_000001fb76b50550;
LS_000001fb76b5d8b0_0_20 .concat8 [ 1 1 1 1], L_000001fb76b55dd0, L_000001fb76b55ac0, L_000001fb76b56000, L_000001fb76b556d0;
LS_000001fb76b5d8b0_0_24 .concat8 [ 1 1 1 1], L_000001fb76b55b30, L_000001fb76b55f20, L_000001fb76b55c80, L_000001fb76b5eca0;
LS_000001fb76b5d8b0_0_28 .concat8 [ 1 1 1 1], L_000001fb76b5efb0, L_000001fb76b5ed10, L_000001fb76b5f2c0, L_000001fb76b5ed80;
LS_000001fb76b5d8b0_1_0 .concat8 [ 4 4 4 4], LS_000001fb76b5d8b0_0_0, LS_000001fb76b5d8b0_0_4, LS_000001fb76b5d8b0_0_8, LS_000001fb76b5d8b0_0_12;
LS_000001fb76b5d8b0_1_4 .concat8 [ 4 4 4 4], LS_000001fb76b5d8b0_0_16, LS_000001fb76b5d8b0_0_20, LS_000001fb76b5d8b0_0_24, LS_000001fb76b5d8b0_0_28;
L_000001fb76b5d8b0 .concat8 [ 16 16 0 0], LS_000001fb76b5d8b0_1_0, LS_000001fb76b5d8b0_1_4;
L_000001fb76b5c870 .part v000001fb76b43990_0, 0, 1;
LS_000001fb76b5ca50_0_0 .concat8 [ 1 1 1 1], L_000001fb76a55c20, L_000001fb76a55ad0, L_000001fb76a55440, L_000001fb76a559f0;
LS_000001fb76b5ca50_0_4 .concat8 [ 1 1 1 1], L_000001fb76a55520, L_000001fb76a55280, L_000001fb76b4f0f0, L_000001fb76b4eec0;
LS_000001fb76b5ca50_0_8 .concat8 [ 1 1 1 1], L_000001fb76b4e4b0, L_000001fb76b4eb40, L_000001fb76b4f2b0, L_000001fb76b4e9f0;
LS_000001fb76b5ca50_0_12 .concat8 [ 1 1 1 1], L_000001fb76b4ec90, L_000001fb76b50be0, L_000001fb76b50a90, L_000001fb76b50080;
LS_000001fb76b5ca50_0_16 .concat8 [ 1 1 1 1], L_000001fb76b50390, L_000001fb76b4ffa0, L_000001fb76b505c0, L_000001fb76b50780;
LS_000001fb76b5ca50_0_20 .concat8 [ 1 1 1 1], L_000001fb76b55a50, L_000001fb76b55900, L_000001fb76b56070, L_000001fb76b55740;
LS_000001fb76b5ca50_0_24 .concat8 [ 1 1 1 1], L_000001fb76b55ba0, L_000001fb76b562a0, L_000001fb76b55d60, L_000001fb76b5f090;
LS_000001fb76b5ca50_0_28 .concat8 [ 1 1 1 1], L_000001fb76b5f020, L_000001fb76b5e760, L_000001fb76b5e7d0, L_000001fb76b5f250;
LS_000001fb76b5ca50_1_0 .concat8 [ 4 4 4 4], LS_000001fb76b5ca50_0_0, LS_000001fb76b5ca50_0_4, LS_000001fb76b5ca50_0_8, LS_000001fb76b5ca50_0_12;
LS_000001fb76b5ca50_1_4 .concat8 [ 4 4 4 4], LS_000001fb76b5ca50_0_16, LS_000001fb76b5ca50_0_20, LS_000001fb76b5ca50_0_24, LS_000001fb76b5ca50_0_28;
L_000001fb76b5ca50 .concat8 [ 16 16 0 0], LS_000001fb76b5ca50_1_0, LS_000001fb76b5ca50_1_4;
L_000001fb76b5c0f0 .part L_000001fb76b5ba10, 31, 1;
L_000001fb76b5d590 .part L_000001fb76b5c910, 31, 1;
L_000001fb76b5bab0 .part L_000001fb76b5c730, 31, 1;
L_000001fb76b5d130 .part L_000001fb76b5d8b0, 31, 1;
S_000001fb76b1e460 .scope generate, "genblk1[0]" "genblk1[0]" 3 13, 3 13 0, S_000001fb76b1e2d0;
 .timescale -9 -9;
P_000001fb76a3e1c0 .param/l "i" 0 3 13, +C4<00>;
L_000001fb76a55910 .functor AND 1, L_000001fb76b5edf0, L_000001fb76b43df0, C4<1>, C4<1>;
L_000001fb76a55de0 .functor AND 1, L_000001fb76b5ebc0, L_000001fb76b43350, C4<1>, C4<1>;
L_000001fb76a55830 .functor AND 1, L_000001fb76b5f330, L_000001fb76b433f0, C4<1>, C4<1>;
L_000001fb76a55f30 .functor AND 1, L_000001fb76b5e840, L_000001fb76b42d10, C4<1>, C4<1>;
L_000001fb76a55c20 .functor OR 1, L_000001fb76b42f90, L_000001fb76b447f0, L_000001fb76b424f0, L_000001fb76b43670;
v000001fb76a4bb00_0 .net *"_ivl_1", 0 0, L_000001fb76b43df0;  1 drivers
v000001fb76a4ac00_0 .net *"_ivl_10", 0 0, L_000001fb76b447f0;  1 drivers
v000001fb76a49f80_0 .net *"_ivl_11", 0 0, L_000001fb76b424f0;  1 drivers
v000001fb76a4bec0_0 .net *"_ivl_12", 0 0, L_000001fb76b43670;  1 drivers
v000001fb76a4bc40_0 .net *"_ivl_3", 0 0, L_000001fb76b43350;  1 drivers
v000001fb76a49e40_0 .net *"_ivl_5", 0 0, L_000001fb76b433f0;  1 drivers
v000001fb76a4a340_0 .net *"_ivl_7", 0 0, L_000001fb76b42d10;  1 drivers
v000001fb76a49c60_0 .net *"_ivl_9", 0 0, L_000001fb76b42f90;  1 drivers
S_000001fb76a9d7a0 .scope generate, "genblk1[1]" "genblk1[1]" 3 13, 3 13 0, S_000001fb76b1e2d0;
 .timescale -9 -9;
P_000001fb76a3e200 .param/l "i" 0 3 13, +C4<01>;
L_000001fb76a553d0 .functor AND 1, L_000001fb76b5edf0, L_000001fb76b426d0, C4<1>, C4<1>;
L_000001fb76a55d70 .functor AND 1, L_000001fb76b5ebc0, L_000001fb76b43e90, C4<1>, C4<1>;
L_000001fb76a55590 .functor AND 1, L_000001fb76b5f330, L_000001fb76b43b70, C4<1>, C4<1>;
L_000001fb76a55a60 .functor AND 1, L_000001fb76b5e840, L_000001fb76b435d0, C4<1>, C4<1>;
L_000001fb76a55ad0 .functor OR 1, L_000001fb76b42db0, L_000001fb76b437b0, L_000001fb76b44070, L_000001fb76b43f30;
v000001fb76a4aac0_0 .net *"_ivl_1", 0 0, L_000001fb76b426d0;  1 drivers
v000001fb76a4bce0_0 .net *"_ivl_10", 0 0, L_000001fb76b437b0;  1 drivers
v000001fb76a4bd80_0 .net *"_ivl_11", 0 0, L_000001fb76b44070;  1 drivers
v000001fb76a4be20_0 .net *"_ivl_12", 0 0, L_000001fb76b43f30;  1 drivers
v000001fb76a4bf60_0 .net *"_ivl_3", 0 0, L_000001fb76b43e90;  1 drivers
v000001fb76a4c000_0 .net *"_ivl_5", 0 0, L_000001fb76b43b70;  1 drivers
v000001fb76a4a020_0 .net *"_ivl_7", 0 0, L_000001fb76b435d0;  1 drivers
v000001fb76a4ab60_0 .net *"_ivl_9", 0 0, L_000001fb76b42db0;  1 drivers
S_000001fb76a9d930 .scope generate, "genblk1[2]" "genblk1[2]" 3 13, 3 13 0, S_000001fb76b1e2d0;
 .timescale -9 -9;
P_000001fb76a3e240 .param/l "i" 0 3 13, +C4<010>;
L_000001fb76a55980 .functor AND 1, L_000001fb76b5edf0, L_000001fb76b44a70, C4<1>, C4<1>;
L_000001fb76a560f0 .functor AND 1, L_000001fb76b5ebc0, L_000001fb76b44390, C4<1>, C4<1>;
L_000001fb76a557c0 .functor AND 1, L_000001fb76b5f330, L_000001fb76b441b0, C4<1>, C4<1>;
L_000001fb76a55e50 .functor AND 1, L_000001fb76b5e840, L_000001fb76b44890, C4<1>, C4<1>;
L_000001fb76a55440 .functor OR 1, L_000001fb76b43a30, L_000001fb76b44930, L_000001fb76b42e50, L_000001fb76b43ad0;
v000001fb76a4a660_0 .net *"_ivl_1", 0 0, L_000001fb76b44a70;  1 drivers
v000001fb76a4a200_0 .net *"_ivl_10", 0 0, L_000001fb76b44930;  1 drivers
v000001fb76a4aa20_0 .net *"_ivl_11", 0 0, L_000001fb76b42e50;  1 drivers
v000001fb76a4a2a0_0 .net *"_ivl_12", 0 0, L_000001fb76b43ad0;  1 drivers
v000001fb76a4c140_0 .net *"_ivl_3", 0 0, L_000001fb76b44390;  1 drivers
v000001fb76a4aca0_0 .net *"_ivl_5", 0 0, L_000001fb76b441b0;  1 drivers
v000001fb76a4c1e0_0 .net *"_ivl_7", 0 0, L_000001fb76b44890;  1 drivers
v000001fb76a4b100_0 .net *"_ivl_9", 0 0, L_000001fb76b43a30;  1 drivers
S_000001fb76a9dac0 .scope generate, "genblk1[3]" "genblk1[3]" 3 13, 3 13 0, S_000001fb76b1e2d0;
 .timescale -9 -9;
P_000001fb76a3e340 .param/l "i" 0 3 13, +C4<011>;
L_000001fb76a556e0 .functor AND 1, L_000001fb76b5edf0, L_000001fb76b444d0, C4<1>, C4<1>;
L_000001fb76a55bb0 .functor AND 1, L_000001fb76b5ebc0, L_000001fb76b423b0, C4<1>, C4<1>;
L_000001fb76a558a0 .functor AND 1, L_000001fb76b5f330, L_000001fb76b42770, C4<1>, C4<1>;
L_000001fb76a55fa0 .functor AND 1, L_000001fb76b5e840, L_000001fb76b42b30, C4<1>, C4<1>;
L_000001fb76a559f0 .functor OR 1, L_000001fb76b429f0, L_000001fb76b43030, L_000001fb76b42bd0, L_000001fb76b42590;
v000001fb76a4ade0_0 .net *"_ivl_1", 0 0, L_000001fb76b444d0;  1 drivers
v000001fb76a49ee0_0 .net *"_ivl_10", 0 0, L_000001fb76b43030;  1 drivers
v000001fb76a4a3e0_0 .net *"_ivl_11", 0 0, L_000001fb76b42bd0;  1 drivers
v000001fb76a4a480_0 .net *"_ivl_12", 0 0, L_000001fb76b42590;  1 drivers
v000001fb76a4a700_0 .net *"_ivl_3", 0 0, L_000001fb76b423b0;  1 drivers
v000001fb76a4ae80_0 .net *"_ivl_5", 0 0, L_000001fb76b42770;  1 drivers
v000001fb76a4b240_0 .net *"_ivl_7", 0 0, L_000001fb76b42b30;  1 drivers
v000001fb76a4cc80_0 .net *"_ivl_9", 0 0, L_000001fb76b429f0;  1 drivers
S_000001fb76a9dc50 .scope generate, "genblk1[4]" "genblk1[4]" 3 13, 3 13 0, S_000001fb76b1e2d0;
 .timescale -9 -9;
P_000001fb76a3e640 .param/l "i" 0 3 13, +C4<0100>;
L_000001fb76a55b40 .functor AND 1, L_000001fb76b5edf0, L_000001fb76b42630, C4<1>, C4<1>;
L_000001fb76a55670 .functor AND 1, L_000001fb76b5ebc0, L_000001fb76b42810, C4<1>, C4<1>;
L_000001fb76a56080 .functor AND 1, L_000001fb76b5f330, L_000001fb76b432b0, C4<1>, C4<1>;
L_000001fb76a55c90 .functor AND 1, L_000001fb76b5e840, L_000001fb76b42950, C4<1>, C4<1>;
L_000001fb76a55520 .functor OR 1, L_000001fb76b430d0, L_000001fb76b42a90, L_000001fb76b45010, L_000001fb76b45330;
v000001fb76a4cdc0_0 .net *"_ivl_1", 0 0, L_000001fb76b42630;  1 drivers
v000001fb76a4cd20_0 .net *"_ivl_10", 0 0, L_000001fb76b42a90;  1 drivers
v000001fb76a4d4a0_0 .net *"_ivl_11", 0 0, L_000001fb76b45010;  1 drivers
v000001fb76a4ce60_0 .net *"_ivl_12", 0 0, L_000001fb76b45330;  1 drivers
v000001fb76a4d5e0_0 .net *"_ivl_3", 0 0, L_000001fb76b42810;  1 drivers
v000001fb76a4d040_0 .net *"_ivl_5", 0 0, L_000001fb76b432b0;  1 drivers
v000001fb76a4c5a0_0 .net *"_ivl_7", 0 0, L_000001fb76b42950;  1 drivers
v000001fb76a4c780_0 .net *"_ivl_9", 0 0, L_000001fb76b430d0;  1 drivers
S_000001fb76a9dde0 .scope generate, "genblk1[5]" "genblk1[5]" 3 13, 3 13 0, S_000001fb76b1e2d0;
 .timescale -9 -9;
P_000001fb76a3e2c0 .param/l "i" 0 3 13, +C4<0101>;
L_000001fb76a55ec0 .functor AND 1, L_000001fb76b5edf0, L_000001fb76b44ed0, C4<1>, C4<1>;
L_000001fb76a55600 .functor AND 1, L_000001fb76b5ebc0, L_000001fb76b450b0, C4<1>, C4<1>;
L_000001fb76a55d00 .functor AND 1, L_000001fb76b5f330, L_000001fb76b46b90, C4<1>, C4<1>;
L_000001fb76a56160 .functor AND 1, L_000001fb76b5e840, L_000001fb76b47270, C4<1>, C4<1>;
L_000001fb76a55280 .functor OR 1, L_000001fb76b47310, L_000001fb76b46eb0, L_000001fb76b46cd0, L_000001fb76b46e10;
v000001fb76a4c820_0 .net *"_ivl_1", 0 0, L_000001fb76b44ed0;  1 drivers
v000001fb76a4c640_0 .net *"_ivl_10", 0 0, L_000001fb76b46eb0;  1 drivers
v000001fb76a4d540_0 .net *"_ivl_11", 0 0, L_000001fb76b46cd0;  1 drivers
v000001fb76a4ca00_0 .net *"_ivl_12", 0 0, L_000001fb76b46e10;  1 drivers
v000001fb76a4d9a0_0 .net *"_ivl_3", 0 0, L_000001fb76b450b0;  1 drivers
v000001fb76a4caa0_0 .net *"_ivl_5", 0 0, L_000001fb76b46b90;  1 drivers
v000001fb76a4d720_0 .net *"_ivl_7", 0 0, L_000001fb76b47270;  1 drivers
v000001fb76a4cb40_0 .net *"_ivl_9", 0 0, L_000001fb76b47310;  1 drivers
S_000001fb76a9df70 .scope generate, "genblk1[6]" "genblk1[6]" 3 13, 3 13 0, S_000001fb76b1e2d0;
 .timescale -9 -9;
P_000001fb76a3eb00 .param/l "i" 0 3 13, +C4<0110>;
L_000001fb76a55750 .functor AND 1, L_000001fb76b5edf0, L_000001fb76b462d0, C4<1>, C4<1>;
L_000001fb76a552f0 .functor AND 1, L_000001fb76b5ebc0, L_000001fb76b46370, C4<1>, C4<1>;
L_000001fb76a55360 .functor AND 1, L_000001fb76b5f330, L_000001fb76b46230, C4<1>, C4<1>;
L_000001fb76b4e750 .functor AND 1, L_000001fb76b5e840, L_000001fb76b46d70, C4<1>, C4<1>;
L_000001fb76b4f0f0 .functor OR 1, L_000001fb76b46a50, L_000001fb76b460f0, L_000001fb76b456f0, L_000001fb76b46f50;
v000001fb76a4c8c0_0 .net *"_ivl_1", 0 0, L_000001fb76b462d0;  1 drivers
v000001fb76a4d0e0_0 .net *"_ivl_10", 0 0, L_000001fb76b460f0;  1 drivers
v000001fb76a4c500_0 .net *"_ivl_11", 0 0, L_000001fb76b456f0;  1 drivers
v000001fb76a4dae0_0 .net *"_ivl_12", 0 0, L_000001fb76b46f50;  1 drivers
v000001fb76a4c960_0 .net *"_ivl_3", 0 0, L_000001fb76b46370;  1 drivers
v000001fb76a4d680_0 .net *"_ivl_5", 0 0, L_000001fb76b46230;  1 drivers
v000001fb76a4cbe0_0 .net *"_ivl_7", 0 0, L_000001fb76b46d70;  1 drivers
v000001fb76a4c460_0 .net *"_ivl_9", 0 0, L_000001fb76b46a50;  1 drivers
S_000001fb76a9e100 .scope generate, "genblk1[7]" "genblk1[7]" 3 13, 3 13 0, S_000001fb76b1e2d0;
 .timescale -9 -9;
P_000001fb76a3dc00 .param/l "i" 0 3 13, +C4<0111>;
L_000001fb76b4e910 .functor AND 1, L_000001fb76b5edf0, L_000001fb76b46550, C4<1>, C4<1>;
L_000001fb76b4e440 .functor AND 1, L_000001fb76b5ebc0, L_000001fb76b46ff0, C4<1>, C4<1>;
L_000001fb76b4e3d0 .functor AND 1, L_000001fb76b5f330, L_000001fb76b465f0, C4<1>, C4<1>;
L_000001fb76b4ea60 .functor AND 1, L_000001fb76b5e840, L_000001fb76b45510, C4<1>, C4<1>;
L_000001fb76b4eec0 .functor OR 1, L_000001fb76b45150, L_000001fb76b46690, L_000001fb76b46410, L_000001fb76b45e70;
v000001fb76a4d900_0 .net *"_ivl_1", 0 0, L_000001fb76b46550;  1 drivers
v000001fb76a4da40_0 .net *"_ivl_10", 0 0, L_000001fb76b46690;  1 drivers
v000001fb76a4c6e0_0 .net *"_ivl_11", 0 0, L_000001fb76b46410;  1 drivers
v000001fb76a4cf00_0 .net *"_ivl_12", 0 0, L_000001fb76b45e70;  1 drivers
v000001fb76a4d400_0 .net *"_ivl_3", 0 0, L_000001fb76b46ff0;  1 drivers
v000001fb76a4cfa0_0 .net *"_ivl_5", 0 0, L_000001fb76b465f0;  1 drivers
v000001fb76a4d180_0 .net *"_ivl_7", 0 0, L_000001fb76b45510;  1 drivers
v000001fb76a4d7c0_0 .net *"_ivl_9", 0 0, L_000001fb76b45150;  1 drivers
S_000001fb76a9e290 .scope generate, "genblk1[8]" "genblk1[8]" 3 13, 3 13 0, S_000001fb76b1e2d0;
 .timescale -9 -9;
P_000001fb76a3e440 .param/l "i" 0 3 13, +C4<01000>;
L_000001fb76b4e520 .functor AND 1, L_000001fb76b5edf0, L_000001fb76b453d0, C4<1>, C4<1>;
L_000001fb76b4f160 .functor AND 1, L_000001fb76b5ebc0, L_000001fb76b44f70, C4<1>, C4<1>;
L_000001fb76b4e7c0 .functor AND 1, L_000001fb76b5f330, L_000001fb76b451f0, C4<1>, C4<1>;
L_000001fb76b4ebb0 .functor AND 1, L_000001fb76b5e840, L_000001fb76b46c30, C4<1>, C4<1>;
L_000001fb76b4e4b0 .functor OR 1, L_000001fb76b464b0, L_000001fb76b44bb0, L_000001fb76b46730, L_000001fb76b44d90;
v000001fb76a4d220_0 .net *"_ivl_1", 0 0, L_000001fb76b453d0;  1 drivers
v000001fb76a4d2c0_0 .net *"_ivl_10", 0 0, L_000001fb76b44bb0;  1 drivers
v000001fb76a4d360_0 .net *"_ivl_11", 0 0, L_000001fb76b46730;  1 drivers
v000001fb76a4d860_0 .net *"_ivl_12", 0 0, L_000001fb76b44d90;  1 drivers
v000001fb76a3c210_0 .net *"_ivl_3", 0 0, L_000001fb76b44f70;  1 drivers
v000001fb76a3be50_0 .net *"_ivl_5", 0 0, L_000001fb76b451f0;  1 drivers
v000001fb76a3c530_0 .net *"_ivl_7", 0 0, L_000001fb76b46c30;  1 drivers
v000001fb76a3b1d0_0 .net *"_ivl_9", 0 0, L_000001fb76b464b0;  1 drivers
S_000001fb76a9e420 .scope generate, "genblk1[9]" "genblk1[9]" 3 13, 3 13 0, S_000001fb76b1e2d0;
 .timescale -9 -9;
P_000001fb76a3e300 .param/l "i" 0 3 13, +C4<01001>;
L_000001fb76b4f1d0 .functor AND 1, L_000001fb76b5edf0, L_000001fb76b47090, C4<1>, C4<1>;
L_000001fb76b4e6e0 .functor AND 1, L_000001fb76b5ebc0, L_000001fb76b467d0, C4<1>, C4<1>;
L_000001fb76b4e830 .functor AND 1, L_000001fb76b5f330, L_000001fb76b47130, C4<1>, C4<1>;
L_000001fb76b4ee50 .functor AND 1, L_000001fb76b5e840, L_000001fb76b45470, C4<1>, C4<1>;
L_000001fb76b4eb40 .functor OR 1, L_000001fb76b46870, L_000001fb76b44e30, L_000001fb76b45830, L_000001fb76b45d30;
v000001fb76a3b6d0_0 .net *"_ivl_1", 0 0, L_000001fb76b47090;  1 drivers
v000001fb76a3b950_0 .net *"_ivl_10", 0 0, L_000001fb76b44e30;  1 drivers
v000001fb76a3bc70_0 .net *"_ivl_11", 0 0, L_000001fb76b45830;  1 drivers
v000001fb76a3b270_0 .net *"_ivl_12", 0 0, L_000001fb76b45d30;  1 drivers
v000001fb76a3c2b0_0 .net *"_ivl_3", 0 0, L_000001fb76b467d0;  1 drivers
v000001fb76a3b3b0_0 .net *"_ivl_5", 0 0, L_000001fb76b47130;  1 drivers
v000001fb76a387f0_0 .net *"_ivl_7", 0 0, L_000001fb76b45470;  1 drivers
v000001fb76a3a230_0 .net *"_ivl_9", 0 0, L_000001fb76b46870;  1 drivers
S_000001fb76a9e5b0 .scope generate, "genblk1[10]" "genblk1[10]" 3 13, 3 13 0, S_000001fb76b1e2d0;
 .timescale -9 -9;
P_000001fb76a3e380 .param/l "i" 0 3 13, +C4<01010>;
L_000001fb76b4ed70 .functor AND 1, L_000001fb76b5edf0, L_000001fb76b45bf0, C4<1>, C4<1>;
L_000001fb76b4e8a0 .functor AND 1, L_000001fb76b5ebc0, L_000001fb76b45dd0, C4<1>, C4<1>;
L_000001fb76b4f010 .functor AND 1, L_000001fb76b5f330, L_000001fb76b46af0, C4<1>, C4<1>;
L_000001fb76b4e590 .functor AND 1, L_000001fb76b5e840, L_000001fb76b455b0, C4<1>, C4<1>;
L_000001fb76b4f2b0 .functor OR 1, L_000001fb76b45b50, L_000001fb76b471d0, L_000001fb76b45c90, L_000001fb76b45790;
v000001fb76a39970_0 .net *"_ivl_1", 0 0, L_000001fb76b45bf0;  1 drivers
v000001fb76a38cf0_0 .net *"_ivl_10", 0 0, L_000001fb76b471d0;  1 drivers
v000001fb76a390b0_0 .net *"_ivl_11", 0 0, L_000001fb76b45c90;  1 drivers
v000001fb76a39470_0 .net *"_ivl_12", 0 0, L_000001fb76b45790;  1 drivers
v000001fb76a3aaf0_0 .net *"_ivl_3", 0 0, L_000001fb76b45dd0;  1 drivers
v000001fb76a39290_0 .net *"_ivl_5", 0 0, L_000001fb76b46af0;  1 drivers
v000001fb76a3a050_0 .net *"_ivl_7", 0 0, L_000001fb76b455b0;  1 drivers
v000001fb76a39830_0 .net *"_ivl_9", 0 0, L_000001fb76b45b50;  1 drivers
S_000001fb76a9e740 .scope generate, "genblk1[11]" "genblk1[11]" 3 13, 3 13 0, S_000001fb76b1e2d0;
 .timescale -9 -9;
P_000001fb76a3e480 .param/l "i" 0 3 13, +C4<01011>;
L_000001fb76b4e980 .functor AND 1, L_000001fb76b5edf0, L_000001fb76b45290, C4<1>, C4<1>;
L_000001fb76b4ede0 .functor AND 1, L_000001fb76b5ebc0, L_000001fb76b45f10, C4<1>, C4<1>;
L_000001fb76b4f240 .functor AND 1, L_000001fb76b5f330, L_000001fb76b44c50, C4<1>, C4<1>;
L_000001fb76b4ed00 .functor AND 1, L_000001fb76b5e840, L_000001fb76b44cf0, C4<1>, C4<1>;
L_000001fb76b4e9f0 .functor OR 1, L_000001fb76b45fb0, L_000001fb76b46050, L_000001fb76b46910, L_000001fb76b469b0;
v000001fb76a39c90_0 .net *"_ivl_1", 0 0, L_000001fb76b45290;  1 drivers
v000001fb76a39ab0_0 .net *"_ivl_10", 0 0, L_000001fb76b46050;  1 drivers
v000001fb76a3ac30_0 .net *"_ivl_11", 0 0, L_000001fb76b46910;  1 drivers
v000001fb76a39dd0_0 .net *"_ivl_12", 0 0, L_000001fb76b469b0;  1 drivers
v000001fb76a3ad70_0 .net *"_ivl_3", 0 0, L_000001fb76b45f10;  1 drivers
v000001fb76a3a0f0_0 .net *"_ivl_5", 0 0, L_000001fb76b44c50;  1 drivers
v000001fb76a3a370_0 .net *"_ivl_7", 0 0, L_000001fb76b44cf0;  1 drivers
v000001fb76a38a70_0 .net *"_ivl_9", 0 0, L_000001fb76b45fb0;  1 drivers
S_000001fb76a9e8d0 .scope generate, "genblk1[12]" "genblk1[12]" 3 13, 3 13 0, S_000001fb76b1e2d0;
 .timescale -9 -9;
P_000001fb76a3e500 .param/l "i" 0 3 13, +C4<01100>;
L_000001fb76b4ead0 .functor AND 1, L_000001fb76b5edf0, L_000001fb76b45650, C4<1>, C4<1>;
L_000001fb76b4ec20 .functor AND 1, L_000001fb76b5ebc0, L_000001fb76b458d0, C4<1>, C4<1>;
L_000001fb76b4e670 .functor AND 1, L_000001fb76b5f330, L_000001fb76b45970, C4<1>, C4<1>;
L_000001fb76b4e600 .functor AND 1, L_000001fb76b5e840, L_000001fb76b45a10, C4<1>, C4<1>;
L_000001fb76b4ec90 .functor OR 1, L_000001fb76b45ab0, L_000001fb76b46190, L_000001fb76b47e50, L_000001fb76b478b0;
v000001fb76a294f0_0 .net *"_ivl_1", 0 0, L_000001fb76b45650;  1 drivers
v000001fb76a29590_0 .net *"_ivl_10", 0 0, L_000001fb76b46190;  1 drivers
v000001fb76a298b0_0 .net *"_ivl_11", 0 0, L_000001fb76b47e50;  1 drivers
v000001fb76a29ef0_0 .net *"_ivl_12", 0 0, L_000001fb76b478b0;  1 drivers
v000001fb76a29b30_0 .net *"_ivl_3", 0 0, L_000001fb76b458d0;  1 drivers
v000001fb76a2a670_0 .net *"_ivl_5", 0 0, L_000001fb76b45970;  1 drivers
v000001fb76a29130_0 .net *"_ivl_7", 0 0, L_000001fb76b45a10;  1 drivers
v000001fb76a2a2b0_0 .net *"_ivl_9", 0 0, L_000001fb76b45ab0;  1 drivers
S_000001fb76a9ea60 .scope generate, "genblk1[13]" "genblk1[13]" 3 13, 3 13 0, S_000001fb76b1e2d0;
 .timescale -9 -9;
P_000001fb76a3e580 .param/l "i" 0 3 13, +C4<01101>;
L_000001fb76b4efa0 .functor AND 1, L_000001fb76b5edf0, L_000001fb76b48670, C4<1>, C4<1>;
L_000001fb76b4f080 .functor AND 1, L_000001fb76b5ebc0, L_000001fb76b47b30, C4<1>, C4<1>;
L_000001fb76b4ef30 .functor AND 1, L_000001fb76b5f330, L_000001fb76b476d0, C4<1>, C4<1>;
L_000001fb76b50b70 .functor AND 1, L_000001fb76b5e840, L_000001fb76b47450, C4<1>, C4<1>;
L_000001fb76b50be0 .functor OR 1, L_000001fb76b49390, L_000001fb76b49b10, L_000001fb76b492f0, L_000001fb76b48cb0;
v000001fb76a2a530_0 .net *"_ivl_1", 0 0, L_000001fb76b48670;  1 drivers
v000001fb76a28f50_0 .net *"_ivl_10", 0 0, L_000001fb76b49b10;  1 drivers
v000001fb76a2a7b0_0 .net *"_ivl_11", 0 0, L_000001fb76b492f0;  1 drivers
v000001fb76a2a8f0_0 .net *"_ivl_12", 0 0, L_000001fb76b48cb0;  1 drivers
v000001fb76a2a990_0 .net *"_ivl_3", 0 0, L_000001fb76b47b30;  1 drivers
v000001fb76a2aad0_0 .net *"_ivl_5", 0 0, L_000001fb76b476d0;  1 drivers
v000001fb76a28ff0_0 .net *"_ivl_7", 0 0, L_000001fb76b47450;  1 drivers
v000001fb769f1d60_0 .net *"_ivl_9", 0 0, L_000001fb76b49390;  1 drivers
S_000001fb76a9ebf0 .scope generate, "genblk1[14]" "genblk1[14]" 3 13, 3 13 0, S_000001fb76b1e2d0;
 .timescale -9 -9;
P_000001fb76a3e700 .param/l "i" 0 3 13, +C4<01110>;
L_000001fb76b50da0 .functor AND 1, L_000001fb76b5edf0, L_000001fb76b473b0, C4<1>, C4<1>;
L_000001fb76b500f0 .functor AND 1, L_000001fb76b5ebc0, L_000001fb76b47630, C4<1>, C4<1>;
L_000001fb76b50d30 .functor AND 1, L_000001fb76b5f330, L_000001fb76b483f0, C4<1>, C4<1>;
L_000001fb76b50cc0 .functor AND 1, L_000001fb76b5e840, L_000001fb76b49070, C4<1>, C4<1>;
L_000001fb76b50a90 .functor OR 1, L_000001fb76b488f0, L_000001fb76b497f0, L_000001fb76b494d0, L_000001fb76b485d0;
v000001fb769f2da0_0 .net *"_ivl_1", 0 0, L_000001fb76b473b0;  1 drivers
v000001fb769f2440_0 .net *"_ivl_10", 0 0, L_000001fb76b497f0;  1 drivers
v000001fb769f2b20_0 .net *"_ivl_11", 0 0, L_000001fb76b494d0;  1 drivers
v000001fb769f2c60_0 .net *"_ivl_12", 0 0, L_000001fb76b485d0;  1 drivers
v000001fb769f33e0_0 .net *"_ivl_3", 0 0, L_000001fb76b47630;  1 drivers
v000001fb769f2e40_0 .net *"_ivl_5", 0 0, L_000001fb76b483f0;  1 drivers
v000001fb769f1f40_0 .net *"_ivl_7", 0 0, L_000001fb76b49070;  1 drivers
v000001fb769f1ae0_0 .net *"_ivl_9", 0 0, L_000001fb76b488f0;  1 drivers
S_000001fb76b2d750 .scope generate, "genblk1[15]" "genblk1[15]" 3 13, 3 13 0, S_000001fb76b1e2d0;
 .timescale -9 -9;
P_000001fb76a3e740 .param/l "i" 0 3 13, +C4<01111>;
L_000001fb76b50240 .functor AND 1, L_000001fb76b5edf0, L_000001fb76b48490, C4<1>, C4<1>;
L_000001fb76b50160 .functor AND 1, L_000001fb76b5ebc0, L_000001fb76b47590, C4<1>, C4<1>;
L_000001fb76b501d0 .functor AND 1, L_000001fb76b5f330, L_000001fb76b49890, C4<1>, C4<1>;
L_000001fb76b50320 .functor AND 1, L_000001fb76b5e840, L_000001fb76b48d50, C4<1>, C4<1>;
L_000001fb76b50080 .functor OR 1, L_000001fb76b49930, L_000001fb76b48170, L_000001fb76b47770, L_000001fb76b47db0;
v000001fb769f2f80_0 .net *"_ivl_1", 0 0, L_000001fb76b48490;  1 drivers
v000001fb769f1680_0 .net *"_ivl_10", 0 0, L_000001fb76b48170;  1 drivers
v000001fb769f1860_0 .net *"_ivl_11", 0 0, L_000001fb76b47770;  1 drivers
v000001fb769f21c0_0 .net *"_ivl_12", 0 0, L_000001fb76b47db0;  1 drivers
v000001fb769f2620_0 .net *"_ivl_3", 0 0, L_000001fb76b47590;  1 drivers
v000001fb769fc5c0_0 .net *"_ivl_5", 0 0, L_000001fb76b49890;  1 drivers
v000001fb769fcca0_0 .net *"_ivl_7", 0 0, L_000001fb76b48d50;  1 drivers
v000001fb769fc200_0 .net *"_ivl_9", 0 0, L_000001fb76b49930;  1 drivers
S_000001fb76b2dd90 .scope generate, "genblk1[16]" "genblk1[16]" 3 13, 3 13 0, S_000001fb76b1e2d0;
 .timescale -9 -9;
P_000001fb76a3e780 .param/l "i" 0 3 13, +C4<010000>;
L_000001fb76b50b00 .functor AND 1, L_000001fb76b5edf0, L_000001fb76b49750, C4<1>, C4<1>;
L_000001fb76b4fec0 .functor AND 1, L_000001fb76b5ebc0, L_000001fb76b47810, C4<1>, C4<1>;
L_000001fb76b4ff30 .functor AND 1, L_000001fb76b5f330, L_000001fb76b499d0, C4<1>, C4<1>;
L_000001fb76b502b0 .functor AND 1, L_000001fb76b5e840, L_000001fb76b47ef0, C4<1>, C4<1>;
L_000001fb76b50390 .functor OR 1, L_000001fb76b48350, L_000001fb76b47c70, L_000001fb76b48b70, L_000001fb76b48530;
v000001fb769fba80_0 .net *"_ivl_1", 0 0, L_000001fb76b49750;  1 drivers
v000001fb769fc480_0 .net *"_ivl_10", 0 0, L_000001fb76b47c70;  1 drivers
v000001fb769fc3e0_0 .net *"_ivl_11", 0 0, L_000001fb76b48b70;  1 drivers
v000001fb769fce80_0 .net *"_ivl_12", 0 0, L_000001fb76b48530;  1 drivers
v000001fb769fbc60_0 .net *"_ivl_3", 0 0, L_000001fb76b47810;  1 drivers
v000001fb769fb440_0 .net *"_ivl_5", 0 0, L_000001fb76b499d0;  1 drivers
v000001fb769fbda0_0 .net *"_ivl_7", 0 0, L_000001fb76b47ef0;  1 drivers
v000001fb769fb4e0_0 .net *"_ivl_9", 0 0, L_000001fb76b48350;  1 drivers
S_000001fb76b2d430 .scope generate, "genblk1[17]" "genblk1[17]" 3 13, 3 13 0, S_000001fb76b1e2d0;
 .timescale -9 -9;
P_000001fb76a3e880 .param/l "i" 0 3 13, +C4<010001>;
L_000001fb76b506a0 .functor AND 1, L_000001fb76b5edf0, L_000001fb76b480d0, C4<1>, C4<1>;
L_000001fb76b50a20 .functor AND 1, L_000001fb76b5ebc0, L_000001fb76b47950, C4<1>, C4<1>;
L_000001fb76b50630 .functor AND 1, L_000001fb76b5f330, L_000001fb76b48df0, C4<1>, C4<1>;
L_000001fb76b50710 .functor AND 1, L_000001fb76b5e840, L_000001fb76b49430, C4<1>, C4<1>;
L_000001fb76b4ffa0 .functor OR 1, L_000001fb76b48e90, L_000001fb76b474f0, L_000001fb76b48f30, L_000001fb76b479f0;
v000001fb769fb580_0 .net *"_ivl_1", 0 0, L_000001fb76b480d0;  1 drivers
v000001fb769fb6c0_0 .net *"_ivl_10", 0 0, L_000001fb76b474f0;  1 drivers
v000001fb769fb760_0 .net *"_ivl_11", 0 0, L_000001fb76b48f30;  1 drivers
v000001fb76a06080_0 .net *"_ivl_12", 0 0, L_000001fb76b479f0;  1 drivers
v000001fb76a06a80_0 .net *"_ivl_3", 0 0, L_000001fb76b47950;  1 drivers
v000001fb76a05fe0_0 .net *"_ivl_5", 0 0, L_000001fb76b48df0;  1 drivers
v000001fb76a05180_0 .net *"_ivl_7", 0 0, L_000001fb76b49430;  1 drivers
v000001fb76a054a0_0 .net *"_ivl_9", 0 0, L_000001fb76b48e90;  1 drivers
S_000001fb76b2df20 .scope generate, "genblk1[18]" "genblk1[18]" 3 13, 3 13 0, S_000001fb76b1e2d0;
 .timescale -9 -9;
P_000001fb76a3e940 .param/l "i" 0 3 13, +C4<010010>;
L_000001fb76b50c50 .functor AND 1, L_000001fb76b5edf0, L_000001fb76b47a90, C4<1>, C4<1>;
L_000001fb76b50470 .functor AND 1, L_000001fb76b5ebc0, L_000001fb76b48fd0, C4<1>, C4<1>;
L_000001fb76b50400 .functor AND 1, L_000001fb76b5f330, L_000001fb76b49a70, C4<1>, C4<1>;
L_000001fb76b508d0 .functor AND 1, L_000001fb76b5e840, L_000001fb76b47bd0, C4<1>, C4<1>;
L_000001fb76b505c0 .functor OR 1, L_000001fb76b48a30, L_000001fb76b47d10, L_000001fb76b48030, L_000001fb76b48710;
v000001fb76a061c0_0 .net *"_ivl_1", 0 0, L_000001fb76b47a90;  1 drivers
v000001fb76a04f00_0 .net *"_ivl_10", 0 0, L_000001fb76b47d10;  1 drivers
v000001fb76a063a0_0 .net *"_ivl_11", 0 0, L_000001fb76b48030;  1 drivers
v000001fb76a05220_0 .net *"_ivl_12", 0 0, L_000001fb76b48710;  1 drivers
v000001fb76a052c0_0 .net *"_ivl_3", 0 0, L_000001fb76b48fd0;  1 drivers
v000001fb76a05b80_0 .net *"_ivl_5", 0 0, L_000001fb76b49a70;  1 drivers
v000001fb76a055e0_0 .net *"_ivl_7", 0 0, L_000001fb76b47bd0;  1 drivers
v000001fb76a05900_0 .net *"_ivl_9", 0 0, L_000001fb76b48a30;  1 drivers
S_000001fb76b2d5c0 .scope generate, "genblk1[19]" "genblk1[19]" 3 13, 3 13 0, S_000001fb76b1e2d0;
 .timescale -9 -9;
P_000001fb76a3da40 .param/l "i" 0 3 13, +C4<010011>;
L_000001fb76b507f0 .functor AND 1, L_000001fb76b5edf0, L_000001fb76b487b0, C4<1>, C4<1>;
L_000001fb76b504e0 .functor AND 1, L_000001fb76b5ebc0, L_000001fb76b48850, C4<1>, C4<1>;
L_000001fb76b50010 .functor AND 1, L_000001fb76b5f330, L_000001fb76b49570, C4<1>, C4<1>;
L_000001fb76b50550 .functor AND 1, L_000001fb76b5e840, L_000001fb76b47f90, C4<1>, C4<1>;
L_000001fb76b50780 .functor OR 1, L_000001fb76b496b0, L_000001fb76b49610, L_000001fb76b48990, L_000001fb76b48210;
v000001fb76a05a40_0 .net *"_ivl_1", 0 0, L_000001fb76b487b0;  1 drivers
v000001fb76a0cb80_0 .net *"_ivl_10", 0 0, L_000001fb76b49610;  1 drivers
v000001fb76a0d9e0_0 .net *"_ivl_11", 0 0, L_000001fb76b48990;  1 drivers
v000001fb76a0c4a0_0 .net *"_ivl_12", 0 0, L_000001fb76b48210;  1 drivers
v000001fb76a0c860_0 .net *"_ivl_3", 0 0, L_000001fb76b48850;  1 drivers
v000001fb76a0ce00_0 .net *"_ivl_5", 0 0, L_000001fb76b49570;  1 drivers
v000001fb76a0d260_0 .net *"_ivl_7", 0 0, L_000001fb76b47f90;  1 drivers
v000001fb76a0dee0_0 .net *"_ivl_9", 0 0, L_000001fb76b496b0;  1 drivers
S_000001fb76b2d8e0 .scope generate, "genblk1[20]" "genblk1[20]" 3 13, 3 13 0, S_000001fb76b1e2d0;
 .timescale -9 -9;
P_000001fb769e4820 .param/l "i" 0 3 13, +C4<010100>;
L_000001fb76b50860 .functor AND 1, L_000001fb76b5edf0, L_000001fb76b482b0, C4<1>, C4<1>;
L_000001fb76b50940 .functor AND 1, L_000001fb76b5ebc0, L_000001fb76b48ad0, C4<1>, C4<1>;
L_000001fb76b509b0 .functor AND 1, L_000001fb76b5f330, L_000001fb76b48c10, C4<1>, C4<1>;
L_000001fb76b55dd0 .functor AND 1, L_000001fb76b5e840, L_000001fb76b49110, C4<1>, C4<1>;
L_000001fb76b55a50 .functor OR 1, L_000001fb76b491b0, L_000001fb76b49250, L_000001fb76b4a010, L_000001fb76b49e30;
v000001fb76a0c9a0_0 .net *"_ivl_1", 0 0, L_000001fb76b482b0;  1 drivers
v000001fb76a0d440_0 .net *"_ivl_10", 0 0, L_000001fb76b49250;  1 drivers
v000001fb76a0c900_0 .net *"_ivl_11", 0 0, L_000001fb76b4a010;  1 drivers
v000001fb76a0df80_0 .net *"_ivl_12", 0 0, L_000001fb76b49e30;  1 drivers
v000001fb76a0c400_0 .net *"_ivl_3", 0 0, L_000001fb76b48ad0;  1 drivers
v000001fb76a0e0c0_0 .net *"_ivl_5", 0 0, L_000001fb76b48c10;  1 drivers
v000001fb76a0c540_0 .net *"_ivl_7", 0 0, L_000001fb76b49110;  1 drivers
v000001fb76a1ebb0_0 .net *"_ivl_9", 0 0, L_000001fb76b491b0;  1 drivers
S_000001fb76b2d110 .scope generate, "genblk1[21]" "genblk1[21]" 3 13, 3 13 0, S_000001fb76b1e2d0;
 .timescale -9 -9;
P_000001fb769e4ce0 .param/l "i" 0 3 13, +C4<010101>;
L_000001fb76b559e0 .functor AND 1, L_000001fb76b5edf0, L_000001fb76b49ed0, C4<1>, C4<1>;
L_000001fb76b56380 .functor AND 1, L_000001fb76b5ebc0, L_000001fb76b4a0b0, C4<1>, C4<1>;
L_000001fb76b56150 .functor AND 1, L_000001fb76b5f330, L_000001fb76b4a1f0, C4<1>, C4<1>;
L_000001fb76b55ac0 .functor AND 1, L_000001fb76b5e840, L_000001fb76b49f70, C4<1>, C4<1>;
L_000001fb76b55900 .functor OR 1, L_000001fb76b4a290, L_000001fb76b4a150, L_000001fb76b49bb0, L_000001fb76b49c50;
v000001fb76a1ff10_0 .net *"_ivl_1", 0 0, L_000001fb76b49ed0;  1 drivers
v000001fb76a1eb10_0 .net *"_ivl_10", 0 0, L_000001fb76b4a150;  1 drivers
v000001fb76a1ed90_0 .net *"_ivl_11", 0 0, L_000001fb76b49bb0;  1 drivers
v000001fb76a1fc90_0 .net *"_ivl_12", 0 0, L_000001fb76b49c50;  1 drivers
v000001fb76a1f010_0 .net *"_ivl_3", 0 0, L_000001fb76b4a0b0;  1 drivers
v000001fb76a20050_0 .net *"_ivl_5", 0 0, L_000001fb76b4a1f0;  1 drivers
v000001fb76a1f150_0 .net *"_ivl_7", 0 0, L_000001fb76b49f70;  1 drivers
v000001fb76a1f790_0 .net *"_ivl_9", 0 0, L_000001fb76b4a290;  1 drivers
S_000001fb76b2da70 .scope generate, "genblk1[22]" "genblk1[22]" 3 13, 3 13 0, S_000001fb76b1e2d0;
 .timescale -9 -9;
P_000001fb769e4920 .param/l "i" 0 3 13, +C4<010110>;
L_000001fb76b563f0 .functor AND 1, L_000001fb76b5edf0, L_000001fb76b49cf0, C4<1>, C4<1>;
L_000001fb76b55970 .functor AND 1, L_000001fb76b5ebc0, L_000001fb76b49d90, C4<1>, C4<1>;
L_000001fb76b564d0 .functor AND 1, L_000001fb76b5f330, L_000001fb76b5abb0, C4<1>, C4<1>;
L_000001fb76b56000 .functor AND 1, L_000001fb76b5e840, L_000001fb76b59350, C4<1>, C4<1>;
L_000001fb76b56070 .functor OR 1, L_000001fb76b59490, L_000001fb76b5b650, L_000001fb76b5a1b0, L_000001fb76b5a4d0;
v000001fb76a1f1f0_0 .net *"_ivl_1", 0 0, L_000001fb76b49cf0;  1 drivers
v000001fb76a1f290_0 .net *"_ivl_10", 0 0, L_000001fb76b5b650;  1 drivers
v000001fb76a1f330_0 .net *"_ivl_11", 0 0, L_000001fb76b5a1b0;  1 drivers
v000001fb76a1f6f0_0 .net *"_ivl_12", 0 0, L_000001fb76b5a4d0;  1 drivers
v000001fb76a1f830_0 .net *"_ivl_3", 0 0, L_000001fb76b49d90;  1 drivers
v000001fb76a16670_0 .net *"_ivl_5", 0 0, L_000001fb76b5abb0;  1 drivers
v000001fb76a16a30_0 .net *"_ivl_7", 0 0, L_000001fb76b59350;  1 drivers
v000001fb76a16850_0 .net *"_ivl_9", 0 0, L_000001fb76b59490;  1 drivers
S_000001fb76b2dc00 .scope generate, "genblk1[23]" "genblk1[23]" 3 13, 3 13 0, S_000001fb76b1e2d0;
 .timescale -9 -9;
P_000001fb769e49a0 .param/l "i" 0 3 13, +C4<010111>;
L_000001fb76b56540 .functor AND 1, L_000001fb76b5edf0, L_000001fb76b5aa70, C4<1>, C4<1>;
L_000001fb76b561c0 .functor AND 1, L_000001fb76b5ebc0, L_000001fb76b597b0, C4<1>, C4<1>;
L_000001fb76b55e40 .functor AND 1, L_000001fb76b5f330, L_000001fb76b59530, C4<1>, C4<1>;
L_000001fb76b556d0 .functor AND 1, L_000001fb76b5e840, L_000001fb76b59d50, C4<1>, C4<1>;
L_000001fb76b55740 .functor OR 1, L_000001fb76b59670, L_000001fb76b5b0b0, L_000001fb76b58ef0, L_000001fb76b59710;
v000001fb76a171b0_0 .net *"_ivl_1", 0 0, L_000001fb76b5aa70;  1 drivers
v000001fb76a16210_0 .net *"_ivl_10", 0 0, L_000001fb76b5b0b0;  1 drivers
v000001fb76a17430_0 .net *"_ivl_11", 0 0, L_000001fb76b58ef0;  1 drivers
v000001fb76a17570_0 .net *"_ivl_12", 0 0, L_000001fb76b59710;  1 drivers
v000001fb76a15f90_0 .net *"_ivl_3", 0 0, L_000001fb76b597b0;  1 drivers
v000001fb76a177f0_0 .net *"_ivl_5", 0 0, L_000001fb76b59530;  1 drivers
v000001fb76a17890_0 .net *"_ivl_7", 0 0, L_000001fb76b59d50;  1 drivers
v000001fb76a16170_0 .net *"_ivl_9", 0 0, L_000001fb76b59670;  1 drivers
S_000001fb76b2d2a0 .scope generate, "genblk1[24]" "genblk1[24]" 3 13, 3 13 0, S_000001fb76b1e2d0;
 .timescale -9 -9;
P_000001fb769e4d20 .param/l "i" 0 3 13, +C4<011000>;
L_000001fb76b56460 .functor AND 1, L_000001fb76b5edf0, L_000001fb76b5b3d0, C4<1>, C4<1>;
L_000001fb76b55cf0 .functor AND 1, L_000001fb76b5ebc0, L_000001fb76b59f30, C4<1>, C4<1>;
L_000001fb76b56230 .functor AND 1, L_000001fb76b5f330, L_000001fb76b59030, C4<1>, C4<1>;
L_000001fb76b55b30 .functor AND 1, L_000001fb76b5e840, L_000001fb76b590d0, C4<1>, C4<1>;
L_000001fb76b55ba0 .functor OR 1, L_000001fb76b5b510, L_000001fb76b59210, L_000001fb76b5a110, L_000001fb76b59990;
v000001fb76a15bd0_0 .net *"_ivl_1", 0 0, L_000001fb76b5b3d0;  1 drivers
v000001fb76a15e50_0 .net *"_ivl_10", 0 0, L_000001fb76b59210;  1 drivers
v000001fb76a30b10_0 .net *"_ivl_11", 0 0, L_000001fb76b5a110;  1 drivers
v000001fb76a2ff30_0 .net *"_ivl_12", 0 0, L_000001fb76b59990;  1 drivers
v000001fb76a2f530_0 .net *"_ivl_3", 0 0, L_000001fb76b59f30;  1 drivers
v000001fb76a30bb0_0 .net *"_ivl_5", 0 0, L_000001fb76b59030;  1 drivers
v000001fb76a30390_0 .net *"_ivl_7", 0 0, L_000001fb76b590d0;  1 drivers
v000001fb76a2f850_0 .net *"_ivl_9", 0 0, L_000001fb76b5b510;  1 drivers
S_000001fb76b2ef30 .scope generate, "genblk1[25]" "genblk1[25]" 3 13, 3 13 0, S_000001fb76b1e2d0;
 .timescale -9 -9;
P_000001fb769e4d60 .param/l "i" 0 3 13, +C4<011001>;
L_000001fb76b55c10 .functor AND 1, L_000001fb76b5edf0, L_000001fb76b59850, C4<1>, C4<1>;
L_000001fb76b55eb0 .functor AND 1, L_000001fb76b5ebc0, L_000001fb76b5aed0, C4<1>, C4<1>;
L_000001fb76b557b0 .functor AND 1, L_000001fb76b5f330, L_000001fb76b5b290, C4<1>, C4<1>;
L_000001fb76b55f20 .functor AND 1, L_000001fb76b5e840, L_000001fb76b5ae30, C4<1>, C4<1>;
L_000001fb76b562a0 .functor OR 1, L_000001fb76b593f0, L_000001fb76b5a890, L_000001fb76b592b0, L_000001fb76b59fd0;
v000001fb76a30110_0 .net *"_ivl_1", 0 0, L_000001fb76b59850;  1 drivers
v000001fb76a2f0d0_0 .net *"_ivl_10", 0 0, L_000001fb76b5a890;  1 drivers
v000001fb76a2fad0_0 .net *"_ivl_11", 0 0, L_000001fb76b592b0;  1 drivers
v000001fb76a2fd50_0 .net *"_ivl_12", 0 0, L_000001fb76b59fd0;  1 drivers
v000001fb76a2f2b0_0 .net *"_ivl_3", 0 0, L_000001fb76b5aed0;  1 drivers
v000001fb76a30250_0 .net *"_ivl_5", 0 0, L_000001fb76b5b290;  1 drivers
v000001fb76a30610_0 .net *"_ivl_7", 0 0, L_000001fb76b5ae30;  1 drivers
v000001fb769ee5a0_0 .net *"_ivl_9", 0 0, L_000001fb76b593f0;  1 drivers
S_000001fb76b2e2b0 .scope generate, "genblk1[26]" "genblk1[26]" 3 13, 3 13 0, S_000001fb76b1e2d0;
 .timescale -9 -9;
P_000001fb769e4a20 .param/l "i" 0 3 13, +C4<011010>;
L_000001fb76b55890 .functor AND 1, L_000001fb76b5edf0, L_000001fb76b5a750, C4<1>, C4<1>;
L_000001fb76b55820 .functor AND 1, L_000001fb76b5ebc0, L_000001fb76b5a6b0, C4<1>, C4<1>;
L_000001fb76b565b0 .functor AND 1, L_000001fb76b5f330, L_000001fb76b5b330, C4<1>, C4<1>;
L_000001fb76b55c80 .functor AND 1, L_000001fb76b5e840, L_000001fb76b5a390, C4<1>, C4<1>;
L_000001fb76b55d60 .functor OR 1, L_000001fb76b59b70, L_000001fb76b5a250, L_000001fb76b5ab10, L_000001fb76b5ac50;
v000001fb769eebe0_0 .net *"_ivl_1", 0 0, L_000001fb76b5a750;  1 drivers
v000001fb769ee780_0 .net *"_ivl_10", 0 0, L_000001fb76b5a250;  1 drivers
v000001fb769ee820_0 .net *"_ivl_11", 0 0, L_000001fb76b5ab10;  1 drivers
v000001fb769eee60_0 .net *"_ivl_12", 0 0, L_000001fb76b5ac50;  1 drivers
v000001fb769ee960_0 .net *"_ivl_3", 0 0, L_000001fb76b5a6b0;  1 drivers
v000001fb769eea00_0 .net *"_ivl_5", 0 0, L_000001fb76b5b330;  1 drivers
v000001fb76b31720_0 .net *"_ivl_7", 0 0, L_000001fb76b5a390;  1 drivers
v000001fb76b30b40_0 .net *"_ivl_9", 0 0, L_000001fb76b59b70;  1 drivers
S_000001fb76b2e5d0 .scope generate, "genblk1[27]" "genblk1[27]" 3 13, 3 13 0, S_000001fb76b1e2d0;
 .timescale -9 -9;
P_000001fb769e4760 .param/l "i" 0 3 13, +C4<011011>;
L_000001fb76b55f90 .functor AND 1, L_000001fb76b5edf0, L_000001fb76b59c10, C4<1>, C4<1>;
L_000001fb76b560e0 .functor AND 1, L_000001fb76b5ebc0, L_000001fb76b5a070, C4<1>, C4<1>;
L_000001fb76b56310 .functor AND 1, L_000001fb76b5f330, L_000001fb76b59e90, C4<1>, C4<1>;
L_000001fb76b5eca0 .functor AND 1, L_000001fb76b5e840, L_000001fb76b59170, C4<1>, C4<1>;
L_000001fb76b5f090 .functor OR 1, L_000001fb76b595d0, L_000001fb76b5a2f0, L_000001fb76b5acf0, L_000001fb76b5b470;
v000001fb76b31400_0 .net *"_ivl_1", 0 0, L_000001fb76b59c10;  1 drivers
v000001fb76b31220_0 .net *"_ivl_10", 0 0, L_000001fb76b5a2f0;  1 drivers
v000001fb76b31c20_0 .net *"_ivl_11", 0 0, L_000001fb76b5acf0;  1 drivers
v000001fb76b32800_0 .net *"_ivl_12", 0 0, L_000001fb76b5b470;  1 drivers
v000001fb76b31a40_0 .net *"_ivl_3", 0 0, L_000001fb76b5a070;  1 drivers
v000001fb76b31b80_0 .net *"_ivl_5", 0 0, L_000001fb76b59e90;  1 drivers
v000001fb76b328a0_0 .net *"_ivl_7", 0 0, L_000001fb76b59170;  1 drivers
v000001fb76b301e0_0 .net *"_ivl_9", 0 0, L_000001fb76b595d0;  1 drivers
S_000001fb76b2fbb0 .scope generate, "genblk1[28]" "genblk1[28]" 3 13, 3 13 0, S_000001fb76b1e2d0;
 .timescale -9 -9;
P_000001fb769e4860 .param/l "i" 0 3 13, +C4<011100>;
L_000001fb76b5f100 .functor AND 1, L_000001fb76b5edf0, L_000001fb76b5a430, C4<1>, C4<1>;
L_000001fb76b5f480 .functor AND 1, L_000001fb76b5ebc0, L_000001fb76b5a570, C4<1>, C4<1>;
L_000001fb76b5eb50 .functor AND 1, L_000001fb76b5f330, L_000001fb76b59cb0, C4<1>, C4<1>;
L_000001fb76b5efb0 .functor AND 1, L_000001fb76b5e840, L_000001fb76b598f0, C4<1>, C4<1>;
L_000001fb76b5f020 .functor OR 1, L_000001fb76b59a30, L_000001fb76b5a610, L_000001fb76b5a930, L_000001fb76b59ad0;
v000001fb76b31ae0_0 .net *"_ivl_1", 0 0, L_000001fb76b5a430;  1 drivers
v000001fb76b32260_0 .net *"_ivl_10", 0 0, L_000001fb76b5a610;  1 drivers
v000001fb76b31cc0_0 .net *"_ivl_11", 0 0, L_000001fb76b5a930;  1 drivers
v000001fb76b32440_0 .net *"_ivl_12", 0 0, L_000001fb76b59ad0;  1 drivers
v000001fb76b32580_0 .net *"_ivl_3", 0 0, L_000001fb76b5a570;  1 drivers
v000001fb76b30c80_0 .net *"_ivl_5", 0 0, L_000001fb76b59cb0;  1 drivers
v000001fb76b30a00_0 .net *"_ivl_7", 0 0, L_000001fb76b598f0;  1 drivers
v000001fb76b30640_0 .net *"_ivl_9", 0 0, L_000001fb76b59a30;  1 drivers
S_000001fb76b2fa20 .scope generate, "genblk1[29]" "genblk1[29]" 3 13, 3 13 0, S_000001fb76b1e2d0;
 .timescale -9 -9;
P_000001fb769e4ba0 .param/l "i" 0 3 13, +C4<011101>;
L_000001fb76b5f3a0 .functor AND 1, L_000001fb76b5edf0, L_000001fb76b58f90, C4<1>, C4<1>;
L_000001fb76b5e990 .functor AND 1, L_000001fb76b5ebc0, L_000001fb76b5a7f0, C4<1>, C4<1>;
L_000001fb76b5f4f0 .functor AND 1, L_000001fb76b5f330, L_000001fb76b5a9d0, C4<1>, C4<1>;
L_000001fb76b5ed10 .functor AND 1, L_000001fb76b5e840, L_000001fb76b59df0, C4<1>, C4<1>;
L_000001fb76b5e760 .functor OR 1, L_000001fb76b5ad90, L_000001fb76b5af70, L_000001fb76b5b010, L_000001fb76b5b150;
v000001fb76b30500_0 .net *"_ivl_1", 0 0, L_000001fb76b58f90;  1 drivers
v000001fb76b30280_0 .net *"_ivl_10", 0 0, L_000001fb76b5af70;  1 drivers
v000001fb76b30d20_0 .net *"_ivl_11", 0 0, L_000001fb76b5b010;  1 drivers
v000001fb76b30aa0_0 .net *"_ivl_12", 0 0, L_000001fb76b5b150;  1 drivers
v000001fb76b30be0_0 .net *"_ivl_3", 0 0, L_000001fb76b5a7f0;  1 drivers
v000001fb76b315e0_0 .net *"_ivl_5", 0 0, L_000001fb76b5a9d0;  1 drivers
v000001fb76b31d60_0 .net *"_ivl_7", 0 0, L_000001fb76b59df0;  1 drivers
v000001fb76b32760_0 .net *"_ivl_9", 0 0, L_000001fb76b5ad90;  1 drivers
S_000001fb76b2e760 .scope generate, "genblk1[30]" "genblk1[30]" 3 13, 3 13 0, S_000001fb76b1e2d0;
 .timescale -9 -9;
P_000001fb769e4be0 .param/l "i" 0 3 13, +C4<011110>;
L_000001fb76b5eed0 .functor AND 1, L_000001fb76b5edf0, L_000001fb76b5b1f0, C4<1>, C4<1>;
L_000001fb76b5f170 .functor AND 1, L_000001fb76b5ebc0, L_000001fb76b5b5b0, C4<1>, C4<1>;
L_000001fb76b5ea70 .functor AND 1, L_000001fb76b5f330, L_000001fb76b5bbf0, C4<1>, C4<1>;
L_000001fb76b5f2c0 .functor AND 1, L_000001fb76b5e840, L_000001fb76b5c690, C4<1>, C4<1>;
L_000001fb76b5e7d0 .functor OR 1, L_000001fb76b5c050, L_000001fb76b5b970, L_000001fb76b5bb50, L_000001fb76b5d090;
v000001fb76b32300_0 .net *"_ivl_1", 0 0, L_000001fb76b5b1f0;  1 drivers
v000001fb76b30e60_0 .net *"_ivl_10", 0 0, L_000001fb76b5b970;  1 drivers
v000001fb76b31860_0 .net *"_ivl_11", 0 0, L_000001fb76b5bb50;  1 drivers
v000001fb76b30320_0 .net *"_ivl_12", 0 0, L_000001fb76b5d090;  1 drivers
v000001fb76b314a0_0 .net *"_ivl_3", 0 0, L_000001fb76b5b5b0;  1 drivers
v000001fb76b31900_0 .net *"_ivl_5", 0 0, L_000001fb76b5bbf0;  1 drivers
v000001fb76b31680_0 .net *"_ivl_7", 0 0, L_000001fb76b5c690;  1 drivers
v000001fb76b312c0_0 .net *"_ivl_9", 0 0, L_000001fb76b5c050;  1 drivers
S_000001fb76b2ec10 .scope generate, "genblk1[31]" "genblk1[31]" 3 13, 3 13 0, S_000001fb76b1e2d0;
 .timescale -9 -9;
P_000001fb769e4c20 .param/l "i" 0 3 13, +C4<011111>;
L_000001fb76b5f1e0 .functor AND 1, L_000001fb76b5edf0, L_000001fb76b5c370, C4<1>, C4<1>;
L_000001fb76b5f560 .functor AND 1, L_000001fb76b5ebc0, L_000001fb76b5cc30, C4<1>, C4<1>;
L_000001fb76b5f410 .functor AND 1, L_000001fb76b5f330, L_000001fb76b5c7d0, C4<1>, C4<1>;
L_000001fb76b5ed80 .functor AND 1, L_000001fb76b5e840, L_000001fb76b5c870, C4<1>, C4<1>;
L_000001fb76b5f250 .functor OR 1, L_000001fb76b5c0f0, L_000001fb76b5d590, L_000001fb76b5bab0, L_000001fb76b5d130;
v000001fb76b323a0_0 .net *"_ivl_1", 0 0, L_000001fb76b5c370;  1 drivers
v000001fb76b324e0_0 .net *"_ivl_10", 0 0, L_000001fb76b5d590;  1 drivers
v000001fb76b308c0_0 .net *"_ivl_11", 0 0, L_000001fb76b5bab0;  1 drivers
v000001fb76b32620_0 .net *"_ivl_12", 0 0, L_000001fb76b5d130;  1 drivers
v000001fb76b326c0_0 .net *"_ivl_3", 0 0, L_000001fb76b5cc30;  1 drivers
v000001fb76b317c0_0 .net *"_ivl_5", 0 0, L_000001fb76b5c7d0;  1 drivers
v000001fb76b30780_0 .net *"_ivl_7", 0 0, L_000001fb76b5c870;  1 drivers
v000001fb76b31e00_0 .net *"_ivl_9", 0 0, L_000001fb76b5c0f0;  1 drivers
    .scope S_000001fb76a57340;
T_0 ;
    %vpi_call 2 9 "$dumpfile", "mux.vcd" {0 0 0};
    %vpi_call 2 10 "$dumpvars", 32'sb00000000000000000000000000000000, S_000001fb76a57340 {0 0 0};
    %vpi_call 2 11 "$monitor", v000001fb76b43d50_0, " ", v000001fb76b42c70_0, " ", v000001fb76b442f0_0, " ", v000001fb76b43990_0, " ", v000001fb76b43170_0, " ", v000001fb76b43210_0, " ", v000001fb76b43530_0 {0 0 0};
    %pushi/vec4 12, 0, 32;
    %store/vec4 v000001fb76b43d50_0, 0, 32;
    %pushi/vec4 113, 0, 32;
    %store/vec4 v000001fb76b42c70_0, 0, 32;
    %pushi/vec4 14, 0, 32;
    %store/vec4 v000001fb76b442f0_0, 0, 32;
    %pushi/vec4 34, 0, 32;
    %store/vec4 v000001fb76b43990_0, 0, 32;
    %pushi/vec4 1, 0, 1;
    %store/vec4 v000001fb76b43210_0, 0, 1;
    %pushi/vec4 1, 0, 1;
    %store/vec4 v000001fb76b43170_0, 0, 1;
    %delay 5, 0;
    %pushi/vec4 12, 0, 32;
    %store/vec4 v000001fb76b43d50_0, 0, 32;
    %pushi/vec4 113, 0, 32;
    %store/vec4 v000001fb76b42c70_0, 0, 32;
    %pushi/vec4 14, 0, 32;
    %store/vec4 v000001fb76b442f0_0, 0, 32;
    %pushi/vec4 34, 0, 32;
    %store/vec4 v000001fb76b43990_0, 0, 32;
    %pushi/vec4 0, 0, 1;
    %store/vec4 v000001fb76b43210_0, 0, 1;
    %pushi/vec4 1, 0, 1;
    %store/vec4 v000001fb76b43170_0, 0, 1;
    %delay 5, 0;
    %vpi_call 2 18 "$display", "Test completed" {0 0 0};
    %end;
    .thread T_0;
# The file index is used to find the file name in the following table.
:file_names 4;
    "N/A";
    "<interactive>";
    "mux_tb.v";
    "./mux.v";
