#! /c/Source/iverilog-install/bin/vvp
:ivl_version "12.0 (devel)" "(s20150603-1539-g2693dd32b)";
:ivl_delay_selection "TYPICAL";
:vpi_time_precision - 9;
:vpi_module "C:\iverilog\lib\ivl\system.vpi";
:vpi_module "C:\iverilog\lib\ivl\vhdl_sys.vpi";
:vpi_module "C:\iverilog\lib\ivl\vhdl_textio.vpi";
:vpi_module "C:\iverilog\lib\ivl\v2005_math.vpi";
:vpi_module "C:\iverilog\lib\ivl\va_math.vpi";
S_000001b714a73fb0 .scope module, "float_adder_tb" "float_adder_tb" 2 4;
 .timescale -9 -9;
v000001b714af1a80_0 .var "clk", 0 0;
v000001b714af2e80_0 .net "dataOut", 31 0, v000001b714af2020_0;  1 drivers
v000001b714af1c60_0 .net "given_ans", 31 0, v000001b714af2660_0;  1 drivers
v000001b714af1da0_0 .net "match", 0 0, v000001b714af1300_0;  1 drivers
RS_000001b714a9c948 .resolv tri, v000001b714a93d20_0, v000001b714a93a00_0, v000001b714af23e0_0, v000001b714af14e0_0;
v000001b714af1f80_0 .net8 "temp", 31 0, RS_000001b714a9c948;  4 drivers
S_000001b714a772a0 .scope module, "uut" "float_addercopy" 2 11, 3 2 0, S_000001b714a73fb0;
 .timescale -9 -9;
    .port_info 0 /INPUT 1 "clk";
    .port_info 1 /OUTPUT 1 "match";
    .port_info 2 /OUTPUT 32 "given_ans";
    .port_info 3 /OUTPUT 32 "dataOut";
    .port_info 4 /OUTPUT 32 "temp";
v000001b714af22a0_0 .net "clk", 0 0, v000001b714af1a80_0;  1 drivers
v000001b714af2c00_0 .var "dataIn1", 31 0;
v000001b714af2d40_0 .var "dataIn2", 31 0;
v000001b714af2020_0 .var "dataOut", 31 0;
v000001b714af2a20_0 .var "diff", 7 0;
v000001b714af2ca0_0 .var "exp1", 7 0;
v000001b714af2de0_0 .var "exp2", 7 0;
v000001b714af2660_0 .var "given_ans", 31 0;
v000001b714af1300_0 .var "match", 0 0;
v000001b714af2840_0 .var "num1", 24 0;
v000001b714af1620_0 .var "num2", 24 0;
v000001b714af2b60_0 .var "sign", 0 0;
v000001b714af19e0_0 .var "sum", 24 0;
v000001b714af1ee0_0 .net8 "temp", 31 0, RS_000001b714a9c948;  alias, 4 drivers
S_000001b714a77430 .scope module, "uut" "veda_mem" 3 42, 4 1 0, S_000001b714a772a0;
 .timescale -9 -9;
    .port_info 0 /INPUT 1 "clk";
    .port_info 1 /INPUT 1 "rst";
    .port_info 2 /INPUT 1 "we";
    .port_info 3 /INPUT 5 "address";
    .port_info 4 /INPUT 32 "dataIn";
    .port_info 5 /INPUT 1 "Mode";
    .port_info 6 /OUTPUT 32 "dataOut";
P_000001b714a954a0 .param/l "SIZE" 0 4 2, +C4<00000000000000000000000000100000>;
L_000001b714ba0160 .functor BUFT 1, C4<1>, C4<0>, C4<0>, C4<0>;
v000001b714a93280_0 .net "Mode", 0 0, L_000001b714ba0160;  1 drivers
v000001b714a93780_0 .var "adderss_reg", 4 0;
L_000001b714ba0118 .functor BUFT 1, C4<00001>, C4<0>, C4<0>, C4<0>;
v000001b714a93460_0 .net "address", 4 0, L_000001b714ba0118;  1 drivers
v000001b714a93820_0 .net "clk", 0 0, v000001b714af1a80_0;  alias, 1 drivers
v000001b714a931e0_0 .net "dataIn", 31 0, v000001b714af2c00_0;  1 drivers
v000001b714a93d20_0 .var "dataOut", 31 0;
v000001b714a93dc0_0 .var/i "i", 31 0;
v000001b714a93e60 .array "ram", 0 31, 31 0;
L_000001b714ba0088 .functor BUFT 1, C4<1>, C4<0>, C4<0>, C4<0>;
v000001b714a935a0_0 .net "rst", 0 0, L_000001b714ba0088;  1 drivers
L_000001b714ba00d0 .functor BUFT 1, C4<0>, C4<0>, C4<0>, C4<0>;
v000001b714a93320_0 .net "we", 0 0, L_000001b714ba00d0;  1 drivers
E_000001b714a958e0 .event posedge, v000001b714a93820_0;
S_000001b714a8baa0 .scope begin, "memory" "memory" 4 14, 4 14 0, S_000001b714a77430;
 .timescale -9 -9;
S_000001b714a8bc30 .scope begin, "kuchTohHai" "kuchTohHai" 4 16, 4 16 0, S_000001b714a8baa0;
 .timescale -9 -9;
S_000001b714aee940 .scope module, "uut2" "veda_mem" 3 43, 4 1 0, S_000001b714a772a0;
 .timescale -9 -9;
    .port_info 0 /INPUT 1 "clk";
    .port_info 1 /INPUT 1 "rst";
    .port_info 2 /INPUT 1 "we";
    .port_info 3 /INPUT 5 "address";
    .port_info 4 /INPUT 32 "dataIn";
    .port_info 5 /INPUT 1 "Mode";
    .port_info 6 /OUTPUT 32 "dataOut";
P_000001b714a95420 .param/l "SIZE" 0 4 2, +C4<00000000000000000000000000100000>;
L_000001b714ba0280 .functor BUFT 1, C4<1>, C4<0>, C4<0>, C4<0>;
v000001b714a93640_0 .net "Mode", 0 0, L_000001b714ba0280;  1 drivers
v000001b714a938c0_0 .var "adderss_reg", 4 0;
L_000001b714ba0238 .functor BUFT 1, C4<00001>, C4<0>, C4<0>, C4<0>;
v000001b714a933c0_0 .net "address", 4 0, L_000001b714ba0238;  1 drivers
v000001b714a936e0_0 .net "clk", 0 0, v000001b714af1a80_0;  alias, 1 drivers
v000001b714a93960_0 .net "dataIn", 31 0, v000001b714af2d40_0;  1 drivers
v000001b714a93a00_0 .var "dataOut", 31 0;
v000001b714a93f00_0 .var/i "i", 31 0;
v000001b714a93aa0 .array "ram", 0 31, 31 0;
L_000001b714ba01a8 .functor BUFT 1, C4<1>, C4<0>, C4<0>, C4<0>;
v000001b714a93b40_0 .net "rst", 0 0, L_000001b714ba01a8;  1 drivers
L_000001b714ba01f0 .functor BUFT 1, C4<0>, C4<0>, C4<0>, C4<0>;
v000001b714a93be0_0 .net "we", 0 0, L_000001b714ba01f0;  1 drivers
S_000001b714af0ae0 .scope begin, "memory" "memory" 4 14, 4 14 0, S_000001b714aee940;
 .timescale -9 -9;
S_000001b714af0c70 .scope begin, "kuchTohHai" "kuchTohHai" 4 16, 4 16 0, S_000001b714af0ae0;
 .timescale -9 -9;
S_000001b714af0e00 .scope module, "uut3" "veda_mem" 3 44, 4 1 0, S_000001b714a772a0;
 .timescale -9 -9;
    .port_info 0 /INPUT 1 "clk";
    .port_info 1 /INPUT 1 "rst";
    .port_info 2 /INPUT 1 "we";
    .port_info 3 /INPUT 5 "address";
    .port_info 4 /INPUT 32 "dataIn";
    .port_info 5 /INPUT 1 "Mode";
    .port_info 6 /OUTPUT 32 "dataOut";
P_000001b714a954e0 .param/l "SIZE" 0 4 2, +C4<00000000000000000000000000100000>;
L_000001b714ba03a0 .functor BUFT 1, C4<1>, C4<0>, C4<0>, C4<0>;
v000001b714a93000_0 .net "Mode", 0 0, L_000001b714ba03a0;  1 drivers
v000001b714a93c80_0 .var "adderss_reg", 4 0;
L_000001b714ba0358 .functor BUFT 1, C4<00001>, C4<0>, C4<0>, C4<0>;
v000001b714af1440_0 .net "address", 4 0, L_000001b714ba0358;  1 drivers
v000001b714af2480_0 .net "clk", 0 0, v000001b714af1a80_0;  alias, 1 drivers
v000001b714af1bc0_0 .net "dataIn", 31 0, v000001b714af2660_0;  alias, 1 drivers
v000001b714af23e0_0 .var "dataOut", 31 0;
v000001b714af16c0_0 .var/i "i", 31 0;
v000001b714af2f20 .array "ram", 0 31, 31 0;
L_000001b714ba02c8 .functor BUFT 1, C4<1>, C4<0>, C4<0>, C4<0>;
v000001b714af18a0_0 .net "rst", 0 0, L_000001b714ba02c8;  1 drivers
L_000001b714ba0310 .functor BUFT 1, C4<0>, C4<0>, C4<0>, C4<0>;
v000001b714af1b20_0 .net "we", 0 0, L_000001b714ba0310;  1 drivers
S_000001b714af0f90 .scope begin, "memory" "memory" 4 14, 4 14 0, S_000001b714af0e00;
 .timescale -9 -9;
S_000001b714af1120 .scope begin, "kuchTohHai" "kuchTohHai" 4 16, 4 16 0, S_000001b714af0f90;
 .timescale -9 -9;
S_000001b714af32c0 .scope module, "uut4" "veda_mem" 3 45, 4 1 0, S_000001b714a772a0;
 .timescale -9 -9;
    .port_info 0 /INPUT 1 "clk";
    .port_info 1 /INPUT 1 "rst";
    .port_info 2 /INPUT 1 "we";
    .port_info 3 /INPUT 5 "address";
    .port_info 4 /INPUT 32 "dataIn";
    .port_info 5 /INPUT 1 "Mode";
    .port_info 6 /OUTPUT 32 "dataOut";
P_000001b714a95620 .param/l "SIZE" 0 4 2, +C4<00000000000000000000000000100000>;
L_000001b714ba04c0 .functor BUFT 1, C4<1>, C4<0>, C4<0>, C4<0>;
v000001b714af2fc0_0 .net "Mode", 0 0, L_000001b714ba04c0;  1 drivers
v000001b714af1e40_0 .var "adderss_reg", 4 0;
L_000001b714ba0478 .functor BUFT 1, C4<00001>, C4<0>, C4<0>, C4<0>;
v000001b714af1d00_0 .net "address", 4 0, L_000001b714ba0478;  1 drivers
v000001b714af3100_0 .net "clk", 0 0, v000001b714af1a80_0;  alias, 1 drivers
v000001b714af1580_0 .net "dataIn", 31 0, v000001b714af2660_0;  alias, 1 drivers
v000001b714af14e0_0 .var "dataOut", 31 0;
v000001b714af1760_0 .var/i "i", 31 0;
v000001b714af1800 .array "ram", 0 31, 31 0;
L_000001b714ba03e8 .functor BUFT 1, C4<1>, C4<0>, C4<0>, C4<0>;
v000001b714af1940_0 .net "rst", 0 0, L_000001b714ba03e8;  1 drivers
L_000001b714ba0430 .functor BUFT 1, C4<0>, C4<0>, C4<0>, C4<0>;
v000001b714af2200_0 .net "we", 0 0, L_000001b714ba0430;  1 drivers
S_000001b714af3450 .scope begin, "memory" "memory" 4 14, 4 14 0, S_000001b714af32c0;
 .timescale -9 -9;
S_000001b714af35e0 .scope begin, "kuchTohHai" "kuchTohHai" 4 16, 4 16 0, S_000001b714af3450;
 .timescale -9 -9;
    .scope S_000001b714a77430;
T_0 ;
    %wait E_000001b714a958e0;
    %fork t_1, S_000001b714a8baa0;
    %jmp t_0;
    .scope S_000001b714a8baa0;
t_1 ;
    %load/vec4 v000001b714a935a0_0;
    %flag_set/vec4 8;
    %jmp/0xz  T_0.0, 8;
    %pushi/vec4 0, 0, 32;
    %store/vec4 v000001b714a93dc0_0, 0, 32;
T_0.2 ;
    %load/vec4 v000001b714a93dc0_0;
    %cmpi/s 32, 0, 32;
    %jmp/0xz T_0.3, 5;
    %fork t_3, S_000001b714a8bc30;
    %jmp t_2;
    .scope S_000001b714a8bc30;
t_3 ;
    %pushi/vec4 0, 0, 32;
    %ix/getv/s 3, v000001b714a93dc0_0;
    %ix/load 4, 0, 0; Constant delay
    %assign/vec4/a/d v000001b714a93e60, 0, 4;
    %end;
    .scope S_000001b714a8baa0;
t_2 %join;
    ; show_stmt_assign_vector: Get l-value for compressed += operand
    %load/vec4 v000001b714a93dc0_0;
    %pushi/vec4 1, 0, 32;
    %add;
    %store/vec4 v000001b714a93dc0_0, 0, 32;
    %jmp T_0.2;
T_0.3 ;
    %pushi/vec4 0, 0, 32;
    %assign/vec4 v000001b714a93d20_0, 0;
    %pushi/vec4 0, 0, 5;
    %assign/vec4 v000001b714a93780_0, 0;
    %jmp T_0.1;
T_0.0 ;
    %load/vec4 v000001b714a93280_0;
    %pad/u 32;
    %cmpi/e 0, 0, 32;
    %jmp/0xz  T_0.4, 4;
    %load/vec4 v000001b714a93320_0;
    %flag_set/vec4 8;
    %jmp/0xz  T_0.6, 8;
    %load/vec4 v000001b714a93460_0;
    %assign/vec4 v000001b714a93780_0, 0;
    %load/vec4 v000001b714a931e0_0;
    %load/vec4 v000001b714a93460_0;
    %pad/u 7;
    %ix/vec4 3;
    %ix/load 4, 0, 0; Constant delay
    %assign/vec4/a/d v000001b714a93e60, 0, 4;
    %jmp T_0.7;
T_0.6 ;
    %load/vec4 v000001b714a93460_0;
    %assign/vec4 v000001b714a93780_0, 0;
T_0.7 ;
    %load/vec4 v000001b714a93780_0;
    %pad/u 7;
    %ix/vec4 4;
    %load/vec4a v000001b714a93e60, 4;
    %assign/vec4 v000001b714a93d20_0, 0;
    %jmp T_0.5;
T_0.4 ;
    %load/vec4 v000001b714a93460_0;
    %assign/vec4 v000001b714a93780_0, 0;
    %load/vec4 v000001b714a93780_0;
    %pad/u 7;
    %ix/vec4 4;
    %load/vec4a v000001b714a93e60, 4;
    %assign/vec4 v000001b714a93d20_0, 0;
T_0.5 ;
T_0.1 ;
    %end;
    .scope S_000001b714a77430;
t_0 %join;
    %jmp T_0;
    .thread T_0;
    .scope S_000001b714aee940;
T_1 ;
    %wait E_000001b714a958e0;
    %fork t_5, S_000001b714af0ae0;
    %jmp t_4;
    .scope S_000001b714af0ae0;
t_5 ;
    %load/vec4 v000001b714a93b40_0;
    %flag_set/vec4 8;
    %jmp/0xz  T_1.0, 8;
    %pushi/vec4 0, 0, 32;
    %store/vec4 v000001b714a93f00_0, 0, 32;
T_1.2 ;
    %load/vec4 v000001b714a93f00_0;
    %cmpi/s 32, 0, 32;
    %jmp/0xz T_1.3, 5;
    %fork t_7, S_000001b714af0c70;
    %jmp t_6;
    .scope S_000001b714af0c70;
t_7 ;
    %pushi/vec4 0, 0, 32;
    %ix/getv/s 3, v000001b714a93f00_0;
    %ix/load 4, 0, 0; Constant delay
    %assign/vec4/a/d v000001b714a93aa0, 0, 4;
    %end;
    .scope S_000001b714af0ae0;
t_6 %join;
    ; show_stmt_assign_vector: Get l-value for compressed += operand
    %load/vec4 v000001b714a93f00_0;
    %pushi/vec4 1, 0, 32;
    %add;
    %store/vec4 v000001b714a93f00_0, 0, 32;
    %jmp T_1.2;
T_1.3 ;
    %pushi/vec4 0, 0, 32;
    %assign/vec4 v000001b714a93a00_0, 0;
    %pushi/vec4 0, 0, 5;
    %assign/vec4 v000001b714a938c0_0, 0;
    %jmp T_1.1;
T_1.0 ;
    %load/vec4 v000001b714a93640_0;
    %pad/u 32;
    %cmpi/e 0, 0, 32;
    %jmp/0xz  T_1.4, 4;
    %load/vec4 v000001b714a93be0_0;
    %flag_set/vec4 8;
    %jmp/0xz  T_1.6, 8;
    %load/vec4 v000001b714a933c0_0;
    %assign/vec4 v000001b714a938c0_0, 0;
    %load/vec4 v000001b714a93960_0;
    %load/vec4 v000001b714a933c0_0;
    %pad/u 7;
    %ix/vec4 3;
    %ix/load 4, 0, 0; Constant delay
    %assign/vec4/a/d v000001b714a93aa0, 0, 4;
    %jmp T_1.7;
T_1.6 ;
    %load/vec4 v000001b714a933c0_0;
    %assign/vec4 v000001b714a938c0_0, 0;
T_1.7 ;
    %load/vec4 v000001b714a938c0_0;
    %pad/u 7;
    %ix/vec4 4;
    %load/vec4a v000001b714a93aa0, 4;
    %assign/vec4 v000001b714a93a00_0, 0;
    %jmp T_1.5;
T_1.4 ;
    %load/vec4 v000001b714a933c0_0;
    %assign/vec4 v000001b714a938c0_0, 0;
    %load/vec4 v000001b714a938c0_0;
    %pad/u 7;
    %ix/vec4 4;
    %load/vec4a v000001b714a93aa0, 4;
    %assign/vec4 v000001b714a93a00_0, 0;
T_1.5 ;
T_1.1 ;
    %end;
    .scope S_000001b714aee940;
t_4 %join;
    %jmp T_1;
    .thread T_1;
    .scope S_000001b714af0e00;
T_2 ;
    %wait E_000001b714a958e0;
    %fork t_9, S_000001b714af0f90;
    %jmp t_8;
    .scope S_000001b714af0f90;
t_9 ;
    %load/vec4 v000001b714af18a0_0;
    %flag_set/vec4 8;
    %jmp/0xz  T_2.0, 8;
    %pushi/vec4 0, 0, 32;
    %store/vec4 v000001b714af16c0_0, 0, 32;
T_2.2 ;
    %load/vec4 v000001b714af16c0_0;
    %cmpi/s 32, 0, 32;
    %jmp/0xz T_2.3, 5;
    %fork t_11, S_000001b714af1120;
    %jmp t_10;
    .scope S_000001b714af1120;
t_11 ;
    %pushi/vec4 0, 0, 32;
    %ix/getv/s 3, v000001b714af16c0_0;
    %ix/load 4, 0, 0; Constant delay
    %assign/vec4/a/d v000001b714af2f20, 0, 4;
    %end;
    .scope S_000001b714af0f90;
t_10 %join;
    ; show_stmt_assign_vector: Get l-value for compressed += operand
    %load/vec4 v000001b714af16c0_0;
    %pushi/vec4 1, 0, 32;
    %add;
    %store/vec4 v000001b714af16c0_0, 0, 32;
    %jmp T_2.2;
T_2.3 ;
    %pushi/vec4 0, 0, 32;
    %assign/vec4 v000001b714af23e0_0, 0;
    %pushi/vec4 0, 0, 5;
    %assign/vec4 v000001b714a93c80_0, 0;
    %jmp T_2.1;
T_2.0 ;
    %load/vec4 v000001b714a93000_0;
    %pad/u 32;
    %cmpi/e 0, 0, 32;
    %jmp/0xz  T_2.4, 4;
    %load/vec4 v000001b714af1b20_0;
    %flag_set/vec4 8;
    %jmp/0xz  T_2.6, 8;
    %load/vec4 v000001b714af1440_0;
    %assign/vec4 v000001b714a93c80_0, 0;
    %load/vec4 v000001b714af1bc0_0;
    %load/vec4 v000001b714af1440_0;
    %pad/u 7;
    %ix/vec4 3;
    %ix/load 4, 0, 0; Constant delay
    %assign/vec4/a/d v000001b714af2f20, 0, 4;
    %jmp T_2.7;
T_2.6 ;
    %load/vec4 v000001b714af1440_0;
    %assign/vec4 v000001b714a93c80_0, 0;
T_2.7 ;
    %load/vec4 v000001b714a93c80_0;
    %pad/u 7;
    %ix/vec4 4;
    %load/vec4a v000001b714af2f20, 4;
    %assign/vec4 v000001b714af23e0_0, 0;
    %jmp T_2.5;
T_2.4 ;
    %load/vec4 v000001b714af1440_0;
    %assign/vec4 v000001b714a93c80_0, 0;
    %load/vec4 v000001b714a93c80_0;
    %pad/u 7;
    %ix/vec4 4;
    %load/vec4a v000001b714af2f20, 4;
    %assign/vec4 v000001b714af23e0_0, 0;
T_2.5 ;
T_2.1 ;
    %end;
    .scope S_000001b714af0e00;
t_8 %join;
    %jmp T_2;
    .thread T_2;
    .scope S_000001b714af32c0;
T_3 ;
    %wait E_000001b714a958e0;
    %fork t_13, S_000001b714af3450;
    %jmp t_12;
    .scope S_000001b714af3450;
t_13 ;
    %load/vec4 v000001b714af1940_0;
    %flag_set/vec4 8;
    %jmp/0xz  T_3.0, 8;
    %pushi/vec4 0, 0, 32;
    %store/vec4 v000001b714af1760_0, 0, 32;
T_3.2 ;
    %load/vec4 v000001b714af1760_0;
    %cmpi/s 32, 0, 32;
    %jmp/0xz T_3.3, 5;
    %fork t_15, S_000001b714af35e0;
    %jmp t_14;
    .scope S_000001b714af35e0;
t_15 ;
    %pushi/vec4 0, 0, 32;
    %ix/getv/s 3, v000001b714af1760_0;
    %ix/load 4, 0, 0; Constant delay
    %assign/vec4/a/d v000001b714af1800, 0, 4;
    %end;
    .scope S_000001b714af3450;
t_14 %join;
    ; show_stmt_assign_vector: Get l-value for compressed += operand
    %load/vec4 v000001b714af1760_0;
    %pushi/vec4 1, 0, 32;
    %add;
    %store/vec4 v000001b714af1760_0, 0, 32;
    %jmp T_3.2;
T_3.3 ;
    %pushi/vec4 0, 0, 32;
    %assign/vec4 v000001b714af14e0_0, 0;
    %pushi/vec4 0, 0, 5;
    %assign/vec4 v000001b714af1e40_0, 0;
    %jmp T_3.1;
T_3.0 ;
    %load/vec4 v000001b714af2fc0_0;
    %pad/u 32;
    %cmpi/e 0, 0, 32;
    %jmp/0xz  T_3.4, 4;
    %load/vec4 v000001b714af2200_0;
    %flag_set/vec4 8;
    %jmp/0xz  T_3.6, 8;
    %load/vec4 v000001b714af1d00_0;
    %assign/vec4 v000001b714af1e40_0, 0;
    %load/vec4 v000001b714af1580_0;
    %load/vec4 v000001b714af1d00_0;
    %pad/u 7;
    %ix/vec4 3;
    %ix/load 4, 0, 0; Constant delay
    %assign/vec4/a/d v000001b714af1800, 0, 4;
    %jmp T_3.7;
T_3.6 ;
    %load/vec4 v000001b714af1d00_0;
    %assign/vec4 v000001b714af1e40_0, 0;
T_3.7 ;
    %load/vec4 v000001b714af1e40_0;
    %pad/u 7;
    %ix/vec4 4;
    %load/vec4a v000001b714af1800, 4;
    %assign/vec4 v000001b714af14e0_0, 0;
    %jmp T_3.5;
T_3.4 ;
    %load/vec4 v000001b714af1d00_0;
    %assign/vec4 v000001b714af1e40_0, 0;
    %load/vec4 v000001b714af1e40_0;
    %pad/u 7;
    %ix/vec4 4;
    %load/vec4a v000001b714af1800, 4;
    %assign/vec4 v000001b714af14e0_0, 0;
T_3.5 ;
T_3.1 ;
    %end;
    .scope S_000001b714af32c0;
t_12 %join;
    %jmp T_3;
    .thread T_3;
    .scope S_000001b714a772a0;
T_4 ;
    %pushi/vec4 1206826982, 0, 32;
    %store/vec4 v000001b714af2c00_0, 0, 32;
    %load/vec4 v000001b714af2c00_0;
    %parti/s 8, 23, 6;
    %subi 127, 0, 8;
    %store/vec4 v000001b714af2ca0_0, 0, 8;
    %pushi/vec4 1154313093, 0, 32;
    %store/vec4 v000001b714af2d40_0, 0, 32;
    %load/vec4 v000001b714af2d40_0;
    %parti/s 8, 23, 6;
    %subi 127, 0, 8;
    %store/vec4 v000001b714af2de0_0, 0, 8;
    %pushi/vec4 1207037332, 0, 32;
    %store/vec4 v000001b714af2660_0, 0, 32;
    %pushi/vec4 1, 0, 2;
    %load/vec4 v000001b714af2c00_0;
    %parti/s 23, 0, 2;
    %concat/vec4; draw_concat_vec4
    %store/vec4 v000001b714af2840_0, 0, 25;
    %pushi/vec4 1, 0, 2;
    %load/vec4 v000001b714af2d40_0;
    %parti/s 23, 0, 2;
    %concat/vec4; draw_concat_vec4
    %store/vec4 v000001b714af1620_0, 0, 25;
    %end;
    .thread T_4;
    .scope S_000001b714a772a0;
T_5 ;
    %load/vec4 v000001b714af2de0_0;
    %load/vec4 v000001b714af2ca0_0;
    %cmp/u;
    %jmp/0xz  T_5.0, 5;
    %load/vec4 v000001b714af2ca0_0;
    %load/vec4 v000001b714af2de0_0;
    %sub;
    %store/vec4 v000001b714af2a20_0, 0, 8;
    %load/vec4 v000001b714af1620_0;
    %ix/getv 4, v000001b714af2a20_0;
    %shiftr 4;
    %store/vec4 v000001b714af1620_0, 0, 25;
    %load/vec4 v000001b714af2ca0_0;
    %addi 127, 0, 8;
    %store/vec4 v000001b714af2ca0_0, 0, 8;
    %load/vec4 v000001b714af2c00_0;
    %parti/s 1, 31, 6;
    %load/vec4 v000001b714af2d40_0;
    %parti/s 1, 31, 6;
    %cmp/e;
    %jmp/0xz  T_5.2, 4;
    %load/vec4 v000001b714af2840_0;
    %load/vec4 v000001b714af1620_0;
    %add;
    %store/vec4 v000001b714af19e0_0, 0, 25;
    %load/vec4 v000001b714af2c00_0;
    %parti/s 1, 31, 6;
    %store/vec4 v000001b714af2b60_0, 0, 1;
T_5.4 ;
    %load/vec4 v000001b714af19e0_0;
    %parti/s 1, 23, 6;
    %cmpi/ne 1, 0, 1;
    %jmp/0xz T_5.5, 4;
    %load/vec4 v000001b714af19e0_0;
    %ix/load 4, 1, 0;
    %flag_set/imm 4, 0;
    %shiftl 4;
    %store/vec4 v000001b714af19e0_0, 0, 25;
    %load/vec4 v000001b714af2ca0_0;
    %subi 1, 0, 8;
    %store/vec4 v000001b714af2ca0_0, 0, 8;
    %jmp T_5.4;
T_5.5 ;
    %jmp T_5.3;
T_5.2 ;
    %load/vec4 v000001b714af2ca0_0;
    %load/vec4 v000001b714af2de0_0;
    %cmp/e;
    %jmp/0xz  T_5.6, 4;
    %load/vec4 v000001b714af1620_0;
    %load/vec4 v000001b714af2840_0;
    %cmp/u;
    %flag_or 5, 4;
    %jmp/0xz  T_5.8, 5;
    %load/vec4 v000001b714af2840_0;
    %load/vec4 v000001b714af1620_0;
    %sub;
    %store/vec4 v000001b714af19e0_0, 0, 25;
    %jmp T_5.9;
T_5.8 ;
    %load/vec4 v000001b714af1620_0;
    %load/vec4 v000001b714af2840_0;
    %sub;
    %store/vec4 v000001b714af19e0_0, 0, 25;
T_5.9 ;
T_5.6 ;
T_5.10 ;
    %load/vec4 v000001b714af19e0_0;
    %parti/s 1, 23, 6;
    %cmpi/ne 1, 0, 1;
    %jmp/0xz T_5.11, 4;
    %load/vec4 v000001b714af19e0_0;
    %ix/load 4, 1, 0;
    %flag_set/imm 4, 0;
    %shiftl 4;
    %store/vec4 v000001b714af19e0_0, 0, 25;
    %load/vec4 v000001b714af2ca0_0;
    %subi 1, 0, 8;
    %store/vec4 v000001b714af2ca0_0, 0, 8;
    %jmp T_5.10;
T_5.11 ;
T_5.3 ;
    %jmp T_5.1;
T_5.0 ;
    %load/vec4 v000001b714af2de0_0;
    %load/vec4 v000001b714af2ca0_0;
    %sub;
    %store/vec4 v000001b714af2a20_0, 0, 8;
    %load/vec4 v000001b714af2840_0;
    %ix/getv 4, v000001b714af2a20_0;
    %shiftr 4;
    %store/vec4 v000001b714af2840_0, 0, 25;
    %load/vec4 v000001b714af2de0_0;
    %addi 127, 0, 8;
    %store/vec4 v000001b714af2de0_0, 0, 8;
    %load/vec4 v000001b714af2c00_0;
    %parti/s 1, 31, 6;
    %load/vec4 v000001b714af2d40_0;
    %parti/s 1, 31, 6;
    %cmp/e;
    %jmp/0xz  T_5.12, 4;
    %load/vec4 v000001b714af2840_0;
    %load/vec4 v000001b714af1620_0;
    %add;
    %store/vec4 v000001b714af19e0_0, 0, 25;
    %load/vec4 v000001b714af2d40_0;
    %parti/s 1, 31, 6;
    %store/vec4 v000001b714af2b60_0, 0, 1;
T_5.14 ;
    %load/vec4 v000001b714af19e0_0;
    %parti/s 1, 23, 6;
    %cmpi/ne 1, 0, 1;
    %jmp/0xz T_5.15, 4;
    %load/vec4 v000001b714af19e0_0;
    %ix/load 4, 1, 0;
    %flag_set/imm 4, 0;
    %shiftl 4;
    %store/vec4 v000001b714af19e0_0, 0, 25;
    %load/vec4 v000001b714af2de0_0;
    %subi 1, 0, 8;
    %store/vec4 v000001b714af2de0_0, 0, 8;
    %jmp T_5.14;
T_5.15 ;
    %load/vec4 v000001b714af2de0_0;
    %store/vec4 v000001b714af2ca0_0, 0, 8;
    %jmp T_5.13;
T_5.12 ;
    %load/vec4 v000001b714af2ca0_0;
    %load/vec4 v000001b714af2de0_0;
    %cmp/e;
    %jmp/0xz  T_5.16, 4;
    %load/vec4 v000001b714af1620_0;
    %load/vec4 v000001b714af2840_0;
    %cmp/u;
    %flag_or 5, 4;
    %jmp/0xz  T_5.18, 5;
    %load/vec4 v000001b714af2840_0;
    %load/vec4 v000001b714af1620_0;
    %sub;
    %store/vec4 v000001b714af19e0_0, 0, 25;
    %jmp T_5.19;
T_5.18 ;
    %load/vec4 v000001b714af1620_0;
    %load/vec4 v000001b714af2840_0;
    %sub;
    %store/vec4 v000001b714af19e0_0, 0, 25;
T_5.19 ;
T_5.16 ;
T_5.20 ;
    %load/vec4 v000001b714af19e0_0;
    %parti/s 1, 23, 6;
    %cmpi/ne 1, 0, 1;
    %jmp/0xz T_5.21, 4;
    %load/vec4 v000001b714af19e0_0;
    %ix/load 4, 1, 0;
    %flag_set/imm 4, 0;
    %shiftl 4;
    %store/vec4 v000001b714af19e0_0, 0, 25;
    %load/vec4 v000001b714af2de0_0;
    %subi 1, 0, 8;
    %store/vec4 v000001b714af2de0_0, 0, 8;
    %jmp T_5.20;
T_5.21 ;
    %load/vec4 v000001b714af2de0_0;
    %store/vec4 v000001b714af2ca0_0, 0, 8;
T_5.13 ;
T_5.1 ;
    %load/vec4 v000001b714af19e0_0;
    %parti/s 1, 24, 6;
    %cmpi/e 1, 0, 1;
    %jmp/0xz  T_5.22, 4;
    %load/vec4 v000001b714af2b60_0;
    %load/vec4 v000001b714af2ca0_0;
    %concat/vec4; draw_concat_vec4
    %load/vec4 v000001b714af19e0_0;
    %parti/s 23, 1, 2;
    %concat/vec4; draw_concat_vec4
    %store/vec4 v000001b714af2020_0, 0, 32;
    %jmp T_5.23;
T_5.22 ;
    %load/vec4 v000001b714af2b60_0;
    %load/vec4 v000001b714af2ca0_0;
    %concat/vec4; draw_concat_vec4
    %load/vec4 v000001b714af19e0_0;
    %parti/s 23, 0, 2;
    %concat/vec4; draw_concat_vec4
    %store/vec4 v000001b714af2020_0, 0, 32;
T_5.23 ;
    %load/vec4 v000001b714af2660_0;
    %load/vec4 v000001b714af2020_0;
    %cmp/e;
    %flag_get/vec4 4;
    %store/vec4 v000001b714af1300_0, 0, 1;
    %end;
    .thread T_5;
    .scope S_000001b714a73fb0;
T_6 ;
    %pushi/vec4 1, 0, 1;
    %store/vec4 v000001b714af1a80_0, 0, 1;
T_6.0 ;
    %delay 10, 0;
    %load/vec4 v000001b714af1a80_0;
    %inv;
    %store/vec4 v000001b714af1a80_0, 0, 1;
    %jmp T_6.0;
    %end;
    .thread T_6;
    .scope S_000001b714a73fb0;
T_7 ;
    %vpi_call 2 17 "$dumpfile", "float_adder_tb.vcd" {0 0 0};
    %vpi_call 2 18 "$dumpvars", 32'sb00000000000000000000000000000000, S_000001b714a73fb0 {0 0 0};
    %vpi_call 2 19 "$monitor", "%b %b %b %b %b", v000001b714af1a80_0, v000001b714af1da0_0, v000001b714af1c60_0, v000001b714af2e80_0, v000001b714af1f80_0 {0 0 0};
    %delay 20, 0;
    %vpi_call 2 23 "$display", v000001b714af1a80_0, " ", v000001b714af1da0_0, " ", v000001b714af1c60_0, " ", v000001b714af2e80_0 {0 0 0};
    %delay 20, 0;
    %vpi_call 2 25 "$finish" {0 0 0};
    %end;
    .thread T_7;
# The file index is used to find the file name in the following table.
:file_names 5;
    "N/A";
    "<interactive>";
    "float_adder_tb.v";
    "./float_addercopy.v";
    "./veda_mem.v";
