#! /c/Source/iverilog-install/bin/vvp
:ivl_version "12.0 (devel)" "(s20150603-1539-g2693dd32b)";
:ivl_delay_selection "TYPICAL";
:vpi_time_precision + 0;
:vpi_module "C:\iverilog\lib\ivl\system.vpi";
:vpi_module "C:\iverilog\lib\ivl\vhdl_sys.vpi";
:vpi_module "C:\iverilog\lib\ivl\vhdl_textio.vpi";
:vpi_module "C:\iverilog\lib\ivl\v2005_math.vpi";
:vpi_module "C:\iverilog\lib\ivl\va_math.vpi";
S_0000013cb8536730 .scope module, "decideIns" "decideIns" 2 1;
 .timescale 0 0;
    .port_info 0 /INPUT 32 "ins";
    .port_info 1 /INPUT 1 "clk";
    .port_info 2 /INPUT 6 "PC";
    .port_info 3 /OUTPUT 6 "PCnew";
P_0000013cb871c1a0 .param/l "SIZE" 0 2 2, +C4<00000000000000000000000000100000>;
o0000013cb874af98 .functor BUFZ 6, C4<zzzzzz>; HiZ drive
v0000013cb85368c0_0 .net "PC", 5 0, o0000013cb874af98;  0 drivers
v0000013cb8536960_0 .var "PCnew", 5 0;
o0000013cb874aff8 .functor BUFZ 1, C4<z>; HiZ drive
v0000013cb8536a00_0 .net "clk", 0 0, o0000013cb874aff8;  0 drivers
o0000013cb874b028 .functor BUFZ 32, C4<zzzzzzzzzzzzzzzzzzzzzzzzzzzzzzzz>; HiZ drive
v0000013cb8536aa0_0 .net "ins", 31 0, o0000013cb874b028;  0 drivers
v0000013cb87236d0 .array/s "ram", 0 31, 31 0;
v0000013cb8723770_0 .var "temp", 5 0;
E_0000013cb871b720 .event posedge, v0000013cb8536a00_0;
    .scope S_0000013cb8536730;
T_0 ;
    %pushi/vec4 0, 0, 32;
    %ix/load 4, 0, 0;
    %flag_set/imm 4, 0;
    %store/vec4a v0000013cb87236d0, 4, 0;
    %pushi/vec4 0, 0, 6;
    %store/vec4 v0000013cb8536960_0, 0, 6;
    %load/vec4 v0000013cb85368c0_0;
    %addi 1, 0, 6;
    %store/vec4 v0000013cb8723770_0, 0, 6;
    %pushi/vec4 21, 0, 32;
    %ix/load 4, 16, 0;
    %flag_set/imm 4, 0;
    %store/vec4a v0000013cb87236d0, 4, 0;
    %pushi/vec4 22, 0, 32;
    %ix/load 4, 18, 0;
    %flag_set/imm 4, 0;
    %store/vec4a v0000013cb87236d0, 4, 0;
    %end;
    .thread T_0;
    .scope S_0000013cb8536730;
T_1 ;
    %wait E_0000013cb871b720;
    %load/vec4 v0000013cb8536aa0_0;
    %parti/s 6, 26, 6;
    %dup/vec4;
    %pushi/vec4 0, 0, 6;
    %cmp/u;
    %jmp/1 T_1.0, 6;
    %dup/vec4;
    %pushi/vec4 8, 0, 6;
    %cmp/u;
    %jmp/1 T_1.1, 6;
    %dup/vec4;
    %pushi/vec4 9, 0, 6;
    %cmp/u;
    %jmp/1 T_1.2, 6;
    %dup/vec4;
    %pushi/vec4 12, 0, 6;
    %cmp/u;
    %jmp/1 T_1.3, 6;
    %dup/vec4;
    %pushi/vec4 13, 0, 6;
    %cmp/u;
    %jmp/1 T_1.4, 6;
    %dup/vec4;
    %pushi/vec4 35, 0, 6;
    %cmp/u;
    %jmp/1 T_1.5, 6;
    %dup/vec4;
    %pushi/vec4 43, 0, 6;
    %cmp/u;
    %jmp/1 T_1.6, 6;
    %dup/vec4;
    %pushi/vec4 4, 0, 6;
    %cmp/u;
    %jmp/1 T_1.7, 6;
    %dup/vec4;
    %pushi/vec4 5, 0, 6;
    %cmp/u;
    %jmp/1 T_1.8, 6;
    %dup/vec4;
    %pushi/vec4 7, 0, 6;
    %cmp/u;
    %jmp/1 T_1.9, 6;
    %dup/vec4;
    %pushi/vec4 15, 0, 6;
    %cmp/u;
    %jmp/1 T_1.10, 6;
    %dup/vec4;
    %pushi/vec4 6, 0, 6;
    %cmp/u;
    %jmp/1 T_1.11, 6;
    %dup/vec4;
    %pushi/vec4 31, 0, 6;
    %cmp/u;
    %jmp/1 T_1.12, 6;
    %dup/vec4;
    %pushi/vec4 2, 0, 6;
    %cmp/u;
    %jmp/1 T_1.13, 6;
    %dup/vec4;
    %pushi/vec4 3, 0, 6;
    %cmp/u;
    %jmp/1 T_1.14, 6;
    %dup/vec4;
    %pushi/vec4 10, 0, 6;
    %cmp/u;
    %jmp/1 T_1.15, 6;
    %jmp T_1.16;
T_1.0 ;
    %load/vec4 v0000013cb8536aa0_0;
    %parti/s 6, 0, 2;
    %dup/vec4;
    %pushi/vec4 32, 0, 6;
    %cmp/u;
    %jmp/1 T_1.17, 6;
    %dup/vec4;
    %pushi/vec4 33, 0, 6;
    %cmp/u;
    %jmp/1 T_1.18, 6;
    %dup/vec4;
    %pushi/vec4 34, 0, 6;
    %cmp/u;
    %jmp/1 T_1.19, 6;
    %dup/vec4;
    %pushi/vec4 35, 0, 6;
    %cmp/u;
    %jmp/1 T_1.20, 6;
    %dup/vec4;
    %pushi/vec4 36, 0, 6;
    %cmp/u;
    %jmp/1 T_1.21, 6;
    %dup/vec4;
    %pushi/vec4 37, 0, 6;
    %cmp/u;
    %jmp/1 T_1.22, 6;
    %dup/vec4;
    %pushi/vec4 8, 0, 6;
    %cmp/u;
    %jmp/1 T_1.23, 6;
    %dup/vec4;
    %pushi/vec4 42, 0, 6;
    %cmp/u;
    %jmp/1 T_1.24, 6;
    %dup/vec4;
    %pushi/vec4 0, 0, 6;
    %cmp/u;
    %jmp/1 T_1.25, 6;
    %dup/vec4;
    %pushi/vec4 2, 0, 6;
    %cmp/u;
    %jmp/1 T_1.26, 6;
    %jmp T_1.27;
T_1.17 ;
    %load/vec4 v0000013cb8536aa0_0;
    %parti/s 5, 16, 6;
    %pad/u 7;
    %ix/vec4 4;
    %load/vec4a v0000013cb87236d0, 4;
    %load/vec4 v0000013cb8536aa0_0;
    %parti/s 5, 21, 6;
    %pad/u 7;
    %ix/vec4 4;
    %load/vec4a v0000013cb87236d0, 4;
    %add;
    %load/vec4 v0000013cb8536aa0_0;
    %parti/s 5, 11, 5;
    %pad/u 7;
    %ix/vec4 3;
    %ix/load 4, 0, 0; Constant delay
    %assign/vec4/a/d v0000013cb87236d0, 0, 4;
    %load/vec4 v0000013cb8536aa0_0;
    %parti/s 5, 11, 5;
    %pad/u 7;
    %ix/vec4 4;
    %load/vec4a v0000013cb87236d0, 4;
    %load/vec4 v0000013cb8536aa0_0;
    %parti/s 5, 16, 6;
    %pad/u 7;
    %ix/vec4 4;
    %load/vec4a v0000013cb87236d0, 4;
    %load/vec4 v0000013cb8536aa0_0;
    %parti/s 5, 21, 6;
    %pad/u 7;
    %ix/vec4 4;
    %load/vec4a v0000013cb87236d0, 4;
    %vpi_call 2 23 "$display", "add", S<2,vec4,s32>, S<1,vec4,s32>, S<0,vec4,s32> {3 0 0};
    %jmp T_1.27;
T_1.18 ;
    %vpi_call 2 26 "$display", "addu" {0 0 0};
    %load/vec4 v0000013cb8536aa0_0;
    %parti/s 5, 16, 6;
    %pad/u 7;
    %ix/vec4 4;
    %load/vec4a v0000013cb87236d0, 4;
    %load/vec4 v0000013cb8536aa0_0;
    %parti/s 5, 21, 6;
    %pad/u 7;
    %ix/vec4 4;
    %load/vec4a v0000013cb87236d0, 4;
    %add;
    %load/vec4 v0000013cb8536aa0_0;
    %parti/s 5, 11, 5;
    %pad/u 7;
    %ix/vec4 3;
    %ix/load 4, 0, 0; Constant delay
    %assign/vec4/a/d v0000013cb87236d0, 0, 4;
    %load/vec4 v0000013cb8536aa0_0;
    %parti/s 5, 11, 5;
    %pad/u 7;
    %ix/vec4 4;
    %load/vec4a v0000013cb87236d0, 4;
    %load/vec4 v0000013cb8536aa0_0;
    %parti/s 5, 16, 6;
    %pad/u 7;
    %ix/vec4 4;
    %load/vec4a v0000013cb87236d0, 4;
    %load/vec4 v0000013cb8536aa0_0;
    %parti/s 5, 21, 6;
    %pad/u 7;
    %ix/vec4 4;
    %load/vec4a v0000013cb87236d0, 4;
    %vpi_call 2 28 "$display", S<2,vec4,s32>, S<1,vec4,s32>, S<0,vec4,s32> {3 0 0};
    %jmp T_1.27;
T_1.19 ;
    %vpi_call 2 31 "$display", "sub" {0 0 0};
    %load/vec4 v0000013cb8536aa0_0;
    %parti/s 5, 21, 6;
    %pad/u 7;
    %ix/vec4 4;
    %load/vec4a v0000013cb87236d0, 4;
    %load/vec4 v0000013cb8536aa0_0;
    %parti/s 5, 16, 6;
    %pad/u 7;
    %ix/vec4 4;
    %load/vec4a v0000013cb87236d0, 4;
    %sub;
    %load/vec4 v0000013cb8536aa0_0;
    %parti/s 5, 11, 5;
    %pad/u 7;
    %ix/vec4 3;
    %ix/load 4, 0, 0; Constant delay
    %assign/vec4/a/d v0000013cb87236d0, 0, 4;
    %load/vec4 v0000013cb8536aa0_0;
    %parti/s 5, 11, 5;
    %pad/u 7;
    %ix/vec4 4;
    %load/vec4a v0000013cb87236d0, 4;
    %load/vec4 v0000013cb8536aa0_0;
    %parti/s 5, 16, 6;
    %pad/u 7;
    %ix/vec4 4;
    %load/vec4a v0000013cb87236d0, 4;
    %load/vec4 v0000013cb8536aa0_0;
    %parti/s 5, 21, 6;
    %pad/u 7;
    %ix/vec4 4;
    %load/vec4a v0000013cb87236d0, 4;
    %vpi_call 2 34 "$display", S<2,vec4,s32>, S<1,vec4,s32>, S<0,vec4,s32> {3 0 0};
    %jmp T_1.27;
T_1.20 ;
    %vpi_call 2 37 "$display", "subu" {0 0 0};
    %load/vec4 v0000013cb8536aa0_0;
    %parti/s 5, 21, 6;
    %pad/u 7;
    %ix/vec4 4;
    %load/vec4a v0000013cb87236d0, 4;
    %load/vec4 v0000013cb8536aa0_0;
    %parti/s 5, 16, 6;
    %pad/u 7;
    %ix/vec4 4;
    %load/vec4a v0000013cb87236d0, 4;
    %sub;
    %load/vec4 v0000013cb8536aa0_0;
    %parti/s 5, 11, 5;
    %pad/u 7;
    %ix/vec4 3;
    %ix/load 4, 0, 0; Constant delay
    %assign/vec4/a/d v0000013cb87236d0, 0, 4;
    %load/vec4 v0000013cb8536aa0_0;
    %parti/s 5, 11, 5;
    %pad/u 7;
    %ix/vec4 4;
    %load/vec4a v0000013cb87236d0, 4;
    %load/vec4 v0000013cb8536aa0_0;
    %parti/s 5, 16, 6;
    %pad/u 7;
    %ix/vec4 4;
    %load/vec4a v0000013cb87236d0, 4;
    %load/vec4 v0000013cb8536aa0_0;
    %parti/s 5, 21, 6;
    %pad/u 7;
    %ix/vec4 4;
    %load/vec4a v0000013cb87236d0, 4;
    %vpi_call 2 40 "$display", S<2,vec4,s32>, S<1,vec4,s32>, S<0,vec4,s32> {3 0 0};
    %jmp T_1.27;
T_1.21 ;
    %vpi_call 2 43 "$display", "and" {0 0 0};
    %load/vec4 v0000013cb8536aa0_0;
    %parti/s 5, 16, 6;
    %pad/u 7;
    %ix/vec4 4;
    %load/vec4a v0000013cb87236d0, 4;
    %load/vec4 v0000013cb8536aa0_0;
    %parti/s 5, 21, 6;
    %pad/u 7;
    %ix/vec4 4;
    %load/vec4a v0000013cb87236d0, 4;
    %and;
    %load/vec4 v0000013cb8536aa0_0;
    %parti/s 5, 11, 5;
    %pad/u 7;
    %ix/vec4 3;
    %ix/load 4, 0, 0; Constant delay
    %assign/vec4/a/d v0000013cb87236d0, 0, 4;
    %load/vec4 v0000013cb8536aa0_0;
    %parti/s 5, 11, 5;
    %pad/u 7;
    %ix/vec4 4;
    %load/vec4a v0000013cb87236d0, 4;
    %load/vec4 v0000013cb8536aa0_0;
    %parti/s 5, 16, 6;
    %pad/u 7;
    %ix/vec4 4;
    %load/vec4a v0000013cb87236d0, 4;
    %load/vec4 v0000013cb8536aa0_0;
    %parti/s 5, 21, 6;
    %pad/u 7;
    %ix/vec4 4;
    %load/vec4a v0000013cb87236d0, 4;
    %vpi_call 2 45 "$display", S<2,vec4,s32>, S<1,vec4,s32>, S<0,vec4,s32> {3 0 0};
    %jmp T_1.27;
T_1.22 ;
    %vpi_call 2 48 "$display", "or" {0 0 0};
    %load/vec4 v0000013cb8536aa0_0;
    %parti/s 5, 16, 6;
    %pad/u 7;
    %ix/vec4 4;
    %load/vec4a v0000013cb87236d0, 4;
    %load/vec4 v0000013cb8536aa0_0;
    %parti/s 5, 21, 6;
    %pad/u 7;
    %ix/vec4 4;
    %load/vec4a v0000013cb87236d0, 4;
    %or;
    %load/vec4 v0000013cb8536aa0_0;
    %parti/s 5, 11, 5;
    %pad/u 7;
    %ix/vec4 3;
    %ix/load 4, 0, 0; Constant delay
    %assign/vec4/a/d v0000013cb87236d0, 0, 4;
    %load/vec4 v0000013cb8536aa0_0;
    %parti/s 5, 11, 5;
    %pad/u 7;
    %ix/vec4 4;
    %load/vec4a v0000013cb87236d0, 4;
    %load/vec4 v0000013cb8536aa0_0;
    %parti/s 5, 16, 6;
    %pad/u 7;
    %ix/vec4 4;
    %load/vec4a v0000013cb87236d0, 4;
    %load/vec4 v0000013cb8536aa0_0;
    %parti/s 5, 21, 6;
    %pad/u 7;
    %ix/vec4 4;
    %load/vec4a v0000013cb87236d0, 4;
    %vpi_call 2 50 "$display", S<2,vec4,s32>, S<1,vec4,s32>, S<0,vec4,s32> {3 0 0};
    %jmp T_1.27;
T_1.23 ;
    %vpi_call 2 53 "$display", "jr" {0 0 0};
    %load/vec4 v0000013cb8536aa0_0;
    %parti/s 5, 11, 5;
    %pad/u 7;
    %ix/vec4 4;
    %load/vec4a v0000013cb87236d0, 4;
    %pad/s 6;
    %assign/vec4 v0000013cb8536960_0, 0;
    %load/vec4 v0000013cb8536aa0_0;
    %parti/s 5, 11, 5;
    %pad/u 7;
    %ix/vec4 4;
    %load/vec4a v0000013cb87236d0, 4;
    %load/vec4 v0000013cb8536aa0_0;
    %parti/s 5, 16, 6;
    %pad/u 7;
    %ix/vec4 4;
    %load/vec4a v0000013cb87236d0, 4;
    %load/vec4 v0000013cb8536aa0_0;
    %parti/s 5, 21, 6;
    %pad/u 7;
    %ix/vec4 4;
    %load/vec4a v0000013cb87236d0, 4;
    %vpi_call 2 55 "$display", S<2,vec4,s32>, S<1,vec4,s32>, S<0,vec4,s32>, v0000013cb8536960_0 {3 0 0};
    %jmp T_1.27;
T_1.24 ;
    %vpi_call 2 58 "$display", "slt" {0 0 0};
    %load/vec4 v0000013cb8536aa0_0;
    %parti/s 5, 16, 6;
    %pad/u 7;
    %ix/vec4 4;
    %load/vec4a v0000013cb87236d0, 4;
    %load/vec4 v0000013cb8536aa0_0;
    %parti/s 6, 0, 2;
    %pad/u 7;
    %ix/vec4 4;
    %load/vec4a v0000013cb87236d0, 4;
    %cmp/s;
    %jmp/0xz  T_1.28, 5;
    %pushi/vec4 1, 0, 32;
    %load/vec4 v0000013cb8536aa0_0;
    %parti/s 5, 11, 5;
    %pad/u 7;
    %ix/vec4 3;
    %ix/load 4, 0, 0; Constant delay
    %assign/vec4/a/d v0000013cb87236d0, 0, 4;
    %jmp T_1.29;
T_1.28 ;
    %pushi/vec4 0, 0, 32;
    %load/vec4 v0000013cb8536aa0_0;
    %parti/s 5, 11, 5;
    %pad/u 7;
    %ix/vec4 3;
    %ix/load 4, 0, 0; Constant delay
    %assign/vec4/a/d v0000013cb87236d0, 0, 4;
T_1.29 ;
    %jmp T_1.27;
T_1.25 ;
    %vpi_call 2 66 "$display", "sll" {0 0 0};
    %load/vec4 v0000013cb8536aa0_0;
    %parti/s 5, 16, 6;
    %pad/u 7;
    %ix/vec4 4;
    %load/vec4a v0000013cb87236d0, 4;
    %load/vec4 v0000013cb8536aa0_0;
    %parti/s 10, 6, 4;
    %ix/vec4 4;
    %shiftl 4;
    %load/vec4 v0000013cb8536aa0_0;
    %parti/s 5, 11, 5;
    %pad/u 7;
    %ix/vec4 3;
    %ix/load 4, 0, 0; Constant delay
    %assign/vec4/a/d v0000013cb87236d0, 0, 4;
    %load/vec4 v0000013cb8536aa0_0;
    %parti/s 5, 11, 5;
    %pad/u 7;
    %ix/vec4 4;
    %load/vec4a v0000013cb87236d0, 4;
    %load/vec4 v0000013cb8536aa0_0;
    %parti/s 5, 16, 6;
    %pad/u 7;
    %ix/vec4 4;
    %load/vec4a v0000013cb87236d0, 4;
    %vpi_call 2 68 "$display", S<1,vec4,s32>, S<0,vec4,s32>, &PV<v0000013cb8536aa0_0, 6, 10> {2 0 0};
    %jmp T_1.27;
T_1.26 ;
    %vpi_call 2 71 "$display", "srl" {0 0 0};
    %load/vec4 v0000013cb8536aa0_0;
    %parti/s 5, 16, 6;
    %pad/u 7;
    %ix/vec4 4;
    %load/vec4a v0000013cb87236d0, 4;
    %load/vec4 v0000013cb8536aa0_0;
    %parti/s 10, 6, 4;
    %ix/vec4 4;
    %shiftr 4;
    %load/vec4 v0000013cb8536aa0_0;
    %parti/s 5, 11, 5;
    %pad/u 7;
    %ix/vec4 3;
    %ix/load 4, 0, 0; Constant delay
    %assign/vec4/a/d v0000013cb87236d0, 0, 4;
    %load/vec4 v0000013cb8536aa0_0;
    %parti/s 5, 11, 5;
    %pad/u 7;
    %ix/vec4 4;
    %load/vec4a v0000013cb87236d0, 4;
    %load/vec4 v0000013cb8536aa0_0;
    %parti/s 5, 16, 6;
    %pad/u 7;
    %ix/vec4 4;
    %load/vec4a v0000013cb87236d0, 4;
    %vpi_call 2 73 "$display", S<1,vec4,s32>, S<0,vec4,s32>, &PV<v0000013cb8536aa0_0, 6, 10> {2 0 0};
    %jmp T_1.27;
T_1.27 ;
    %pop/vec4 1;
    %jmp T_1.16;
T_1.1 ;
    %vpi_call 2 78 "$display", "addi" {0 0 0};
    %load/vec4 v0000013cb8536aa0_0;
    %parti/s 5, 16, 6;
    %pad/u 7;
    %ix/vec4 4;
    %load/vec4a v0000013cb87236d0, 4;
    %load/vec4 v0000013cb8536aa0_0;
    %parti/s 16, 0, 2;
    %pad/u 32;
    %add;
    %load/vec4 v0000013cb8536aa0_0;
    %parti/s 5, 11, 5;
    %pad/u 7;
    %ix/vec4 3;
    %ix/load 4, 0, 0; Constant delay
    %assign/vec4/a/d v0000013cb87236d0, 0, 4;
    %load/vec4 v0000013cb8536aa0_0;
    %parti/s 5, 11, 5;
    %pad/u 7;
    %ix/vec4 4;
    %load/vec4a v0000013cb87236d0, 4;
    %load/vec4 v0000013cb8536aa0_0;
    %parti/s 5, 16, 6;
    %pad/u 7;
    %ix/vec4 4;
    %load/vec4a v0000013cb87236d0, 4;
    %vpi_call 2 80 "$display", S<1,vec4,s32>, S<0,vec4,s32>, &PV<v0000013cb8536aa0_0, 0, 16> {2 0 0};
    %jmp T_1.16;
T_1.2 ;
    %vpi_call 2 84 "$display", "addiu" {0 0 0};
    %load/vec4 v0000013cb8536aa0_0;
    %parti/s 5, 16, 6;
    %pad/u 7;
    %ix/vec4 4;
    %load/vec4a v0000013cb87236d0, 4;
    %load/vec4 v0000013cb8536aa0_0;
    %parti/s 16, 0, 2;
    %pad/u 32;
    %add;
    %load/vec4 v0000013cb8536aa0_0;
    %parti/s 5, 11, 5;
    %pad/u 7;
    %ix/vec4 3;
    %ix/load 4, 0, 0; Constant delay
    %assign/vec4/a/d v0000013cb87236d0, 0, 4;
    %load/vec4 v0000013cb8536aa0_0;
    %parti/s 5, 11, 5;
    %pad/u 7;
    %ix/vec4 4;
    %load/vec4a v0000013cb87236d0, 4;
    %load/vec4 v0000013cb8536aa0_0;
    %parti/s 5, 16, 6;
    %pad/u 7;
    %ix/vec4 4;
    %load/vec4a v0000013cb87236d0, 4;
    %vpi_call 2 86 "$display", S<1,vec4,s32>, S<0,vec4,s32>, &PV<v0000013cb8536aa0_0, 0, 16> {2 0 0};
    %jmp T_1.16;
T_1.3 ;
    %vpi_call 2 90 "$display", "andi" {0 0 0};
    %load/vec4 v0000013cb8536aa0_0;
    %parti/s 5, 16, 6;
    %pad/u 7;
    %ix/vec4 4;
    %load/vec4a v0000013cb87236d0, 4;
    %load/vec4 v0000013cb8536aa0_0;
    %parti/s 16, 0, 2;
    %pad/u 32;
    %and;
    %load/vec4 v0000013cb8536aa0_0;
    %parti/s 5, 11, 5;
    %pad/u 7;
    %ix/vec4 3;
    %ix/load 4, 0, 0; Constant delay
    %assign/vec4/a/d v0000013cb87236d0, 0, 4;
    %load/vec4 v0000013cb8536aa0_0;
    %parti/s 5, 11, 5;
    %pad/u 7;
    %ix/vec4 4;
    %load/vec4a v0000013cb87236d0, 4;
    %load/vec4 v0000013cb8536aa0_0;
    %parti/s 5, 16, 6;
    %pad/u 7;
    %ix/vec4 4;
    %load/vec4a v0000013cb87236d0, 4;
    %vpi_call 2 92 "$display", S<1,vec4,s32>, S<0,vec4,s32>, &PV<v0000013cb8536aa0_0, 0, 16> {2 0 0};
    %jmp T_1.16;
T_1.4 ;
    %vpi_call 2 96 "$display", "ori" {0 0 0};
    %load/vec4 v0000013cb8536aa0_0;
    %parti/s 5, 16, 6;
    %pad/u 7;
    %ix/vec4 4;
    %load/vec4a v0000013cb87236d0, 4;
    %load/vec4 v0000013cb8536aa0_0;
    %parti/s 16, 0, 2;
    %pad/u 32;
    %or;
    %load/vec4 v0000013cb8536aa0_0;
    %parti/s 5, 11, 5;
    %pad/u 7;
    %ix/vec4 3;
    %ix/load 4, 0, 0; Constant delay
    %assign/vec4/a/d v0000013cb87236d0, 0, 4;
    %load/vec4 v0000013cb8536aa0_0;
    %parti/s 5, 11, 5;
    %pad/u 7;
    %ix/vec4 4;
    %load/vec4a v0000013cb87236d0, 4;
    %load/vec4 v0000013cb8536aa0_0;
    %parti/s 5, 16, 6;
    %pad/u 7;
    %ix/vec4 4;
    %load/vec4a v0000013cb87236d0, 4;
    %vpi_call 2 98 "$display", S<1,vec4,s32>, S<0,vec4,s32>, &PV<v0000013cb8536aa0_0, 0, 16> {2 0 0};
    %jmp T_1.16;
T_1.5 ;
    %vpi_call 2 102 "$display", "lw" {0 0 0};
    %load/vec4 v0000013cb8536aa0_0;
    %parti/s 21, 0, 2;
    %ix/vec4 4;
    %load/vec4a v0000013cb87236d0, 4;
    %load/vec4 v0000013cb8536aa0_0;
    %parti/s 5, 11, 5;
    %pad/u 7;
    %ix/vec4 3;
    %ix/load 4, 0, 0; Constant delay
    %assign/vec4/a/d v0000013cb87236d0, 0, 4;
    %load/vec4 v0000013cb8536aa0_0;
    %parti/s 5, 11, 5;
    %pad/u 7;
    %ix/vec4 4;
    %load/vec4a v0000013cb87236d0, 4;
    %vpi_call 2 104 "$display", S<0,vec4,s32>, &A<v0000013cb87236d0, &PV<v0000013cb8536aa0_0, 0, 21> > {1 0 0};
    %jmp T_1.16;
T_1.6 ;
    %vpi_call 2 107 "$display", "sw" {0 0 0};
    %load/vec4 v0000013cb8536aa0_0;
    %parti/s 5, 11, 5;
    %pad/u 7;
    %ix/vec4 4;
    %load/vec4a v0000013cb87236d0, 4;
    %load/vec4 v0000013cb8536aa0_0;
    %parti/s 21, 0, 2;
    %ix/vec4 3;
    %ix/load 4, 0, 0; Constant delay
    %assign/vec4/a/d v0000013cb87236d0, 0, 4;
    %load/vec4 v0000013cb8536aa0_0;
    %parti/s 5, 11, 5;
    %pad/u 7;
    %ix/vec4 4;
    %load/vec4a v0000013cb87236d0, 4;
    %vpi_call 2 109 "$display", S<0,vec4,s32>, &A<v0000013cb87236d0, &PV<v0000013cb8536aa0_0, 0, 21> > {1 0 0};
    %jmp T_1.16;
T_1.7 ;
    %vpi_call 2 113 "$display", "beq" {0 0 0};
    %load/vec4 v0000013cb8536aa0_0;
    %parti/s 5, 11, 5;
    %pad/u 7;
    %ix/vec4 4;
    %load/vec4a v0000013cb87236d0, 4;
    %load/vec4 v0000013cb8536aa0_0;
    %parti/s 5, 16, 6;
    %pad/u 7;
    %ix/vec4 4;
    %load/vec4a v0000013cb87236d0, 4;
    %cmp/e;
    %jmp/0xz  T_1.30, 4;
    %load/vec4 v0000013cb85368c0_0;
    %load/vec4 v0000013cb8536aa0_0;
    %parti/s 6, 0, 2;
    %add;
    %addi 1, 0, 6;
    %store/vec4 v0000013cb8536960_0, 0, 6;
T_1.30 ;
    %vpi_call 2 115 "$display", v0000013cb8536960_0 {0 0 0};
    %jmp T_1.16;
T_1.8 ;
    %vpi_call 2 118 "$display", "bne" {0 0 0};
    %load/vec4 v0000013cb8536aa0_0;
    %parti/s 5, 11, 5;
    %pad/u 7;
    %ix/vec4 4;
    %load/vec4a v0000013cb87236d0, 4;
    %load/vec4 v0000013cb8536aa0_0;
    %parti/s 5, 16, 6;
    %pad/u 7;
    %ix/vec4 4;
    %load/vec4a v0000013cb87236d0, 4;
    %cmp/ne;
    %jmp/0xz  T_1.32, 4;
    %load/vec4 v0000013cb85368c0_0;
    %load/vec4 v0000013cb8536aa0_0;
    %parti/s 6, 0, 2;
    %add;
    %addi 1, 0, 6;
    %store/vec4 v0000013cb8536960_0, 0, 6;
T_1.32 ;
    %vpi_call 2 120 "$display", v0000013cb8536960_0 {0 0 0};
    %jmp T_1.16;
T_1.9 ;
    %vpi_call 2 123 "$display", "bgt" {0 0 0};
    %load/vec4 v0000013cb8536aa0_0;
    %parti/s 5, 16, 6;
    %pad/u 7;
    %ix/vec4 4;
    %load/vec4a v0000013cb87236d0, 4;
    %load/vec4 v0000013cb8536aa0_0;
    %parti/s 5, 11, 5;
    %pad/u 7;
    %ix/vec4 4;
    %load/vec4a v0000013cb87236d0, 4;
    %cmp/s;
    %jmp/0xz  T_1.34, 5;
    %load/vec4 v0000013cb85368c0_0;
    %load/vec4 v0000013cb8536aa0_0;
    %parti/s 6, 0, 2;
    %add;
    %addi 1, 0, 6;
    %store/vec4 v0000013cb8536960_0, 0, 6;
T_1.34 ;
    %vpi_call 2 125 "$display", v0000013cb8536960_0 {0 0 0};
    %jmp T_1.16;
T_1.10 ;
    %vpi_call 2 128 "$display", "bgte" {0 0 0};
    %load/vec4 v0000013cb8536aa0_0;
    %parti/s 5, 16, 6;
    %pad/u 7;
    %ix/vec4 4;
    %load/vec4a v0000013cb87236d0, 4;
    %load/vec4 v0000013cb8536aa0_0;
    %parti/s 5, 11, 5;
    %pad/u 7;
    %ix/vec4 4;
    %load/vec4a v0000013cb87236d0, 4;
    %cmp/s;
    %flag_or 5, 4;
    %jmp/0xz  T_1.36, 5;
    %load/vec4 v0000013cb85368c0_0;
    %load/vec4 v0000013cb8536aa0_0;
    %parti/s 6, 0, 2;
    %add;
    %addi 1, 0, 6;
    %store/vec4 v0000013cb8536960_0, 0, 6;
T_1.36 ;
    %vpi_call 2 130 "$display", v0000013cb8536960_0 {0 0 0};
    %jmp T_1.16;
T_1.11 ;
    %vpi_call 2 133 "$display", "ble" {0 0 0};
    %load/vec4 v0000013cb8536aa0_0;
    %parti/s 5, 11, 5;
    %pad/u 7;
    %ix/vec4 4;
    %load/vec4a v0000013cb87236d0, 4;
    %load/vec4 v0000013cb8536aa0_0;
    %parti/s 5, 16, 6;
    %pad/u 7;
    %ix/vec4 4;
    %load/vec4a v0000013cb87236d0, 4;
    %cmp/s;
    %jmp/0xz  T_1.38, 5;
    %load/vec4 v0000013cb85368c0_0;
    %load/vec4 v0000013cb8536aa0_0;
    %parti/s 6, 0, 2;
    %add;
    %addi 1, 0, 6;
    %store/vec4 v0000013cb8536960_0, 0, 6;
T_1.38 ;
    %vpi_call 2 135 "$display", v0000013cb8536960_0 {0 0 0};
    %jmp T_1.16;
T_1.12 ;
    %vpi_call 2 138 "$display", "bleq" {0 0 0};
    %load/vec4 v0000013cb8536aa0_0;
    %parti/s 5, 11, 5;
    %pad/u 7;
    %ix/vec4 4;
    %load/vec4a v0000013cb87236d0, 4;
    %load/vec4 v0000013cb8536aa0_0;
    %parti/s 5, 16, 6;
    %pad/u 7;
    %ix/vec4 4;
    %load/vec4a v0000013cb87236d0, 4;
    %cmp/s;
    %flag_or 5, 4;
    %jmp/0xz  T_1.40, 5;
    %load/vec4 v0000013cb85368c0_0;
    %load/vec4 v0000013cb8536aa0_0;
    %parti/s 6, 0, 2;
    %add;
    %addi 1, 0, 6;
    %store/vec4 v0000013cb8536960_0, 0, 6;
T_1.40 ;
    %vpi_call 2 140 "$display", v0000013cb8536960_0 {0 0 0};
    %jmp T_1.16;
T_1.13 ;
    %vpi_call 2 143 "$display", "j" {0 0 0};
    %load/vec4 v0000013cb8536aa0_0;
    %parti/s 6, 0, 2;
    %assign/vec4 v0000013cb8536960_0, 0;
    %vpi_call 2 145 "$display", v0000013cb8536960_0 {0 0 0};
    %jmp T_1.16;
T_1.14 ;
    %vpi_call 2 148 "$display", "jal" {0 0 0};
    %load/vec4 v0000013cb8536aa0_0;
    %parti/s 6, 0, 2;
    %assign/vec4 v0000013cb8536960_0, 0;
    %pushi/vec4 0, 0, 26;
    %load/vec4 v0000013cb8723770_0;
    %concat/vec4; draw_concat_vec4
    %ix/load 3, 31, 0;
    %flag_set/imm 4, 0;
    %ix/load 4, 0, 0; Constant delay
    %assign/vec4/a/d v0000013cb87236d0, 0, 4;
    %vpi_call 2 151 "$display", v0000013cb8536960_0 {0 0 0};
    %jmp T_1.16;
T_1.15 ;
    %vpi_call 2 154 "$display", "slti" {0 0 0};
    %load/vec4 v0000013cb8536aa0_0;
    %parti/s 5, 16, 6;
    %pad/u 7;
    %ix/vec4 4;
    %load/vec4a v0000013cb87236d0, 4;
    %load/vec4 v0000013cb8536aa0_0;
    %parti/s 6, 0, 2;
    %pad/u 32;
    %cmp/u;
    %jmp/0xz  T_1.42, 5;
    %pushi/vec4 1, 0, 32;
    %load/vec4 v0000013cb8536aa0_0;
    %parti/s 5, 11, 5;
    %pad/u 7;
    %ix/vec4 3;
    %ix/load 4, 0, 0; Constant delay
    %assign/vec4/a/d v0000013cb87236d0, 0, 4;
    %jmp T_1.43;
T_1.42 ;
    %pushi/vec4 0, 0, 32;
    %load/vec4 v0000013cb8536aa0_0;
    %parti/s 5, 11, 5;
    %pad/u 7;
    %ix/vec4 3;
    %ix/load 4, 0, 0; Constant delay
    %assign/vec4/a/d v0000013cb87236d0, 0, 4;
T_1.43 ;
    %jmp T_1.16;
T_1.16 ;
    %pop/vec4 1;
    %jmp T_1;
    .thread T_1;
# The file index is used to find the file name in the following table.
:file_names 3;
    "N/A";
    "<interactive>";
    "decideIns.v";
