#! /c/Source/iverilog-install/bin/vvp
:ivl_version "12.0 (devel)" "(s20150603-1539-g2693dd32b)";
:ivl_delay_selection "TYPICAL";
:vpi_time_precision + 0;
:vpi_module "C:\iverilog\lib\ivl\system.vpi";
:vpi_module "C:\iverilog\lib\ivl\vhdl_sys.vpi";
:vpi_module "C:\iverilog\lib\ivl\vhdl_textio.vpi";
:vpi_module "C:\iverilog\lib\ivl\v2005_math.vpi";
:vpi_module "C:\iverilog\lib\ivl\va_math.vpi";
S_000001f68c50e3b0 .scope module, "async_counter_tb" "async_counter_tb" 2 3;
 .timescale 0 0;
v000001f68c468e90_0 .var "clk", 0 0;
v000001f68c4685d0_0 .net "q", 3 0, L_000001f68c467c70;  1 drivers
v000001f68c4682b0_0 .var "reset", 0 0;
S_000001f68c50e540 .scope module, "uut" "async_counter" 2 7, 3 5 0, S_000001f68c50e3b0;
 .timescale 0 0;
    .port_info 0 /INPUT 1 "clk";
    .port_info 1 /OUTPUT 4 "q";
    .port_info 2 /INPUT 1 "reset";
v000001f68c468cb0_0 .net "clk", 0 0, v000001f68c468e90_0;  1 drivers
v000001f68c468030_0 .net "q", 3 0, L_000001f68c467c70;  alias, 1 drivers
v000001f68c468670_0 .net "reset", 0 0, v000001f68c4682b0_0;  1 drivers
L_000001f68c468d50 .part L_000001f68c467c70, 0, 1;
L_000001f68c469610 .part L_000001f68c467c70, 1, 1;
L_000001f68c467c70 .concat8 [ 1 1 1 1], v000001f68c468c10_0, v000001f68c40c880_0, v000001f68c40d0a0_0, v000001f68c40d3c0_0;
L_000001f68c467ef0 .part L_000001f68c467c70, 2, 1;
S_000001f68c50d040 .scope module, "tff2" "TFF" 3 23, 4 3 0, S_000001f68c50e540;
 .timescale 0 0;
    .port_info 0 /OUTPUT 1 "q";
    .port_info 1 /INPUT 1 "clk";
    .port_info 2 /INPUT 1 "reset";
L_000001f68c40beb0 .functor NOT 1, v000001f68c40c880_0, C4<0>, C4<0>, C4<0>;
v000001f68c40ce20_0 .net "clk", 0 0, L_000001f68c468d50;  1 drivers
L_000001f68c4718d0 .functor BUFT 1, C4<0>, C4<0>, C4<0>, C4<0>;
RS_000001f68c41b008 .resolv tri, L_000001f68c4718d0, L_000001f68c40beb0;
v000001f68c40cec0_0 .net8 "d", 0 0, RS_000001f68c41b008;  2 drivers
v000001f68c40d1e0_0 .net "q", 0 0, v000001f68c40c880_0;  1 drivers
v000001f68c40d000_0 .net "reset", 0 0, v000001f68c4682b0_0;  alias, 1 drivers
S_000001f68c50d1d0 .scope module, "dff1" "DFF" 4 8, 5 1 0, S_000001f68c50d040;
 .timescale 0 0;
    .port_info 0 /OUTPUT 1 "q";
    .port_info 1 /INPUT 1 "d";
    .port_info 2 /INPUT 1 "clk";
    .port_info 3 /INPUT 1 "reset";
v000001f68c40d280_0 .net "clk", 0 0, L_000001f68c468d50;  alias, 1 drivers
v000001f68c40c920_0 .net8 "d", 0 0, RS_000001f68c41b008;  alias, 2 drivers
v000001f68c40c880_0 .var "q", 0 0;
v000001f68c40cce0_0 .net "reset", 0 0, v000001f68c4682b0_0;  alias, 1 drivers
E_000001f68c409650 .event posedge, v000001f68c40d280_0;
S_000001f68c5067d0 .scope module, "tff3" "TFF" 3 24, 4 3 0, S_000001f68c50e540;
 .timescale 0 0;
    .port_info 0 /OUTPUT 1 "q";
    .port_info 1 /INPUT 1 "clk";
    .port_info 2 /INPUT 1 "reset";
L_000001f68c40c230 .functor NOT 1, v000001f68c40d0a0_0, C4<0>, C4<0>, C4<0>;
v000001f68c40c9c0_0 .net "clk", 0 0, L_000001f68c469610;  1 drivers
L_000001f68c471918 .functor BUFT 1, C4<0>, C4<0>, C4<0>, C4<0>;
RS_000001f68c41b218 .resolv tri, L_000001f68c471918, L_000001f68c40c230;
v000001f68c40d6e0_0 .net8 "d", 0 0, RS_000001f68c41b218;  2 drivers
v000001f68c40ca60_0 .net "q", 0 0, v000001f68c40d0a0_0;  1 drivers
v000001f68c40cc40_0 .net "reset", 0 0, v000001f68c4682b0_0;  alias, 1 drivers
S_000001f68c506960 .scope module, "dff1" "DFF" 4 8, 5 1 0, S_000001f68c5067d0;
 .timescale 0 0;
    .port_info 0 /OUTPUT 1 "q";
    .port_info 1 /INPUT 1 "d";
    .port_info 2 /INPUT 1 "clk";
    .port_info 3 /INPUT 1 "reset";
v000001f68c40cf60_0 .net "clk", 0 0, L_000001f68c469610;  alias, 1 drivers
v000001f68c40cd80_0 .net8 "d", 0 0, RS_000001f68c41b218;  alias, 2 drivers
v000001f68c40d0a0_0 .var "q", 0 0;
v000001f68c40d140_0 .net "reset", 0 0, v000001f68c4682b0_0;  alias, 1 drivers
E_000001f68c408950 .event posedge, v000001f68c40cf60_0;
S_000001f68c412e90 .scope module, "tff4" "TFF" 3 25, 4 3 0, S_000001f68c50e540;
 .timescale 0 0;
    .port_info 0 /OUTPUT 1 "q";
    .port_info 1 /INPUT 1 "clk";
    .port_info 2 /INPUT 1 "reset";
L_000001f68c40bc80 .functor NOT 1, v000001f68c40d3c0_0, C4<0>, C4<0>, C4<0>;
v000001f68c40d500_0 .net "clk", 0 0, L_000001f68c467ef0;  1 drivers
L_000001f68c471960 .functor BUFT 1, C4<0>, C4<0>, C4<0>, C4<0>;
RS_000001f68c41b3f8 .resolv tri, L_000001f68c471960, L_000001f68c40bc80;
v000001f68c40d640_0 .net8 "d", 0 0, RS_000001f68c41b3f8;  2 drivers
v000001f68c40d780_0 .net "q", 0 0, v000001f68c40d3c0_0;  1 drivers
v000001f68c40cba0_0 .net "reset", 0 0, v000001f68c4682b0_0;  alias, 1 drivers
S_000001f68c413020 .scope module, "dff1" "DFF" 4 8, 5 1 0, S_000001f68c412e90;
 .timescale 0 0;
    .port_info 0 /OUTPUT 1 "q";
    .port_info 1 /INPUT 1 "d";
    .port_info 2 /INPUT 1 "clk";
    .port_info 3 /INPUT 1 "reset";
v000001f68c40d5a0_0 .net "clk", 0 0, L_000001f68c467ef0;  alias, 1 drivers
v000001f68c40d320_0 .net8 "d", 0 0, RS_000001f68c41b3f8;  alias, 2 drivers
v000001f68c40d3c0_0 .var "q", 0 0;
v000001f68c40cb00_0 .net "reset", 0 0, v000001f68c4682b0_0;  alias, 1 drivers
E_000001f68c4095d0 .event posedge, v000001f68c40d5a0_0;
S_000001f68c4139c0 .scope module, "uut" "TFF" 3 22, 4 3 0, S_000001f68c50e540;
 .timescale 0 0;
    .port_info 0 /OUTPUT 1 "q";
    .port_info 1 /INPUT 1 "clk";
    .port_info 2 /INPUT 1 "reset";
L_000001f68c40bf20 .functor NOT 1, v000001f68c468c10_0, C4<0>, C4<0>, C4<0>;
v000001f68c467950_0 .net "clk", 0 0, v000001f68c468e90_0;  alias, 1 drivers
L_000001f68c471888 .functor BUFT 1, C4<0>, C4<0>, C4<0>, C4<0>;
RS_000001f68c41b5d8 .resolv tri, L_000001f68c471888, L_000001f68c40bf20;
v000001f68c467d10_0 .net8 "d", 0 0, RS_000001f68c41b5d8;  2 drivers
v000001f68c468710_0 .net "q", 0 0, v000001f68c468c10_0;  1 drivers
v000001f68c4688f0_0 .net "reset", 0 0, v000001f68c4682b0_0;  alias, 1 drivers
S_000001f68c413b50 .scope module, "dff1" "DFF" 4 8, 5 1 0, S_000001f68c4139c0;
 .timescale 0 0;
    .port_info 0 /OUTPUT 1 "q";
    .port_info 1 /INPUT 1 "d";
    .port_info 2 /INPUT 1 "clk";
    .port_info 3 /INPUT 1 "reset";
v000001f68c468b70_0 .net "clk", 0 0, v000001f68c468e90_0;  alias, 1 drivers
v000001f68c469570_0 .net8 "d", 0 0, RS_000001f68c41b5d8;  alias, 2 drivers
v000001f68c468c10_0 .var "q", 0 0;
v000001f68c4694d0_0 .net "reset", 0 0, v000001f68c4682b0_0;  alias, 1 drivers
E_000001f68c408e50 .event posedge, v000001f68c468b70_0;
    .scope S_000001f68c413b50;
T_0 ;
    %wait E_000001f68c408e50;
    %load/vec4 v000001f68c4694d0_0;
    %flag_set/vec4 8;
    %jmp/0xz  T_0.0, 8;
    %pushi/vec4 0, 0, 1;
    %assign/vec4 v000001f68c468c10_0, 0;
    %jmp T_0.1;
T_0.0 ;
    %load/vec4 v000001f68c469570_0;
    %assign/vec4 v000001f68c468c10_0, 0;
T_0.1 ;
    %jmp T_0;
    .thread T_0;
    .scope S_000001f68c50d1d0;
T_1 ;
    %wait E_000001f68c409650;
    %load/vec4 v000001f68c40cce0_0;
    %flag_set/vec4 8;
    %jmp/0xz  T_1.0, 8;
    %pushi/vec4 0, 0, 1;
    %assign/vec4 v000001f68c40c880_0, 0;
    %jmp T_1.1;
T_1.0 ;
    %load/vec4 v000001f68c40c920_0;
    %assign/vec4 v000001f68c40c880_0, 0;
T_1.1 ;
    %jmp T_1;
    .thread T_1;
    .scope S_000001f68c506960;
T_2 ;
    %wait E_000001f68c408950;
    %load/vec4 v000001f68c40d140_0;
    %flag_set/vec4 8;
    %jmp/0xz  T_2.0, 8;
    %pushi/vec4 0, 0, 1;
    %assign/vec4 v000001f68c40d0a0_0, 0;
    %jmp T_2.1;
T_2.0 ;
    %load/vec4 v000001f68c40cd80_0;
    %assign/vec4 v000001f68c40d0a0_0, 0;
T_2.1 ;
    %jmp T_2;
    .thread T_2;
    .scope S_000001f68c413020;
T_3 ;
    %wait E_000001f68c4095d0;
    %load/vec4 v000001f68c40cb00_0;
    %flag_set/vec4 8;
    %jmp/0xz  T_3.0, 8;
    %pushi/vec4 0, 0, 1;
    %assign/vec4 v000001f68c40d3c0_0, 0;
    %jmp T_3.1;
T_3.0 ;
    %load/vec4 v000001f68c40d320_0;
    %assign/vec4 v000001f68c40d3c0_0, 0;
T_3.1 ;
    %jmp T_3;
    .thread T_3;
    .scope S_000001f68c50e3b0;
T_4 ;
T_4.0 ;
    %delay 10, 0;
    %load/vec4 v000001f68c468e90_0;
    %inv;
    %store/vec4 v000001f68c468e90_0, 0, 1;
    %jmp T_4.0;
    %end;
    .thread T_4;
    .scope S_000001f68c50e3b0;
T_5 ;
    %vpi_call 2 10 "$dumpfile", "async_counter_tb.vcd" {0 0 0};
    %vpi_call 2 11 "$dumpvars", 32'sb00000000000000000000000000000000, S_000001f68c50e3b0 {0 0 0};
    %pushi/vec4 0, 0, 1;
    %store/vec4 v000001f68c4682b0_0, 0, 1;
    %delay 10, 0;
    %pushi/vec4 0, 0, 1;
    %store/vec4 v000001f68c468e90_0, 0, 1;
    %delay 10, 0;
    %pushi/vec4 1, 0, 1;
    %store/vec4 v000001f68c4682b0_0, 0, 1;
    %delay 10, 0;
    %pushi/vec4 1, 0, 1;
    %store/vec4 v000001f68c468e90_0, 0, 1;
    %delay 10, 0;
    %pushi/vec4 1, 0, 1;
    %store/vec4 v000001f68c4682b0_0, 0, 1;
    %delay 10, 0;
    %pushi/vec4 0, 0, 1;
    %store/vec4 v000001f68c468e90_0, 0, 1;
    %delay 10, 0;
    %pushi/vec4 0, 0, 1;
    %store/vec4 v000001f68c4682b0_0, 0, 1;
    %delay 10, 0;
    %pushi/vec4 1, 0, 1;
    %store/vec4 v000001f68c468e90_0, 0, 1;
    %delay 10, 0;
    %vpi_call 2 20 "$finish" {0 0 0};
    %vpi_call 2 21 "$monitor", v000001f68c4685d0_0 {0 0 0};
    %end;
    .thread T_5;
# The file index is used to find the file name in the following table.
:file_names 6;
    "N/A";
    "<interactive>";
    "async_counter_tb.v";
    "./async_counter.v";
    "./TFF.v";
    "./DFF.v";
